<?xml version="1.0" encoding="utf-8"?><testsuites><testsuite errors="0" failures="0" hostname="PC70601" name="pytest" skipped="0" tests="6" time="2.621" timestamp="2019-11-28T04:07:29.385494"><testcase classname="tests.test_platform" file="tests\test_platform.py" line="5" name="test_64bit" time="0.000"></testcase><testcase classname="tests.test_platform" file="tests\test_platform.py" line="10" name="test_python_version" time="0.000"></testcase><testcase classname="package.tests.test_bootstrap_dashboard" file="package\tests\test_bootstrap_dashboard.py" line="30" name="test_app" time="0.016"></testcase><testcase classname="package.tests.test_browserurl" file="package\tests\test_browserurl.py" line="16" name="test_url" time="0.000"></testcase><testcase classname="package.tests.test_browserurl" file="package\tests\test_browserurl.py" line="28" name="test_pn_url" time="0.016"></testcase><testcase classname="package.tests.test_navigator" file="package\tests\test_navigator.py" line="5" name="test_pn_navigation" time="0.014"></testcase></testsuite></testsuites>