<?xml version="1.0" encoding="utf-8"?><testsuites><testsuite errors="0" failures="6" hostname="PC81978" name="pytest" skipped="3" tests="241" time="18.531" timestamp="2020-06-05T08:39:18.646162"><testcase classname="tests.test_platform" file="tests\test_platform.py" line="5" name="test_64bit" time="0.000"></testcase><testcase classname="tests.test_platform" file="tests\test_platform.py" line="10" name="test_python_version" time="0.001"></testcase><testcase classname="tests.application.detr.test_detr" file="tests\application\detr\test_detr.py" line="5" name="test_constructor" time="2.180"></testcase><testcase classname="tests.application.detr.test_detr" file="tests\application\detr\test_detr.py" line="9" name="test_can_update_url" time="3.237"></testcase><testcase classname="tests.application.detr.test_detr" file="tests\application\detr\test_detr.py" line="20" name="test_can_run_detr" time="3.157"></testcase><testcase classname="tests.package.test_core_services" file="tests\package\test_core_services.py" line="5" name="test_module_to_github_url" time="0.001"></testcase><testcase classname="tests.package.pages.test_gallery" file="tests\package\pages\test_gallery.py" line="14" name="test_gallery" time="0.004"></testcase><testcase classname="tests.package.pages.test_gallery_button" file="tests\package\pages\test_gallery_button.py" line="11" name="test_gallery_button" time="0.000"><skipped message="" type="pytest.xfail"></skipped></testcase><testcase classname="tests.package.pages.test_pages" file="tests\package\pages\test_pages.py" line="10" name="test_home" time="0.003"></testcase><testcase classname="tests.package.pages.test_pages" file="tests\package\pages\test_pages.py" line="18" name="test_resources" time="0.002"></testcase><testcase classname="tests.package.pages.test_yahooquery_app" file="tests\package\pages\test_yahooquery_app.py" line="5" name="test_base__page__data_balance_sheet_quarterly" time="0.513"></testcase><testcase classname="tests.package.pages.training_analysis.models.test_athlete" file="tests\package\pages\training_analysis\models\test_athlete.py" line="5" name="test_constructor" time="0.001"></testcase><testcase classname="tests.package.pages.training_analysis.models.test_performance_curve" file="tests\package\pages\training_analysis\models\test_performance_curve.py" line="6" name="test_constructor" time="0.001"></testcase><testcase classname="tests.package.pages.training_analysis.plots.test_activity_plots" file="tests\package\pages\training_analysis\plots\test_activity_plots.py" line="7" name="test_activity_data_plots_none" time="0.001"></testcase><testcase classname="tests.package.pages.training_analysis.plots.test_activity_plots" file="tests\package\pages\training_analysis\plots\test_activity_plots.py" line="12" name="test_activity_data_plots_empty" time="0.001"></testcase><testcase classname="tests.package.pages.training_analysis.plots.test_activity_plots" file="tests\package\pages\training_analysis\plots\test_activity_plots.py" line="17" name="test_map_plot_none" time="0.001"></testcase><testcase classname="tests.package.pages.training_analysis.plots.test_activity_plots" file="tests\package\pages\training_analysis\plots\test_activity_plots.py" line="22" name="test_map_plot_empty" time="0.001"></testcase><testcase classname="tests.package.pages.training_analysis.services.test_fit_file_service" file="tests\package\pages\training_analysis\services\test_fit_file_service.py" line="11" name="test__convert_units" time="0.009"></testcase><testcase classname="tests.package.pages.training_analysis.services.test_fit_file_service" file="tests\package\pages\training_analysis\services\test_fit_file_service.py" line="42" name="test_parse_fit_file" time="0.965"></testcase><testcase classname="tests.package.pages.training_analysis.views.test_activity_view" file="tests\package\pages\training_analysis\views\test_activity_view.py" line="9" name="test_activity_view" time="0.005"></testcase><testcase classname="tests.package.pages.training_analysis.views.test_athlete_view" file="tests\package\pages\training_analysis\views\test_athlete_view.py" line="9" name="test_athlete_edit_view" time="0.005"></testcase><testcase classname="tests.package.pages.training_analysis.views.test_performance_curve_view" file="tests\package\pages\training_analysis\views\test_performance_curve_view.py" line="11" name="test_performance_curve_update_view" time="0.042"></testcase><testcase classname="package.tests.test_bootstrap_dashboard" file="package\tests\test_bootstrap_dashboard.py" line="6" name="test_app_attributes" time="0.010"></testcase><testcase classname="package.tests.test_bootstrap_dashboard" file="package\tests\test_bootstrap_dashboard.py" line="19" name="test_app_with_content" time="0.013"></testcase><testcase classname="package.tests.test_browserurl" file="package\tests\test_browserurl.py" line="18" name="test_url" time="0.001"></testcase><testcase classname="package.tests.test_browserurl" file="package\tests\test_browserurl.py" line="31" name="test_pn_url" time="0.005"></testcase><testcase classname="package.tests.test_dataframe" file="package\tests\test_dataframe.py" line="7" name="test_get_default_formatters" time="0.003"></testcase><testcase classname="package.tests.test_dataframe" file="package\tests\test_dataframe.py" line="31" name="test_get_default_formatters_multi_level_index" time="0.003"></testcase><testcase classname="package.tests.test_fontawesome" file="package\tests\test_fontawesome.py" line="11" name="test_get_fontawesome_panel_express_css" time="0.290"></testcase><testcase classname="package.tests.test_fontawesome" file="package\tests\test_fontawesome.py" line="24" name="test__to_fontawesome_panel_express_css[.fa-bus:before{content:&quot;\\f207&quot;}.fa-bus-alt:before{content:&quot;\\f55e&quot;}-div.bk.pa-bus div.bk *::before{content:&quot;\\f207&quot;}\ndiv.bk.pa-bus-alt div.bk *::before{content:&quot;\\f55e&quot;}]" time="0.000"></testcase><testcase classname="package.tests.test_navigation" file="package\tests\test_navigation.py" line="7" name="test_pn_navigation_button" time="0.003"></testcase><testcase classname="package.tests.test_navigation" file="package\tests\test_navigation.py" line="34" name="test_pn_navigation" time="0.003"></testcase><testcase classname="package.tests.test_navigation" file="package\tests\test_navigation.py" line="57" name="test_pn_navigation_with_font_awesome" time="0.003"></testcase><testcase classname="package.tests.test_progress_ext" file="package\tests\test_progress_ext.py" line="17" name="test_constructor" time="0.001"></testcase><testcase classname="package.tests.test_progress_ext" file="package\tests\test_progress_ext.py" line="27" name="test_update" time="0.001"></testcase><testcase classname="package.tests.test_progress_ext" file="package\tests\test_progress_ext.py" line="40" name="test_reset" time="0.001"></testcase><testcase classname="package.tests.test_pydeck" file="package\tests\test_pydeck.py" line="7" name="test__repr_html" time="0.003"></testcase><testcase classname="package.tests.test_pydeck" file="package\tests\test_pydeck.py" line="37" name="test__repr_html_none" time="0.001"></testcase><testcase classname="package.tests.test_share_link" file="package\tests\test_share_link.py" line="5" name="test_base" time="0.001"></testcase><testcase classname="package.tests.test_share_link" file="package\tests\test_share_link.py" line="29" name="test_facebook" time="0.000"></testcase><testcase classname="package.tests.test_share_link" file="package\tests\test_share_link.py" line="48" name="test_linked_in" time="0.001"></testcase><testcase classname="package.tests.test_share_link" file="package\tests\test_share_link.py" line="68" name="test_twitter" time="0.001"></testcase><testcase classname="package.tests.test_share_link" file="package\tests\test_share_link.py" line="77" name="test_reddit" time="0.001"></testcase><testcase classname="package.tests.application.components.test_application_component" file="package\tests\application\components\test_application_component.py" line="5" name="test_can_construct" time="0.026"></testcase><testcase classname="package.tests.application.components.test_loading_page_component" file="package\tests\application\components\test_loading_page_component.py" line="8" name="test_can_construct_loading_page_component" time="0.003"></testcase><testcase classname="package.tests.application.components.test_loading_page_component" file="package\tests\application\components\test_loading_page_component.py" line="14" name="test_can_show" time="0.003"></testcase><testcase classname="package.tests.application.components.test_page_component" file="package\tests\application\components\test_page_component.py" line="8" name="test_can_construct_page_component" time="0.001"></testcase><testcase classname="package.tests.application.components.test_page_component" file="package\tests\application\components\test_page_component.py" line="17" name="test_can_create_page_component_from_page_component" time="0.001"></testcase><testcase classname="package.tests.application.components.test_page_component" file="package\tests\application\components\test_page_component.py" line="24" name="test_can_create_page_component_from_page_component_subclass" time="0.001"></testcase><testcase classname="package.tests.application.components.test_page_component" file="package\tests\application\components\test_page_component.py" line="36" name="test_can_create_page_component_from_instance_of_page_component_subclass" time="0.001"></testcase><testcase classname="package.tests.application.components.test_page_component" file="package\tests\application\components\test_page_component.py" line="48" name="test_can_create_page_component_from_callable" time="0.000"></testcase><testcase classname="package.tests.application.components.test_page_component" file="package\tests\application\components\test_page_component.py" line="61" name="test_can_create_page_component_from_class_with_view_func" time="0.001"></testcase><testcase classname="package.tests.application.components.test_page_component" file="package\tests\application\components\test_page_component.py" line="76" name="test_can_create_page_component_from_instance_with_view_func" time="0.001"></testcase><testcase classname="package.tests.application.components.test_page_component" file="package\tests\application\components\test_page_component.py" line="91" name="test_can_create_page_component_from_reactive" time="0.001"></testcase><testcase classname="package.tests.application.components.test_page_component" file="package\tests\application\components\test_page_component.py" line="100" name="test_can_create_page_component_from_string" time="0.000"></testcase><testcase classname="package.tests.application.components.test_page_component" file="package\tests\application\components\test_page_component.py" line="109" name="test_can_create_page_component_from_class_with_main_and_sidebar" time="0.001"></testcase><testcase classname="package.tests.application.components.test_page_component" file="package\tests\application\components\test_page_component.py" line="129" name="test_can_create_page_component_from_instance_with_main_and_sidebar" time="0.000"></testcase><testcase classname="package.tests.application.components.test_page_navigation_component" file="package\tests\application\components\test_page_navigation_component.py" line="5" name="test_can_construct" time="0.008"></testcase><testcase classname="package.tests.application.components.test_page_navigation_component" file="package\tests\application\components\test_page_navigation_component.py" line="10" name="test_can_show" time="0.006"></testcase><testcase classname="package.tests.application.components.test_progress_spinner" file="package\tests\application\components\test_progress_spinner.py" line="5" name="test_can_construct" time="0.003"></testcase><testcase classname="package.tests.application.components.test_progress_spinner" file="package\tests\application\components\test_progress_spinner.py" line="14" name="test_can_spin" time="0.003"></testcase><testcase classname="package.tests.application.components.test_progress_spinner" file="package\tests\application\components\test_progress_spinner.py" line="24" name="test_can_convert_spinner_url_to_img_html" time="0.002"></testcase><testcase classname="package.tests.application.models.test_application" file="package\tests\application\models\test_application.py" line="6" name="test_can_construct_application" time="0.004"></testcase><testcase classname="package.tests.application.models.test_author" file="package\tests\application\models\test_author.py" line="2" name="test_can_construct_author" time="0.001"></testcase><testcase classname="package.tests.application.models.test_page" file="package\tests\application\models\test_page.py" line="5" name="test_can_construct_page" time="0.001"></testcase><testcase classname="package.tests.application.models.test_progress" file="package\tests\application\models\test_progress.py" line="5" name="test_can_construct" time="0.001"></testcase><testcase classname="package.tests.application.models.test_progress" file="package\tests\application\models\test_progress.py" line="13" name="test_active_works" time="0.001"></testcase><testcase classname="package.tests.application.models.test_resource" file="package\tests\application\models\test_resource.py" line="2" name="test_can_construct_resource" time="0.001"></testcase><testcase classname="package.tests.application.models.test_tag" file="package\tests\application\models\test_tag.py" line="2" name="test_can_construct_tag" time="0.001"></testcase><testcase classname="package.tests.application.models.test_theme" file="package\tests\application\models\test_theme.py" line="6" name="test_can_construct" time="0.001"></testcase><testcase classname="package.tests.application.services.test_author_service" file="package\tests\application\services\test_author_service.py" line="13" name="test_can_construct_author_service" time="0.001"></testcase><testcase classname="package.tests.application.services.test_author_service" file="package\tests\application\services\test_author_service.py" line="21" name="test_can_create_author" time="0.001"></testcase><testcase classname="package.tests.application.services.test_author_service" file="package\tests\application\services\test_author_service.py" line="30" name="test_can_read_author_by_name" time="0.000"></testcase><testcase classname="package.tests.application.services.test_author_service" file="package\tests\application\services\test_author_service.py" line="40" name="test_can_delete_author" time="0.000"></testcase><testcase classname="package.tests.application.services.test_author_service" file="package\tests\application\services\test_author_service.py" line="48" name="test_can_bulk_create_and_is_sorted" time="0.000"></testcase><testcase classname="package.tests.application.services.test_page_service" file="package\tests\application\services\test_page_service.py" line="7" name="test_can_construct_page_service" time="0.004"></testcase><testcase classname="package.tests.application.services.test_page_service" file="package\tests\application\services\test_page_service.py" line="12" name="test_can_create_page" time="0.002"></testcase><testcase classname="package.tests.application.services.test_page_service" file="package\tests\application\services\test_page_service.py" line="21" name="test_can_read_page_by_name" time="0.003"></testcase><testcase classname="package.tests.application.services.test_page_service" file="package\tests\application\services\test_page_service.py" line="31" name="test_can_delete_page" time="0.003"></testcase><testcase classname="package.tests.application.services.test_page_service" file="package\tests\application\services\test_page_service.py" line="39" name="test_can_bulk_create_and_is_sorted" time="0.002"></testcase><testcase classname="package.tests.application.services.test_page_service" file="package\tests\application\services\test_page_service.py" line="54" name="test_can_load_default_page" time="0.004"></testcase><testcase classname="package.tests.application.services.test_progress_service" file="package\tests\application\services\test_progress_service.py" line="20" name="test_can_be_constructed_with_default_values" time="0.000"></testcase><testcase classname="package.tests.application.services.test_progress_service" file="package\tests\application\services\test_progress_service.py" line="25" name="test_can_be_constructed_with_custom_values" time="0.000"></testcase><testcase classname="package.tests.application.services.test_progress_service" file="package\tests\application\services\test_progress_service.py" line="33" name="test_can_update" time="0.001"></testcase><testcase classname="package.tests.application.services.test_progress_service" file="package\tests\application\services\test_progress_service.py" line="43" name="test_can_reset" time="0.001"></testcase><testcase classname="package.tests.application.services.test_progress_service" file="package\tests\application\services\test_progress_service.py" line="53" name="test_can_use_report_func_as_context_manager" time="0.001"></testcase><testcase classname="package.tests.application.services.test_progress_service" file="package\tests\application\services\test_progress_service.py" line="66" name="test_can_use_report_func_as_decorator" time="0.002"></testcase><testcase classname="package.tests.application.services.test_progress_service" file="package\tests\application\services\test_progress_service.py" line="78" name="test_can_use_increment_func_as_context_manager" time="0.002"></testcase><testcase classname="package.tests.application.services.test_progress_service" file="package\tests\application\services\test_progress_service.py" line="96" name="test_can_use_increment_func_as_decorator" time="0.000"></testcase><testcase classname="package.tests.application.services.test_progress_service" file="package\tests\application\services\test_progress_service.py" line="112" name="test_can_use_active_count" time="0.001"></testcase><testcase classname="package.tests.application.services.test_progress_service" file="package\tests\application\services\test_progress_service.py" line="134" name="test_can_update_value_only" time="0.001"></testcase><testcase classname="package.tests.application.services.test_progress_service" file="package\tests\application\services\test_progress_service.py" line="150" name="test_can_update_value_max_only" time="0.001"></testcase><testcase classname="package.tests.application.services.test_progress_service" file="package\tests\application\services\test_progress_service.py" line="166" name="test_can_update_message_only" time="0.001"></testcase><testcase classname="package.tests.application.services.test_progress_service" file="package\tests\application\services\test_progress_service.py" line="182" name="test_can_update_active_count_only" time="0.000"></testcase><testcase classname="package.tests.application.services.test_services" file="package\tests\application\services\test_services.py" line="7" name="test_can_construct" time="0.001"></testcase><testcase classname="package.tests.application.services.test_services" file="package\tests\application\services\test_services.py" line="16" name="test_can_construct_fixture" time="0.005"></testcase><testcase classname="package.tests.application.services.test_tag_service" file="package\tests\application\services\test_tag_service.py" line="13" name="test_can_construct_tag_service" time="0.001"></testcase><testcase classname="package.tests.application.services.test_tag_service" file="package\tests\application\services\test_tag_service.py" line="17" name="test_can_create_tag" time="0.001"></testcase><testcase classname="package.tests.application.services.test_tag_service" file="package\tests\application\services\test_tag_service.py" line="26" name="test_can_read_tag_by_name" time="0.001"></testcase><testcase classname="package.tests.application.services.test_tag_service" file="package\tests\application\services\test_tag_service.py" line="36" name="test_can_delete_tag" time="0.000"></testcase><testcase classname="package.tests.application.services.test_tag_service" file="package\tests\application\services\test_tag_service.py" line="44" name="test_can_bulk_create_and_is_sorted" time="0.000"></testcase><testcase classname="package.tests.application.templates.test_application_template" file="package\tests\application\templates\test_application_template.py" line="6" name="test_can_construct_application_template_with_exception" time="0.019"></testcase><testcase classname="package.tests.application.templates.test_application_template" file="package\tests\application\templates\test_application_template.py" line="16" name="test_main_content_changes_when_page_changes" time="0.020"></testcase><testcase classname="package.tests.application.templates.test_material" file="package\tests\application\templates\test_material.py" line="5" name="test_can_construct_template" time="0.041"></testcase><testcase classname="package.tests.application.utils.test_order_by_name" file="package\tests\application\utils\test_order_by_name.py" line="10" name="test_can_order" time="0.001"></testcase><testcase classname="package.tests.application.views.test_application_view" file="package\tests\application\views\test_application_view.py" line="7" name="test_can_construct" time="0.017"></testcase><testcase classname="package.tests.core.test_app" file="package\tests\core\test_app.py" line="7" name="test_title_awesome" time="0.002"></testcase><testcase classname="package.tests.core.test_services" file="package\tests\core\test_services.py" line="4" name="test_module_to_github_url" time="0.000"></testcase><testcase classname="package.tests.designer.test_designer" file="package\tests\designer\test_designer.py" line="11" name="test_can_construct_fixture" time="0.025"></testcase><testcase classname="package.tests.designer.test_designer" file="package\tests\designer\test_designer.py" line="20" name="test_has_view" time="0.031"></testcase><testcase classname="package.tests.designer.test_designer" file="package\tests\designer\test_designer.py" line="24" name="test_has_component_pane" time="0.025"></testcase><testcase classname="package.tests.designer.test_designer" file="package\tests\designer\test_designer.py" line="28" name="test_has_designer_pane" time="0.024"></testcase><testcase classname="package.tests.designer.test_designer" file="package\tests\designer\test_designer.py" line="32" name="test_has_action_pane" time="0.024"></testcase><testcase classname="package.tests.designer.test_designer" file="package\tests\designer\test_designer.py" line="36" name="test_has_settings_pane" time="0.024"></testcase><testcase classname="package.tests.designer.test_designer" file="package\tests\designer\test_designer.py" line="40" name="test_has_css_pane" time="0.023"></testcase><testcase classname="package.tests.designer.test_designer" file="package\tests\designer\test_designer.py" line="44" name="test_has_js_pane" time="0.024"></testcase><testcase classname="package.tests.designer.test_designer" file="package\tests\designer\test_designer.py" line="48" name="test_has_error_pane" time="0.023"></testcase><testcase classname="package.tests.designer.test_designer_show" file="package\tests\designer\test_designer_show.py" line="69" name="test_designer" time="0.032"></testcase><testcase classname="package.tests.designer.components.test_title_component" file="package\tests\designer\components\test_title_component.py" line="12" name="test_constructor" time="0.002"></testcase><testcase classname="package.tests.designer.services.test_reload_service" file="package\tests\designer\services\test_reload_service.py" line="12" name="test_can_construct_fixture" time="0.002"></testcase><testcase classname="package.tests.designer.services.test_reload_service" file="package\tests\designer\services\test_reload_service.py" line="16" name="test_can_reload_component" time="0.004"></testcase><testcase classname="package.tests.designer.services.test_reload_service" file="package\tests\designer\services\test_reload_service.py" line="28" name="test_can_reload_reactive_component" time="0.002"></testcase><testcase classname="package.tests.designer.services.test_reload_service" file="package\tests\designer\services\test_reload_service.py" line="41" name="test_can_reload_css_file" time="0.002"></testcase><testcase classname="package.tests.designer.services.test_reload_service" file="package\tests\designer\services\test_reload_service.py" line="50" name="test_can_reload_js_file" time="0.001"></testcase><testcase classname="package.tests.designer.services.test_reload_service" file="package\tests\designer\services\test_reload_service.py" line="59" name="test_can_communicate_reloading_progress" time="0.001"></testcase><testcase classname="package.tests.designer.services.test_reload_service" file="package\tests\designer\services\test_reload_service.py" line="63" name="test_can_handle_reload_error" time="0.003"></testcase><testcase classname="package.tests.express.components.test_perspective" file="package\tests\express\components\test_perspective.py" line="11" name="test_constructor" time="0.012"></testcase><testcase classname="package.tests.express.components.test_widgets" file="package\tests\express\components\test_widgets.py" line="81" name="test_original_and_new_widget_have_save_parameters[Button-Button-clicks]" time="0.001"></testcase><testcase classname="package.tests.express.components.test_widgets" file="package\tests\express\components\test_widgets.py" line="81" name="test_original_and_new_widget_have_save_parameters[Checkbox-Checkbox-value]" time="0.001"></testcase><testcase classname="package.tests.express.components.test_widgets" file="package\tests\express\components\test_widgets.py" line="81" name="test_original_and_new_widget_have_save_parameters[DatePicker-DatePicker-end]" time="0.001"></testcase><testcase classname="package.tests.express.components.test_widgets" file="package\tests\express\components\test_widgets.py" line="81" name="test_original_and_new_widget_have_save_parameters[DatePicker-DatePicker-value]" time="0.001"></testcase><testcase classname="package.tests.express.components.test_widgets" file="package\tests\express\components\test_widgets.py" line="81" name="test_original_and_new_widget_have_save_parameters[DatePicker-DatePicker-start]" time="0.001"></testcase><testcase classname="package.tests.express.components.test_widgets" file="package\tests\express\components\test_widgets.py" line="81" name="test_original_and_new_widget_have_save_parameters[FloatSlider-FloatSlider-end]" time="0.001"></testcase><testcase classname="package.tests.express.components.test_widgets" file="package\tests\express\components\test_widgets.py" line="81" name="test_original_and_new_widget_have_save_parameters[FloatSlider-FloatSlider-value]" time="0.001"></testcase><testcase classname="package.tests.express.components.test_widgets" file="package\tests\express\components\test_widgets.py" line="81" name="test_original_and_new_widget_have_save_parameters[FloatSlider-FloatSlider-step]" time="0.001"></testcase><testcase classname="package.tests.express.components.test_widgets" file="package\tests\express\components\test_widgets.py" line="81" name="test_original_and_new_widget_have_save_parameters[FloatSlider-FloatSlider-start]" time="0.000"></testcase><testcase classname="package.tests.express.components.test_widgets" file="package\tests\express\components\test_widgets.py" line="81" name="test_original_and_new_widget_have_save_parameters[Button-IconButton-clicks]" time="0.001"></testcase><testcase classname="package.tests.express.components.test_widgets" file="package\tests\express\components\test_widgets.py" line="81" name="test_original_and_new_widget_have_save_parameters[ImageBase-Image-alt_text]" time="0.001"></testcase><testcase classname="package.tests.express.components.test_widgets" file="package\tests\express\components\test_widgets.py" line="81" name="test_original_and_new_widget_have_save_parameters[ImageBase-Image-object]" time="0.001"></testcase><testcase classname="package.tests.express.components.test_widgets" file="package\tests\express\components\test_widgets.py" line="81" name="test_original_and_new_widget_have_save_parameters[IntSlider-IntSlider-end]" time="0.000"></testcase><testcase classname="package.tests.express.components.test_widgets" file="package\tests\express\components\test_widgets.py" line="81" name="test_original_and_new_widget_have_save_parameters[IntSlider-IntSlider-value]" time="0.000"></testcase><testcase classname="package.tests.express.components.test_widgets" file="package\tests\express\components\test_widgets.py" line="81" name="test_original_and_new_widget_have_save_parameters[IntSlider-IntSlider-step]" time="0.001"></testcase><testcase classname="package.tests.express.components.test_widgets" file="package\tests\express\components\test_widgets.py" line="81" name="test_original_and_new_widget_have_save_parameters[IntSlider-IntSlider-start]" time="0.000"></testcase><testcase classname="package.tests.express.components.test_widgets" file="package\tests\express\components\test_widgets.py" line="81" name="test_original_and_new_widget_have_save_parameters[LiteralInput-LiteralInput-serializer]" time="0.001"></testcase><testcase classname="package.tests.express.components.test_widgets" file="package\tests\express\components\test_widgets.py" line="81" name="test_original_and_new_widget_have_save_parameters[LiteralInput-LiteralInput-value]" time="0.001"></testcase><testcase classname="package.tests.express.components.test_widgets" file="package\tests\express\components\test_widgets.py" line="81" name="test_original_and_new_widget_have_save_parameters[LiteralInput-LiteralInput-type]" time="0.000"></testcase><testcase classname="package.tests.express.components.test_widgets" file="package\tests\express\components\test_widgets.py" line="81" name="test_original_and_new_widget_have_save_parameters[Progress-Progress-value]" time="0.001"></testcase><testcase classname="package.tests.express.components.test_widgets" file="package\tests\express\components\test_widgets.py" line="81" name="test_original_and_new_widget_have_save_parameters[Progress-Progress-max]" time="0.000"></testcase><testcase classname="package.tests.express.components.test_widgets" file="package\tests\express\components\test_widgets.py" line="81" name="test_original_and_new_widget_have_save_parameters[Progress-ProgressSpinner-active]" time="0.000"></testcase><testcase classname="package.tests.express.components.test_widgets" file="package\tests\express\components\test_widgets.py" line="81" name="test_original_and_new_widget_have_save_parameters[Checkbox-RadioButton-value]" time="0.000"></testcase><testcase classname="package.tests.express.components.test_widgets" file="package\tests\express\components\test_widgets.py" line="81" name="test_original_and_new_widget_have_save_parameters[TextInput-SearchInput-value]" time="0.001"></testcase><testcase classname="package.tests.express.components.test_widgets" file="package\tests\express\components\test_widgets.py" line="81" name="test_original_and_new_widget_have_save_parameters[TextInput-SearchInput-placeholder]" time="0.000"></testcase><testcase classname="package.tests.express.components.test_widgets" file="package\tests\express\components\test_widgets.py" line="81" name="test_original_and_new_widget_have_save_parameters[Select-Select-value]" time="0.001"></testcase><testcase classname="package.tests.express.components.test_widgets" file="package\tests\express\components\test_widgets.py" line="81" name="test_original_and_new_widget_have_save_parameters[Select-Select-options]" time="0.001"></testcase><testcase classname="package.tests.express.components.test_widgets" file="package\tests\express\components\test_widgets.py" line="81" name="test_original_and_new_widget_have_save_parameters[TextInput-TextInput-value]" time="0.000"></testcase><testcase classname="package.tests.express.components.test_widgets" file="package\tests\express\components\test_widgets.py" line="81" name="test_original_and_new_widget_have_save_parameters[TextInput-TextInput-placeholder]" time="0.000"></testcase><testcase classname="package.tests.express.components.test_widgets" file="package\tests\express\components\test_widgets.py" line="81" name="test_original_and_new_widget_have_save_parameters[TextAreaInput-TextAreaInput-value]" time="0.001"></testcase><testcase classname="package.tests.express.components.test_widgets" file="package\tests\express\components\test_widgets.py" line="81" name="test_original_and_new_widget_have_save_parameters[TextAreaInput-TextAreaInput-placeholder]" time="0.000"></testcase><testcase classname="package.tests.express.components.test_widgets" file="package\tests\express\components\test_widgets.py" line="81" name="test_original_and_new_widget_have_save_parameters[TextAreaInput-TextAreaInput-max_length]" time="0.000"></testcase><testcase classname="package.tests.express.components.test_widgets" file="package\tests\express\components\test_widgets.py" line="81" name="test_original_and_new_widget_have_save_parameters[Toggle-Toggle-value]" time="0.001"></testcase><testcase classname="package.tests.express.components.test_widgets" file="package\tests\express\components\test_widgets.py" line="81" name="test_original_and_new_widget_have_save_parameters[Video-Video-loop]" time="0.001"></testcase><testcase classname="package.tests.express.components.test_widgets" file="package\tests\express\components\test_widgets.py" line="81" name="test_original_and_new_widget_have_save_parameters[Video-Video-object]" time="0.000"></testcase><testcase classname="package.tests.express.components.test_wired" file="package\tests\express\components\test_wired.py" line="12" name="test_base" time="0.002"></testcase><testcase classname="package.tests.express.components.test_wired" file="package\tests\express\components\test_wired.py" line="19" name="test_button_constructor" time="0.001"></testcase><testcase classname="package.tests.express.components.test_wired" file="package\tests\express\components\test_wired.py" line="34" name="test_button_disabled" time="0.003"></testcase><testcase classname="package.tests.express.components.test_wired" file="package\tests\express\components\test_wired.py" line="50" name="test_button_elevation" time="0.001"></testcase><testcase classname="package.tests.express.components.test_wired" file="package\tests\express\components\test_wired.py" line="57" name="test_button_name" time="0.002"></testcase><testcase classname="package.tests.express.components.test_wired" file="package\tests\express\components\test_wired.py" line="64" name="test_datepicker_to_string[value0-May 3, 2020]" time="0.001"></testcase><testcase classname="package.tests.express.components.test_wired" file="package\tests\express\components\test_wired.py" line="64" name="test_datepicker_to_string[value1-May 13, 2020]" time="0.000"></testcase><testcase classname="package.tests.express.components.test_wired" file="package\tests\express\components\test_wired.py" line="72" name="test_datepicker" time="0.005"></testcase><testcase classname="package.tests.express.components.test_wired" file="package\tests\express\components\test_wired.py" line="94" name="test_checkbox" time="0.001"></testcase><testcase classname="package.tests.express.components.test_wired" file="package\tests\express\components\test_wired.py" line="114" name="test_checkbox_constructor_checked" time="0.002"></testcase><testcase classname="package.tests.express.components.test_wired" file="package\tests\express\components\test_wired.py" line="119" name="test_checkbox_name" time="0.002"></testcase><testcase classname="package.tests.express.components.test_wired" file="package\tests\express\components\test_wired.py" line="126" name="test_dialog" time="0.002"></testcase><testcase classname="package.tests.express.components.test_wired" file="package\tests\express\components\test_wired.py" line="138" name="test_fab" time="0.001"></testcase><testcase classname="package.tests.express.components.test_wired" file="package\tests\express\components\test_wired.py" line="150" name="test_icon_button" time="0.002"></testcase><testcase classname="package.tests.express.components.test_wired" file="package\tests\express\components\test_wired.py" line="161" name="test_float_slider" time="0.003"><failure message="AssertionError: assert 0.0 == 40.507407407407406
 +  where 0.0 = FloatSlider(attributes_to_watch={&apos;value&apos;: &apos;value&apos;}, html=&apos;&lt;wired-slider i..., min_height=40, properties_last_change={&apos;input.value&apos;: 0.0}, sizing_mode=&apos;stretch_width&apos;).value">def test_float_slider():
        # When/ Then
        slider = wired.FloatSlider(attributes_to_watch={&quot;value&quot;: &quot;value&quot;})
        slider.html = (
            &apos;&lt;wired-slider id=&quot;slider&quot; value=&quot;40.507407407407406&quot; knobradius=&quot;15&quot; &apos;
            &apos;class=&quot;wired-rendered&quot; style=&quot;margin: 0px&quot;&gt;&lt;/wired-slider&gt;&apos;
        )
&gt;       assert slider.value == 40.507407407407406
E       AssertionError: assert 0.0 == 40.507407407407406
E        +  where 0.0 = FloatSlider(attributes_to_watch={&apos;value&apos;: &apos;value&apos;}, html=&apos;&lt;wired-slider i..., min_height=40, properties_last_change={&apos;input.value&apos;: 0.0}, sizing_mode=&apos;stretch_width&apos;).value

package\tests\express\components\test_wired.py:169: AssertionError</failure></testcase><testcase classname="package.tests.express.components.test_wired" file="package\tests\express\components\test_wired.py" line="170" name="test_int_slider" time="0.002"><failure message="AssertionError: assert 0 == 2
 +  where 0 = IntSlider(attributes_to_watch={&apos;value&apos;: &apos;value&apos;}, html=&apos;&lt;wired-slider i..., min_height=40, properties_last_change={&apos;input.value&apos;: 0}, sizing_mode=&apos;stretch_width&apos;).value">def test_int_slider():
        # When/ Then
        slider = wired.IntSlider(attributes_to_watch={&quot;value&quot;: &quot;value&quot;})
        slider.html = (
            &apos;&lt;wired-slider id=&quot;slider&quot; value=&quot;2&quot; knobradius=&quot;15&quot; class=&quot;wired-rendered&quot; &apos;
            &apos;style=&quot;margin: 0px&quot;&gt;&lt;/wired-slider&gt;&apos;
        )
&gt;       assert slider.value == 2
E       AssertionError: assert 0 == 2
E        +  where 0 = IntSlider(attributes_to_watch={&apos;value&apos;: &apos;value&apos;}, html=&apos;&lt;wired-slider i..., min_height=40, properties_last_change={&apos;input.value&apos;: 0}, sizing_mode=&apos;stretch_width&apos;).value

package\tests\express\components\test_wired.py:178: AssertionError</failure></testcase><testcase classname="package.tests.express.components.test_wired" file="package\tests\express\components\test_wired.py" line="179" name="test_int_slider_properties_last_change" time="0.000"><skipped message="No longer supported" type="pytest.skip">package\tests\express\components\test_wired.py:180: No longer supported</skipped></testcase><testcase classname="package.tests.express.components.test_wired" file="package\tests\express\components\test_wired.py" line="187" name="test_float_slider_properties_last_change" time="0.000"><skipped message="No longer supported" type="pytest.skip">package\tests\express\components\test_wired.py:188: No longer supported</skipped></testcase><testcase classname="package.tests.express.components.test_wired" file="package\tests\express\components\test_wired.py" line="196" name="test_input" time="0.003"></testcase><testcase classname="package.tests.express.components.test_wired" file="package\tests\express\components\test_wired.py" line="207" name="test_progress" time="0.001"></testcase><testcase classname="package.tests.express.components.test_wired" file="package\tests\express\components\test_wired.py" line="222" name="test_searchinput" time="0.002"></testcase><testcase classname="package.tests.express.components.test_wired" file="package\tests\express\components\test_wired.py" line="239" name="test_select" time="0.001"></testcase><testcase classname="package.tests.express.components.test_wired" file="package\tests\express\components\test_wired.py" line="245" name="test_select_something" time="0.003"></testcase><testcase classname="package.tests.express.components.test_wired" file="package\tests\express\components\test_wired.py" line="250" name="test_text_area" time="0.002"></testcase><testcase classname="package.tests.express.components.test_wired" file="package\tests\express\components\test_wired.py" line="260" name="test_link" time="0.002"></testcase><testcase classname="package.tests.express.components.test_wired" file="package\tests\express\components\test_wired.py" line="281" name="test_toggle" time="0.001"></testcase><testcase classname="package.tests.express.components.test_wired" file="package\tests\express\components\test_wired.py" line="288" name="test_literal_input_value_from_client" time="0.002"><failure message="assert None == {&apos;2&apos;: 2, &apos;b&apos;: 18}
 +  where None = LiteralInput(html=&apos;&lt;wired-input s..., min_height=60, properties_last_change={&apos;textInput.value&apos;: &quot;{&apos;2&apos;:...}, sizing_mode=&apos;stretch_width&apos;).value">def test_literal_input_value_from_client():
        # Given
        literal_input = wired.LiteralInput()
        # When
        literal_input.properties_last_change = {&quot;textInput.value&quot;: &quot;{&apos;2&apos;: 2, &apos;b&apos;: 18}&quot;}
        # Then
&gt;       assert literal_input.value == {&quot;2&quot;: 2, &quot;b&quot;: 18}
E       assert None == {&apos;2&apos;: 2, &apos;b&apos;: 18}
E        +  where None = LiteralInput(html=&apos;&lt;wired-input s..., min_height=60, properties_last_change={&apos;textInput.value&apos;: &quot;{&apos;2&apos;:...}, sizing_mode=&apos;stretch_width&apos;).value

package\tests\express\components\test_wired.py:295: AssertionError</failure></testcase><testcase classname="package.tests.express.components.test_wired" file="package\tests\express\components\test_wired.py" line="297" name="test_literal_input_value_to_client" time="0.003"><failure message="assert {&apos;textInput.v...: 2, &apos;b&apos;: 18}} == {&apos;textInput.v... 2, &apos;b&apos;: 18}&quot;}
  Differing items:
  {&apos;textInput.value&apos;: {&apos;2&apos;: 2, &apos;b&apos;: 18}} != {&apos;textInput.value&apos;: &quot;{&apos;2&apos;: 2, &apos;b&apos;: 18}&quot;}
  Use -v to get the full diff">def test_literal_input_value_to_client():
        # Given
        literal_input = wired.LiteralInput()
        # When
        literal_input.value = {&quot;2&quot;: 2, &quot;b&quot;: 18}
        # Then
&gt;       assert literal_input.properties_last_change == {&quot;textInput.value&quot;: &quot;{&apos;2&apos;: 2, &apos;b&apos;: 18}&quot;}
E       assert {&apos;textInput.v...: 2, &apos;b&apos;: 18}} == {&apos;textInput.v... 2, &apos;b&apos;: 18}&quot;}
E         Differing items:
E         {&apos;textInput.value&apos;: {&apos;2&apos;: 2, &apos;b&apos;: 18}} != {&apos;textInput.value&apos;: &quot;{&apos;2&apos;: 2, &apos;b&apos;: 18}&quot;}
E         Use -v to get the full diff

package\tests\express\components\test_wired.py:304: AssertionError</failure></testcase><testcase classname="package.tests.express.components.material.test_material" file="package\tests\express\components\material\test_material.py" line="13" name="test_mwc_select_fixture" time="0.002"></testcase><testcase classname="package.tests.express.components.material.test_material" file="package\tests\express\components\material\test_material.py" line="17" name="test_mwc_select_can_set_value[options0]" time="0.002"></testcase><testcase classname="package.tests.express.components.material.test_material" file="package\tests\express\components\material\test_material.py" line="17" name="test_mwc_select_can_set_value[options1]" time="0.001"></testcase><testcase classname="package.tests.express.components.material.test_material" file="package\tests\express\components\material\test_material.py" line="29" name="test_mwc_select_can_get_value[options0]" time="0.001"></testcase><testcase classname="package.tests.express.components.material.test_material" file="package\tests\express\components\material\test_material.py" line="29" name="test_mwc_select_can_get_value[options1]" time="0.003"></testcase><testcase classname="package.tests.express.components.material.test_material" file="package\tests\express\components\material\test_material.py" line="41" name="test_mwc_select_can_format_options[options0-&lt;mwc-select&gt;&lt;mwc-list-item value=&quot;0&quot;&gt;a&lt;/mwc-list-item&gt;&lt;/mwc-select&gt;]" time="0.001"></testcase><testcase classname="package.tests.express.components.material.test_material" file="package\tests\express\components\material\test_material.py" line="41" name="test_mwc_select_can_format_options[options1-&lt;mwc-select&gt;&lt;mwc-list-item value=&quot;0&quot;&gt;aaa&lt;/mwc-list-item&gt;&lt;/mwc-select&gt;]" time="0.002"></testcase><testcase classname="package.tests.express.components.material.test_material" file="package\tests\express\components\material\test_material.py" line="41" name="test_mwc_select_can_format_options[options2-&lt;mwc-select&gt;&lt;mwc-list-item value=&quot;0&quot;&gt;abc&lt;/mwc-list-item&gt;&lt;/mwc-select&gt;]" time="0.002"></testcase><testcase classname="application.pages.awesome_panel_express_tests.test_bootstrap_alerts" file="application\pages\awesome_panel_express_tests\test_bootstrap_alerts.py" line="19" name="test_info_alert" time="0.002"></testcase><testcase classname="application.pages.awesome_panel_express_tests.test_bootstrap_alerts" file="application\pages\awesome_panel_express_tests\test_bootstrap_alerts.py" line="32" name="test_warning_alert" time="0.001"></testcase><testcase classname="application.pages.awesome_panel_express_tests.test_bootstrap_alerts" file="application\pages\awesome_panel_express_tests\test_bootstrap_alerts.py" line="46" name="test_error_alert" time="0.001"></testcase><testcase classname="application.pages.awesome_panel_express_tests.test_bootstrap_card" file="application\pages\awesome_panel_express_tests\test_bootstrap_card.py" line="33" name="test_card" time="0.002"></testcase><testcase classname="application.pages.awesome_panel_express_tests.test_bootstrap_card" file="application\pages\awesome_panel_express_tests\test_bootstrap_card.py" line="46" name="test_card_fixed_width" time="0.002"></testcase><testcase classname="application.pages.awesome_panel_express_tests.test_bootstrap_card" file="application\pages\awesome_panel_express_tests\test_bootstrap_card.py" line="97" name="test_card_with_plot" time="0.031"></testcase><testcase classname="application.pages.awesome_panel_express_tests.test_bootstrap_card" file="application\pages\awesome_panel_express_tests\test_bootstrap_card.py" line="109" name="test_card_with_multiple_panels" time="0.060"></testcase><testcase classname="application.pages.awesome_panel_express_tests.test_bootstrap_card" file="application\pages\awesome_panel_express_tests\test_bootstrap_card.py" line="129" name="test_card_collapsable" time="0.032"></testcase><testcase classname="application.pages.awesome_panel_express_tests.test_bootstrap_card" file="application\pages\awesome_panel_express_tests\test_bootstrap_card.py" line="155" name="test_card_with_code" time="0.002"></testcase><testcase classname="application.pages.awesome_panel_express_tests.test_code" file="application\pages\awesome_panel_express_tests\test_code.py" line="8" name="test_code" time="0.002"></testcase><testcase classname="application.pages.awesome_panel_express_tests.test_dataframe" file="application\pages\awesome_panel_express_tests\test_dataframe.py" line="18" name="test_get_default_formatters" time="0.004"></testcase><testcase classname="application.pages.awesome_panel_express_tests.test_divider" file="application\pages\awesome_panel_express_tests\test_divider.py" line="12" name="test_divider" time="0.002"></testcase><testcase classname="application.pages.awesome_panel_express_tests.test_fontawesome" file="application\pages\awesome_panel_express_tests\test_fontawesome.py" line="13" name="test_html_with_font_awesome" time="0.001"></testcase><testcase classname="application.pages.awesome_panel_express_tests.test_fontawesome" file="application\pages\awesome_panel_express_tests\test_fontawesome.py" line="28" name="test_button_with_font_awesome" time="0.002"></testcase><testcase classname="application.pages.awesome_panel_express_tests.test_headings" file="application\pages\awesome_panel_express_tests\test_headings.py" line="8" name="test_headings" time="0.003"></testcase><testcase classname="application.pages.awesome_panel_express_tests.test_headings" file="application\pages\awesome_panel_express_tests\test_headings.py" line="26" name="test_title_centered_white" time="0.003"></testcase><testcase classname="application.pages.awesome_panel_express_tests.test_headings" file="application\pages\awesome_panel_express_tests\test_headings.py" line="38" name="test_with_url" time="0.002"></testcase><testcase classname="application.pages.awesome_panel_express_tests.test_markdown" file="application\pages\awesome_panel_express_tests\test_markdown.py" line="19" name="test_markdown" time="0.002"></testcase><testcase classname="application.pages.awesome_panel_express_tests.test_markdown" file="application\pages\awesome_panel_express_tests\test_markdown.py" line="36" name="test_markdown_from_file" time="0.001"></testcase><testcase classname="application.pages.awesome_panel_express_tests.test_markdown" file="application\pages\awesome_panel_express_tests\test_markdown.py" line="48" name="test_markdown_indendation" time="0.000"></testcase><testcase classname="application.pages.awesome_panel_express_tests.test_markdown" file="application\pages\awesome_panel_express_tests\test_markdown.py" line="57" name="test_markdown_code_block" time="0.001"></testcase><testcase classname="application.pages.awesome_panel_express_tests.test_modal" file="application\pages\awesome_panel_express_tests\test_modal.py" line="36" name="test_modal" time="0.001"></testcase><testcase classname="application.pages.awesome_panel_express_tests.test_modal" file="application\pages\awesome_panel_express_tests\test_modal.py" line="42" name="test_modal_settings" time="0.005"></testcase><testcase classname="application.pages.awesome_panel_express_tests.test_progress_ext" file="application\pages\awesome_panel_express_tests\test_progress_ext.py" line="39" name="test_view_value_and_message" time="0.003"></testcase><testcase classname="application.pages.awesome_panel_express_tests.test_progress_ext" file="application\pages\awesome_panel_express_tests\test_progress_ext.py" line="50" name="test_view_message_only" time="0.002"></testcase><testcase classname="application.pages.awesome_panel_express_tests.test_progress_ext" file="application\pages\awesome_panel_express_tests\test_progress_ext.py" line="61" name="test_view_value_only" time="0.003"></testcase><testcase classname="application.pages.awesome_panel_express_tests.test_progress_ext" file="application\pages\awesome_panel_express_tests\test_progress_ext.py" line="71" name="test_view_none" time="0.001"></testcase><testcase classname="application.pages.awesome_panel_express_tests.test_progress_ext" file="application\pages\awesome_panel_express_tests\test_progress_ext.py" line="81" name="test_bar_color" time="0.002"></testcase><testcase classname="application.pages.awesome_panel_express_tests.test_progress_ext" file="application\pages\awesome_panel_express_tests\test_progress_ext.py" line="92" name="test_report_as_context_manager" time="0.004"></testcase><testcase classname="application.pages.awesome_panel_express_tests.test_progress_ext" file="application\pages\awesome_panel_express_tests\test_progress_ext.py" line="110" name="test_report_as_decorator" time="0.005"></testcase><testcase classname="application.pages.awesome_panel_express_tests.test_progress_ext" file="application\pages\awesome_panel_express_tests\test_progress_ext.py" line="128" name="test_increment_as_context_manager" time="0.005"></testcase><testcase classname="application.pages.awesome_panel_express_tests.test_progress_ext" file="application\pages\awesome_panel_express_tests\test_progress_ext.py" line="146" name="test_increment_as_decorator" time="0.004"></testcase><testcase classname="application.pages.awesome_panel_express_tests.test_share_links" file="application\pages\awesome_panel_express_tests\test_share_links.py" line="27" name="test_facebook" time="0.002"></testcase><testcase classname="application.pages.awesome_panel_express_tests.test_share_links" file="application\pages\awesome_panel_express_tests\test_share_links.py" line="36" name="test_linkedin" time="0.002"></testcase><testcase classname="application.pages.awesome_panel_express_tests.test_share_links" file="application\pages\awesome_panel_express_tests\test_share_links.py" line="45" name="test_mail" time="0.002"></testcase><testcase classname="application.pages.awesome_panel_express_tests.test_share_links" file="application\pages\awesome_panel_express_tests\test_share_links.py" line="54" name="test_twitter" time="0.002"></testcase><testcase classname="application.pages.awesome_panel_express_tests.test_share_links" file="application\pages\awesome_panel_express_tests\test_share_links.py" line="63" name="test_reddit" time="0.001"></testcase><testcase classname="application.pages.awesome_panel_express_tests.test_spinners" file="application\pages\awesome_panel_express_tests\test_spinners.py" line="16" name="test_default_spinner" time="0.002"></testcase><testcase classname="application.pages.awesome_panel_express_tests.test_spinners" file="application\pages\awesome_panel_express_tests\test_spinners.py" line="22" name="test_all_spinners" time="0.001"></testcase><testcase classname="application.pages.awesome_panel_express_tests.test_spinners" file="application\pages\awesome_panel_express_tests\test_spinners.py" line="28" name="test_spinner_while_python_executing" time="0.002"></testcase><testcase classname="application.pages.awesome_panel_express_tests.test_spinners" file="application\pages\awesome_panel_express_tests\test_spinners.py" line="48" name="test_spinner_can_be_centered" time="0.003"></testcase><testcase classname="application.pages.awesome_panel_express_tests.test_wired" file="application\pages\awesome_panel_express_tests\test_wired.py" line="57" name="test_wired_view" time="0.016"><failure message="AttributeError: &apos;Select&apos; object has no attribute &apos;_child_parameters&apos;">def test_wired_view():  # pylint: disable=too-many-locals
        &quot;&quot;&quot;Returns a column with all the wired elements&quot;&quot;&quot;
        show_html = False
    
        def section(component, message=None, show_html=show_html):
            title = &quot;## &quot; + str(type(component)).split(&quot;.&quot;)[4][:-2]
    
            parameterset = set(component._child_parameters())  # pylint: disable=protected-access
            if show_html:
                parameterset.add(&quot;html&quot;)
            for parameter in component.parameters_to_watch:
                parameterset.add(parameter)
    
            parameters = list(parameterset)
            if message:
                return (
                    pn.pane.Markdown(title),
                    pn.pane.Markdown(message),
                    component,
                    pn.Param(component, parameters=parameters),
                    pn.layout.Divider(),
                )
            return (
                pn.pane.Markdown(title),
                component,
                pn.Param(component, parameters=parameters),
                pn.layout.Divider(),
            )
    
        button = wired.Button()
        check_box = wired.Checkbox()
        date_picker = wired.DatePicker()
        # dialog = wired.Dialog(text=&quot;Lorum Ipsum. Panel is awesome!&quot;)
        divider = wired.Divider()
        fab = wired.Fab()
        float_slider = wired.FloatSlider()
        icon_button = wired.IconButton()
        int_slider = wired.IntSlider()
        image = wired.Image(
            object=&quot;https://www.gstatic.com/webp/gallery/1.sm.jpg&quot;, height=200, width=300
        )
        link = wired.Link(href=&quot;https://panel.holoviz.org/&quot;, text=&quot;HoloViz&quot;, target=&quot;_blank&quot;)
        # literal_input = wired.LiteralInput(default={&quot;a&quot;: 1, &quot;b&quot;: &quot;hello app world&quot;})
        progress = wired.Progress(value=50)
        progress_spinner = wired.ProgressSpinner()
        radio_button = wired.RadioButton()
        search_input = wired.SearchInput()
        select = wired.Select(
            html=&quot;&quot;&quot;&lt;wired-combo id=&quot;colorCombo&quot; selected=&quot;red&quot; role=&quot;combobox&quot; \
    aria-haspopup=&quot;listbox&quot; tabindex=&quot;0&quot; class=&quot;wired-rendered&quot; aria-expanded=&quot;false&quot;&gt;\
    &lt;wired-item value=&quot;red&quot; aria-selected=&quot;true&quot; role=&quot;option&quot; class=&quot;wired-rendered&quot;&gt;Red&lt;/wired-item&gt;\
    &lt;wired-item value=&quot;green&quot; role=&quot;option&quot; class=&quot;wired-rendered&quot;&gt;Green&lt;/wired-item&gt;\
    &lt;wired-item value=&quot;blue&quot; role=&quot;option&quot; class=&quot;wired-rendered&quot;&gt;Blue&lt;/wired-item&gt;&lt;/wired-combo&gt;&quot;&quot;&quot;
        )
        text_area = wired.TextAreaInput()
        text_input = wired.TextInput()
        toggle = wired.Toggle()
        video = wired.Video(
            autoplay=True,
            loop=True,
            object=(
                &quot;https://file-examples.com/wp-content/uploads/2017/04/file_example_MP4_480_1_5MG.mp4&quot;
            ),
        )
&gt;       section(select)

application\pages\awesome_panel_express_tests\test_wired.py:122: 
_ _ _ _ _ _ _ _ _ _ _ _ _ _ _ _ _ _ _ _ _ _ _ _ _ _ _ _ _ _ _ _ _ _ _ _ _ _ _ _

component = Select(html=&apos;&lt;wired-combo i..., min_height=40, properties_last_change={&apos;selected&apos;: None}, sizing_mode=&apos;stretch_width&apos;)
message = None, show_html = False

    def section(component, message=None, show_html=show_html):
        title = &quot;## &quot; + str(type(component)).split(&quot;.&quot;)[4][:-2]
    
&gt;       parameterset = set(component._child_parameters())  # pylint: disable=protected-access
E       AttributeError: &apos;Select&apos; object has no attribute &apos;_child_parameters&apos;

application\pages\awesome_panel_express_tests\test_wired.py:65: AttributeError</failure></testcase><testcase classname="application.pages.awesome_panel_express_tests.test_wired" file="application\pages\awesome_panel_express_tests\test_wired.py" line="152" name="test_param_view" time="0.012"><failure message="ValueError: String &apos;value&apos; only takes a string value.">def test_param_view():
        &quot;&quot;&quot;Returns a Column that showcases how to use wired elements with pn.Param&quot;&quot;&quot;
    
        class BaseClass(param.Parameterized):
            &quot;&quot;&quot;Parameterized Class used to show case pn.Param and wired elements&quot;&quot;&quot;
    
            x = param.Parameter(default=3.14, doc=&quot;X position&quot;)
            y = param.Parameter(default=&quot;Not editable&quot;, constant=True)
            string_value = param.String(default=&quot;str&quot;, doc=&quot;A string&quot;)
            num_int = param.Integer(50000, bounds=(-200, 100000))
            unbounded_int = param.Integer(23)
            float_with_hard_bounds = param.Number(8.2, bounds=(7.5, 10))
            float_with_soft_bounds = param.Number(0.5, bounds=(0, None), softbounds=(0, 2))
            unbounded_float = param.Number(30.01, precedence=0)
            hidden_parameter = param.Number(2.718, precedence=-1)
            integer_range = param.Range(default=(3, 7), bounds=(0, 10))
            float_range = param.Range(default=(0, 1.57), bounds=(0, 3.145))
            dictionary = param.Dict(default={&quot;a&quot;: 2, &quot;b&quot;: 9})
    
        class Example(BaseClass):
            &quot;&quot;&quot;An example Parameterized class&quot;&quot;&quot;
    
            timestamps = []
    
            boolean = param.Boolean(True, doc=&quot;A sample Boolean parameter&quot;)
            color = param.Color(default=&quot;#FFFFFF&quot;)
            date = param.Date(dt.date(2017, 1, 1), bounds=wired.DATE_BOUNDS)
            dataframe = param.DataFrame(pd.util.testing.makeDataFrame().iloc[:3])
            select_string = param.ObjectSelector(default=&quot;yellow&quot;, objects=[&quot;red&quot;, &quot;yellow&quot;, &quot;green&quot;])
            select_fn = param.ObjectSelector(default=list, objects=[list, set, dict])
            int_list = param.ListSelector(default=[3, 5], objects=[1, 3, 5, 7, 9], precedence=0.5)
            single_file = param.FileSelector(path=&quot;../../*/*.py*&quot;, precedence=0.5)
            multiple_files = param.MultiFileSelector(path=&quot;../../*/*.py?&quot;, precedence=0.5)
            record_timestamp = param.Action(
                lambda x: x.timestamps.append(dt.datetime.utcnow()),
                doc=&quot;&quot;&quot;Record timestamp.&quot;&quot;&quot;,
                precedence=0.7,
            )
    
        base = Example()
        parameters = [
            &quot;x&quot;,
            &quot;y&quot;,
            &quot;string_value&quot;,
            &quot;num_int&quot;,
            &quot;unbounded_int&quot;,
            &quot;float_with_hard_bounds&quot;,
            &quot;float_with_soft_bounds&quot;,
            &quot;unbounded_float&quot;,
            &quot;hidden_parameter&quot;,
            # &quot;integer_range&quot;,
            # &quot;float_range&quot;,
            &quot;dictionary&quot;,
            &quot;boolean&quot;,
            # &quot;color&quot;,
            &quot;date&quot;,
            # &quot;dataframe&quot;,
            &quot;select_string&quot;,
        ]
        widgets = {
            &quot;y&quot;: wired.TextInput,
            &quot;string_value&quot;: wired.TextInput,
            &quot;num_int&quot;: wired.IntSlider,
            &quot;unbounded_int&quot;: wired.TextInput,
            &quot;float_with_hard_bounds&quot;: wired.FloatSlider,
            &quot;float_with_soft_bounds&quot;: wired.FloatSlider,
            &quot;unbounded_float&quot;: wired.TextInput,
            &quot;dictionary&quot;: wired.LiteralInput,
            &quot;boolean&quot;: wired.Checkbox,
            &quot;date&quot;: wired.DatePicker,
            &quot;select_string&quot;: wired.Select,
        }
&gt;       pn.Param(base, parameters=parameters, widgets=widgets)

application\pages\awesome_panel_express_tests\test_wired.py:225: 
_ _ _ _ _ _ _ _ _ _ _ _ _ _ _ _ _ _ _ _ _ _ _ _ _ _ _ _ _ _ _ _ _ _ _ _ _ _ _ _
.venv\lib\site-packages\panel\param.py:182: in __init__
    self._update_widgets()
.venv\lib\site-packages\panel\param.py:240: in _update_widgets
    self._widgets = self._get_widgets()
.venv\lib\site-packages\panel\param.py:501: in _get_widgets
    widgets += [(pname, self.widget(pname)) for pname in self._ordered_params]
.venv\lib\site-packages\panel\param.py:501: in &lt;listcomp&gt;
    widgets += [(pname, self.widget(pname)) for pname in self._ordered_params]
.venv\lib\site-packages\panel\param.py:374: in widget
    widget = widget_class(**kwargs)
package\awesome_panel\express\components\wired.py:544: in __init__
    super().__init__(min_height=min_height, **params)
package\awesome_panel\express\components\wired.py:42: in __init__
    super().__init__(**params)
.venv\lib\site-packages\panel\widgets\web_component.py:210: in __init__
    super(WebComponent, self).__init__(**params)
.venv\lib\site-packages\panel\widgets\base.py:60: in __init__
    super(Widget, self).__init__(**params)
.venv\lib\site-packages\panel\reactive.py:57: in __init__
    super(Syncable, self).__init__(**params)
.venv\lib\site-packages\panel\viewable.py:364: in __init__
    super(Renderable, self).__init__(**params)
.venv\lib\site-packages\panel\viewable.py:215: in __init__
    super(Layoutable, self).__init__(**params)
.venv\lib\site-packages\param\parameterized.py:2340: in __init__
    self.param._setup_params(**params)
.venv\lib\site-packages\param\parameterized.py:991: in override_initialization
    fn(parameterized_instance,*args,**kw)
.venv\lib\site-packages\param\parameterized.py:1202: in _setup_params
    setattr(self,name,val)
.venv\lib\site-packages\param\parameterized.py:296: in _f
    return f(self, obj, val)
.venv\lib\site-packages\param\parameterized.py:823: in __set__
    self._validate(val)
_ _ _ _ _ _ _ _ _ _ _ _ _ _ _ _ _ _ _ _ _ _ _ _ _ _ _ _ _ _ _ _ _ _ _ _ _ _ _ _

self = &lt;param.parameterized.String object at 0x000002063BA54B88&gt;, val = 30.01

    def _validate(self, val):
        if self.allow_None and val is None:
            return
    
        if not isinstance(val, basestring):
&gt;           raise ValueError(&quot;String &apos;%s&apos; only takes a string value.&quot;%self.name)
E           ValueError: String &apos;value&apos; only takes a string value.

.venv\lib\site-packages\param\parameterized.py:951: ValueError</failure></testcase></testsuite></testsuites>