<?xml version="1.0" encoding="utf-8"?><testsuites><testsuite errors="0" failures="1" hostname="PC70601" name="pytest" skipped="0" tests="27" time="11.142" timestamp="2019-12-07T04:54:12.418794"><testcase classname="tests.test_platform" file="tests\test_platform.py" line="5" name="test_64bit" time="0.002"></testcase><testcase classname="tests.test_platform" file="tests\test_platform.py" line="10" name="test_python_version" time="0.000"></testcase><testcase classname="tests.gallery.bootstrap_dashboard.test_components" file="tests\gallery\bootstrap_dashboard\test_components.py" line="8" name="test_about" time="0.130"></testcase><testcase classname="tests.gallery.bootstrap_dashboard.test_components" file="tests\gallery\bootstrap_dashboard\test_components.py" line="18" name="test_dashboard_plot" time="2.256"></testcase><testcase classname="package.tests.test_bootstrap" file="package\tests\test_bootstrap.py" line="8" name="test_info_alert" time="0.054"></testcase><testcase classname="package.tests.test_bootstrap" file="package\tests\test_bootstrap.py" line="25" name="test_warning_alert" time="0.029"><system-out>{&apos;css_classes&apos;: [&apos;alert&apos;, &apos;alert-warning&apos;]}
</system-out></testcase><testcase classname="package.tests.test_bootstrap" file="package\tests\test_bootstrap.py" line="42" name="test_error_alert" time="0.026"></testcase><testcase classname="package.tests.test_bootstrap" file="package\tests\test_bootstrap.py" line="59" name="test_info_alert_height_problem" time="0.040"></testcase><testcase classname="package.tests.test_bootstrap_dashboard" file="package\tests\test_bootstrap_dashboard.py" line="30" name="test_app" time="0.059"></testcase><testcase classname="package.tests.test_bootstrap_dashboard" file="package\tests\test_bootstrap_dashboard.py" line="41" name="test_markdown_image_width_max_100_percent" time="0.006"></testcase><testcase classname="package.tests.test_browserurl" file="package\tests\test_browserurl.py" line="16" name="test_url" time="0.004"></testcase><testcase classname="package.tests.test_browserurl" file="package\tests\test_browserurl.py" line="29" name="test_pn_url" time="0.033"></testcase><testcase classname="package.tests.test_fontawesome" file="package\tests\test_fontawesome.py" line="15" name="test_html_with_font_awesome" time="0.015"></testcase><testcase classname="package.tests.test_fontawesome" file="package\tests\test_fontawesome.py" line="34" name="test_button_with_font_awesome" time="0.016"></testcase><testcase classname="package.tests.test_fontawesome" file="package\tests\test_fontawesome.py" line="52" name="test_get_fontawesome_panel_express_css" time="0.370"><failure message="FileNotFoundError: [Errno 2] No such file or directory: &apos;C:\\repos\\private\\awesome-panel\\package\\tests\\out\\test_fontawesome_panel_express.css&apos;">def test_get_fontawesome_panel_express_css():
        &quot;Test that get_fontawesome_panel_express can return a text string without error&quot;
        # When
        actual = fontawesome.fontawesome.get_fontawesome_panel_express()
        # Then
        assert actual
        assert fontawesome.fontawesome._FONTAWESOME_PANEL_EXPRESS_HEADER in actual
        assert &apos;div.bk.pa-bus div.bk *::before{content:&quot;\\f207&quot;}&apos; in actual
    
&gt;       with open(OUT / &quot;test_fontawesome_panel_express.css&quot;, &quot;w&quot;) as file:
E       FileNotFoundError: [Errno 2] No such file or directory: &apos;C:\\repos\\private\\awesome-panel\\package\\tests\\out\\test_fontawesome_panel_express.css&apos;

package\tests\test_fontawesome.py:62: FileNotFoundError</failure></testcase><testcase classname="package.tests.test_fontawesome" file="package\tests\test_fontawesome.py" line="65" name="test__to_fontawesome_panel_express_css[.fa-bus:before{content:&quot;\\f207&quot;}.fa-bus-alt:before{content:&quot;\\f55e&quot;}-div.bk.pa-bus div.bk *::before{content:&quot;\\f207&quot;}\ndiv.bk.pa-bus-alt div.bk *::before{content:&quot;\\f55e&quot;}]" time="0.001"></testcase><testcase classname="package.tests.test_headings" file="package\tests\test_headings.py" line="7" name="test_headings" time="0.012"></testcase><testcase classname="package.tests.test_headings" file="package\tests\test_headings.py" line="30" name="test_title_centered_white" time="0.003"></testcase><testcase classname="package.tests.test_headings" file="package\tests\test_headings.py" line="47" name="test_with_url" time="0.006"></testcase><testcase classname="package.tests.test_markdown" file="package\tests\test_markdown.py" line="9" name="test_pn_original" time="0.017"></testcase><testcase classname="package.tests.test_markdown" file="package\tests\test_markdown.py" line="28" name="test_pn_file" time="0.023"></testcase><testcase classname="package.tests.test_navigation" file="package\tests\test_navigation.py" line="7" name="test_pn_navigation_button" time="0.022"></testcase><testcase classname="package.tests.test_navigation" file="package\tests\test_navigation.py" line="34" name="test_pn_navigation" time="0.046"></testcase><testcase classname="package.tests.test_navigation" file="package\tests\test_navigation.py" line="54" name="test_pn_navigation_with_font_awesome" time="0.029"></testcase><testcase classname="package.tests.test_panes" file="package\tests\test_panes.py" line="7" name="test_divider" time="0.013"></testcase><testcase classname="package.tests.test_panes" file="package\tests\test_panes.py" line="16" name="test_markdown" time="0.011"></testcase><testcase classname="package.tests.test_panes" file="package\tests\test_panes.py" line="27" name="test_code" time="0.080"></testcase></testsuite></testsuites>