<?xml version="1.0" encoding="utf-8"?><testsuites><testsuite errors="0" failures="0" hostname="PC70601" name="pytest" skipped="0" tests="92" time="10.130" timestamp="2020-04-07T04:34:45.992093"><testcase classname="tests.test_platform" file="tests\test_platform.py" line="5" name="test_64bit" time="0.002"></testcase><testcase classname="tests.test_platform" file="tests\test_platform.py" line="10" name="test_python_version" time="0.001"></testcase><testcase classname="tests.src.test_core_services" file="tests\src\test_core_services.py" line="5" name="test_module_to_github_url" time="0.002"></testcase><testcase classname="tests.src.page.test_gallery" file="tests\src\page\test_gallery.py" line="13" name="test_gallery" time="0.049"></testcase><testcase classname="tests.src.page.test_pages" file="tests\src\page\test_pages.py" line="10" name="test_home" time="0.003"></testcase><testcase classname="tests.src.page.test_pages" file="tests\src\page\test_pages.py" line="18" name="test_resources" time="0.003"></testcase><testcase classname="tests.src.page.gallery.test_gallery" file="tests\src\page\gallery\test_gallery.py" line="11" name="test_gallery_button" time="0.005"></testcase><testcase classname="tests.src.page.gallery.test_yahooquery_app" file="tests\src\page\gallery\test_yahooquery_app.py" line="5" name="test_base__page__data_balance_sheet_quarterly" time="0.501"></testcase><testcase classname="tests.src.page.gallery.training_analysis.models.test_athlete" file="tests\src\page\gallery\training_analysis\models\test_athlete.py" line="5" name="test_constructor" time="0.004"></testcase><testcase classname="tests.src.page.gallery.training_analysis.models.test_performance_curve" file="tests\src\page\gallery\training_analysis\models\test_performance_curve.py" line="6" name="test_constructor" time="0.000"></testcase><testcase classname="tests.src.page.gallery.training_analysis.plots.test_activity_plots" file="tests\src\page\gallery\training_analysis\plots\test_activity_plots.py" line="7" name="test_activity_data_plots_none" time="0.002"></testcase><testcase classname="tests.src.page.gallery.training_analysis.plots.test_activity_plots" file="tests\src\page\gallery\training_analysis\plots\test_activity_plots.py" line="12" name="test_activity_data_plots_empty" time="0.003"></testcase><testcase classname="tests.src.page.gallery.training_analysis.plots.test_activity_plots" file="tests\src\page\gallery\training_analysis\plots\test_activity_plots.py" line="17" name="test_map_plot_none" time="0.001"></testcase><testcase classname="tests.src.page.gallery.training_analysis.plots.test_activity_plots" file="tests\src\page\gallery\training_analysis\plots\test_activity_plots.py" line="22" name="test_map_plot_empty" time="0.001"></testcase><testcase classname="tests.src.page.gallery.training_analysis.services.test_fit_file_service" file="tests\src\page\gallery\training_analysis\services\test_fit_file_service.py" line="11" name="test__convert_units" time="0.020"></testcase><testcase classname="tests.src.page.gallery.training_analysis.services.test_fit_file_service" file="tests\src\page\gallery\training_analysis\services\test_fit_file_service.py" line="42" name="test_parse_fit_file" time="1.903"></testcase><testcase classname="tests.src.page.gallery.training_analysis.views.test_activity_view" file="tests\src\page\gallery\training_analysis\views\test_activity_view.py" line="9" name="test_activity_view" time="0.010"></testcase><testcase classname="tests.src.page.gallery.training_analysis.views.test_athlete_view" file="tests\src\page\gallery\training_analysis\views\test_athlete_view.py" line="9" name="test_athlete_edit_view" time="0.012"></testcase><testcase classname="tests.src.page.gallery.training_analysis.views.test_performance_curve_view" file="tests\src\page\gallery\training_analysis\views\test_performance_curve_view.py" line="11" name="test_performance_curve_update_view" time="0.110"></testcase><testcase classname="package.tests.test_bootstrap_dashboard" file="package\tests\test_bootstrap_dashboard.py" line="6" name="test_app_attributes" time="0.038"></testcase><testcase classname="package.tests.test_bootstrap_dashboard" file="package\tests\test_bootstrap_dashboard.py" line="19" name="test_app_with_content" time="0.032"></testcase><testcase classname="package.tests.test_browserurl" file="package\tests\test_browserurl.py" line="19" name="test_url" time="0.000"></testcase><testcase classname="package.tests.test_browserurl" file="package\tests\test_browserurl.py" line="32" name="test_pn_url" time="0.013"></testcase><testcase classname="package.tests.test_dataframe" file="package\tests\test_dataframe.py" line="7" name="test_get_default_formatters" time="0.003"><system-out>{&apos;int&apos;: NumberFormatter(id=&apos;1001&apos;, ...), &apos;float&apos;: NumberFormatter(id=&apos;1002&apos;, ...), &apos;index&apos;: NumberFormatter(id=&apos;1003&apos;, ...)}
</system-out></testcase><testcase classname="package.tests.test_dataframe" file="package\tests\test_dataframe.py" line="31" name="test_get_default_formatters_multi_level_index" time="0.007"><system-out>{&apos;int&apos;: NumberFormatter(id=&apos;1004&apos;, ...), &apos;float&apos;: NumberFormatter(id=&apos;1005&apos;, ...)}
</system-out></testcase><testcase classname="package.tests.test_fontawesome" file="package\tests\test_fontawesome.py" line="11" name="test_get_fontawesome_panel_express_css" time="0.291"></testcase><testcase classname="package.tests.test_fontawesome" file="package\tests\test_fontawesome.py" line="24" name="test__to_fontawesome_panel_express_css[.fa-bus:before{content:&quot;\\f207&quot;}.fa-bus-alt:before{content:&quot;\\f55e&quot;}-div.bk.pa-bus div.bk *::before{content:&quot;\\f207&quot;}\ndiv.bk.pa-bus-alt div.bk *::before{content:&quot;\\f55e&quot;}]" time="0.000"></testcase><testcase classname="package.tests.test_navigation" file="package\tests\test_navigation.py" line="7" name="test_pn_navigation_button" time="0.004"></testcase><testcase classname="package.tests.test_navigation" file="package\tests\test_navigation.py" line="34" name="test_pn_navigation" time="0.008"></testcase><testcase classname="package.tests.test_navigation" file="package\tests\test_navigation.py" line="57" name="test_pn_navigation_with_font_awesome" time="0.009"></testcase><testcase classname="package.tests.test_progress_ext" file="package\tests\test_progress_ext.py" line="17" name="test_constructor" time="0.001"></testcase><testcase classname="package.tests.test_progress_ext" file="package\tests\test_progress_ext.py" line="27" name="test_update" time="0.001"></testcase><testcase classname="package.tests.test_progress_ext" file="package\tests\test_progress_ext.py" line="40" name="test_reset" time="0.002"></testcase><testcase classname="package.tests.test_pydeck" file="package\tests\test_pydeck.py" line="7" name="test__repr_html" time="0.006"></testcase><testcase classname="package.tests.test_pydeck" file="package\tests\test_pydeck.py" line="37" name="test__repr_html_none" time="0.003"></testcase><testcase classname="package.tests.test_share_link" file="package\tests\test_share_link.py" line="5" name="test_base" time="0.003"></testcase><testcase classname="package.tests.test_share_link" file="package\tests\test_share_link.py" line="29" name="test_facebook" time="0.003"></testcase><testcase classname="package.tests.test_share_link" file="package\tests\test_share_link.py" line="48" name="test_linked_in" time="0.000"></testcase><testcase classname="package.tests.test_share_link" file="package\tests\test_share_link.py" line="68" name="test_twitter" time="0.002"></testcase><testcase classname="package.tests.test_share_link" file="package\tests\test_share_link.py" line="77" name="test_reddit" time="0.001"></testcase><testcase classname="package.tests.core.test_app" file="package\tests\core\test_app.py" line="7" name="test_title_awesome" time="0.004"></testcase><testcase classname="package.tests.core.test_services" file="package\tests\core\test_services.py" line="4" name="test_module_to_github_url" time="0.001"></testcase><testcase classname="package.tests.shared.test_models" file="package\tests\shared\test_models.py" line="37" name="test_tag__init__" time="0.002"></testcase><testcase classname="package.tests.shared.test_models" file="package\tests\shared\test_models.py" line="42" name="test_tag__str__" time="0.002"></testcase><testcase classname="package.tests.shared.test_models" file="package\tests\shared\test_models.py" line="47" name="test_author__init__" time="0.001"></testcase><testcase classname="package.tests.shared.test_models" file="package\tests\shared\test_models.py" line="55" name="test_author__str__" time="0.002"></testcase><testcase classname="package.tests.shared.test_models" file="package\tests\shared\test_models.py" line="60" name="test_resource__init__" time="0.000"></testcase><testcase classname="package.tests.shared.test_models" file="package\tests\shared\test_models.py" line="72" name="test_resource__str__" time="0.000"></testcase><testcase classname="package.tests.shared.test_models" file="package\tests\shared\test_models.py" line="77" name="test_resource_to_markdown_bullet" time="0.001"></testcase><testcase classname="package.tests.shared.test_models" file="package\tests\shared\test_models.py" line="85" name="test_screenshot_file" time="0.000"></testcase><testcase classname="package.tests.shared.test_models" file="package\tests\shared\test_models.py" line="93" name="test_author_to_html" time="0.002"></testcase><testcase classname="src.pages.gallery.awesome_panel_express_tests.test_bootstrap_alerts" file="src\pages\gallery\awesome_panel_express_tests\test_bootstrap_alerts.py" line="19" name="test_info_alert" time="0.002"></testcase><testcase classname="src.pages.gallery.awesome_panel_express_tests.test_bootstrap_alerts" file="src\pages\gallery\awesome_panel_express_tests\test_bootstrap_alerts.py" line="32" name="test_warning_alert" time="0.003"></testcase><testcase classname="src.pages.gallery.awesome_panel_express_tests.test_bootstrap_alerts" file="src\pages\gallery\awesome_panel_express_tests\test_bootstrap_alerts.py" line="46" name="test_error_alert" time="0.005"></testcase><testcase classname="src.pages.gallery.awesome_panel_express_tests.test_bootstrap_card" file="src\pages\gallery\awesome_panel_express_tests\test_bootstrap_card.py" line="33" name="test_card" time="0.003"></testcase><testcase classname="src.pages.gallery.awesome_panel_express_tests.test_bootstrap_card" file="src\pages\gallery\awesome_panel_express_tests\test_bootstrap_card.py" line="46" name="test_card_fixed_width" time="0.003"></testcase><testcase classname="src.pages.gallery.awesome_panel_express_tests.test_bootstrap_card" file="src\pages\gallery\awesome_panel_express_tests\test_bootstrap_card.py" line="97" name="test_card_with_plot" time="0.071"></testcase><testcase classname="src.pages.gallery.awesome_panel_express_tests.test_bootstrap_card" file="src\pages\gallery\awesome_panel_express_tests\test_bootstrap_card.py" line="109" name="test_card_with_multiple_panels" time="0.110"></testcase><testcase classname="src.pages.gallery.awesome_panel_express_tests.test_bootstrap_card" file="src\pages\gallery\awesome_panel_express_tests\test_bootstrap_card.py" line="129" name="test_card_collapsable" time="0.057"></testcase><testcase classname="src.pages.gallery.awesome_panel_express_tests.test_bootstrap_card" file="src\pages\gallery\awesome_panel_express_tests\test_bootstrap_card.py" line="155" name="test_card_with_code" time="0.004"></testcase><testcase classname="src.pages.gallery.awesome_panel_express_tests.test_code" file="src\pages\gallery\awesome_panel_express_tests\test_code.py" line="8" name="test_code" time="0.002"></testcase><testcase classname="src.pages.gallery.awesome_panel_express_tests.test_dataframe" file="src\pages\gallery\awesome_panel_express_tests\test_dataframe.py" line="18" name="test_get_default_formatters" time="0.005"></testcase><testcase classname="src.pages.gallery.awesome_panel_express_tests.test_divider" file="src\pages\gallery\awesome_panel_express_tests\test_divider.py" line="12" name="test_divider" time="0.003"></testcase><testcase classname="src.pages.gallery.awesome_panel_express_tests.test_fontawesome" file="src\pages\gallery\awesome_panel_express_tests\test_fontawesome.py" line="13" name="test_html_with_font_awesome" time="0.004"></testcase><testcase classname="src.pages.gallery.awesome_panel_express_tests.test_fontawesome" file="src\pages\gallery\awesome_panel_express_tests\test_fontawesome.py" line="28" name="test_button_with_font_awesome" time="0.003"></testcase><testcase classname="src.pages.gallery.awesome_panel_express_tests.test_headings" file="src\pages\gallery\awesome_panel_express_tests\test_headings.py" line="8" name="test_headings" time="0.006"></testcase><testcase classname="src.pages.gallery.awesome_panel_express_tests.test_headings" file="src\pages\gallery\awesome_panel_express_tests\test_headings.py" line="26" name="test_title_centered_white" time="0.005"></testcase><testcase classname="src.pages.gallery.awesome_panel_express_tests.test_headings" file="src\pages\gallery\awesome_panel_express_tests\test_headings.py" line="38" name="test_with_url" time="0.005"></testcase><testcase classname="src.pages.gallery.awesome_panel_express_tests.test_markdown" file="src\pages\gallery\awesome_panel_express_tests\test_markdown.py" line="19" name="test_markdown" time="0.003"></testcase><testcase classname="src.pages.gallery.awesome_panel_express_tests.test_markdown" file="src\pages\gallery\awesome_panel_express_tests\test_markdown.py" line="36" name="test_markdown_from_file" time="0.004"></testcase><testcase classname="src.pages.gallery.awesome_panel_express_tests.test_markdown" file="src\pages\gallery\awesome_panel_express_tests\test_markdown.py" line="48" name="test_markdown_indendation" time="0.003"></testcase><testcase classname="src.pages.gallery.awesome_panel_express_tests.test_markdown" file="src\pages\gallery\awesome_panel_express_tests\test_markdown.py" line="57" name="test_markdown_code_block" time="0.005"></testcase><testcase classname="src.pages.gallery.awesome_panel_express_tests.test_modal" file="src\pages\gallery\awesome_panel_express_tests\test_modal.py" line="36" name="test_modal" time="0.004"></testcase><testcase classname="src.pages.gallery.awesome_panel_express_tests.test_modal" file="src\pages\gallery\awesome_panel_express_tests\test_modal.py" line="42" name="test_modal_settings" time="0.012"></testcase><testcase classname="src.pages.gallery.awesome_panel_express_tests.test_progress_ext" file="src\pages\gallery\awesome_panel_express_tests\test_progress_ext.py" line="39" name="test_view_value_and_message" time="0.005"></testcase><testcase classname="src.pages.gallery.awesome_panel_express_tests.test_progress_ext" file="src\pages\gallery\awesome_panel_express_tests\test_progress_ext.py" line="50" name="test_view_message_only" time="0.005"></testcase><testcase classname="src.pages.gallery.awesome_panel_express_tests.test_progress_ext" file="src\pages\gallery\awesome_panel_express_tests\test_progress_ext.py" line="61" name="test_view_value_only" time="0.002"></testcase><testcase classname="src.pages.gallery.awesome_panel_express_tests.test_progress_ext" file="src\pages\gallery\awesome_panel_express_tests\test_progress_ext.py" line="71" name="test_view_none" time="0.004"></testcase><testcase classname="src.pages.gallery.awesome_panel_express_tests.test_progress_ext" file="src\pages\gallery\awesome_panel_express_tests\test_progress_ext.py" line="81" name="test_bar_color" time="0.006"></testcase><testcase classname="src.pages.gallery.awesome_panel_express_tests.test_progress_ext" file="src\pages\gallery\awesome_panel_express_tests\test_progress_ext.py" line="92" name="test_report_as_context_manager" time="0.010"></testcase><testcase classname="src.pages.gallery.awesome_panel_express_tests.test_progress_ext" file="src\pages\gallery\awesome_panel_express_tests\test_progress_ext.py" line="110" name="test_report_as_decorator" time="0.012"></testcase><testcase classname="src.pages.gallery.awesome_panel_express_tests.test_progress_ext" file="src\pages\gallery\awesome_panel_express_tests\test_progress_ext.py" line="128" name="test_increment_as_context_manager" time="0.008"></testcase><testcase classname="src.pages.gallery.awesome_panel_express_tests.test_progress_ext" file="src\pages\gallery\awesome_panel_express_tests\test_progress_ext.py" line="146" name="test_increment_as_decorator" time="0.008"></testcase><testcase classname="src.pages.gallery.awesome_panel_express_tests.test_share_links" file="src\pages\gallery\awesome_panel_express_tests\test_share_links.py" line="29" name="test_facebook" time="0.001"></testcase><testcase classname="src.pages.gallery.awesome_panel_express_tests.test_share_links" file="src\pages\gallery\awesome_panel_express_tests\test_share_links.py" line="38" name="test_linkedin" time="0.012"></testcase><testcase classname="src.pages.gallery.awesome_panel_express_tests.test_share_links" file="src\pages\gallery\awesome_panel_express_tests\test_share_links.py" line="47" name="test_mail" time="0.003"></testcase><testcase classname="src.pages.gallery.awesome_panel_express_tests.test_share_links" file="src\pages\gallery\awesome_panel_express_tests\test_share_links.py" line="56" name="test_twitter" time="0.003"></testcase><testcase classname="src.pages.gallery.awesome_panel_express_tests.test_share_links" file="src\pages\gallery\awesome_panel_express_tests\test_share_links.py" line="65" name="test_reddit" time="0.002"></testcase><testcase classname="src.pages.gallery.awesome_panel_express_tests.test_spinners" file="src\pages\gallery\awesome_panel_express_tests\test_spinners.py" line="16" name="test_default_spinner" time="0.004"></testcase><testcase classname="src.pages.gallery.awesome_panel_express_tests.test_spinners" file="src\pages\gallery\awesome_panel_express_tests\test_spinners.py" line="22" name="test_all_spinners" time="0.009"></testcase><testcase classname="src.pages.gallery.awesome_panel_express_tests.test_spinners" file="src\pages\gallery\awesome_panel_express_tests\test_spinners.py" line="28" name="test_spinner_while_python_executing" time="0.003"></testcase><testcase classname="src.pages.gallery.awesome_panel_express_tests.test_spinners" file="src\pages\gallery\awesome_panel_express_tests\test_spinners.py" line="48" name="test_spinner_can_be_centered" time="0.004"></testcase></testsuite></testsuites>