<?xml version="1.0" encoding="utf-8"?><testsuites><testsuite errors="0" failures="0" hostname="PC70601" name="pytest" skipped="1" tests="144" time="11.545" timestamp="2020-05-05T05:25:02.769758"><testcase classname="tests.test_platform" file="tests\test_platform.py" line="5" name="test_64bit" time="0.000"></testcase><testcase classname="tests.test_platform" file="tests\test_platform.py" line="10" name="test_python_version" time="0.000"></testcase><testcase classname="tests.package.test_core_services" file="tests\package\test_core_services.py" line="5" name="test_module_to_github_url" time="0.000"></testcase><testcase classname="tests.package.pages.test_gallery" file="tests\package\pages\test_gallery.py" line="14" name="test_gallery" time="0.000"></testcase><testcase classname="tests.package.pages.test_gallery_button" file="tests\package\pages\test_gallery_button.py" line="11" name="test_gallery_button" time="0.000"><skipped message="" type="pytest.xfail"></skipped></testcase><testcase classname="tests.package.pages.test_pages" file="tests\package\pages\test_pages.py" line="10" name="test_home" time="0.000"></testcase><testcase classname="tests.package.pages.test_pages" file="tests\package\pages\test_pages.py" line="18" name="test_resources" time="0.000"></testcase><testcase classname="tests.package.pages.test_yahooquery_app" file="tests\package\pages\test_yahooquery_app.py" line="5" name="test_base__page__data_balance_sheet_quarterly" time="0.585"></testcase><testcase classname="tests.package.pages.training_analysis.models.test_athlete" file="tests\package\pages\training_analysis\models\test_athlete.py" line="5" name="test_constructor" time="0.000"></testcase><testcase classname="tests.package.pages.training_analysis.models.test_performance_curve" file="tests\package\pages\training_analysis\models\test_performance_curve.py" line="6" name="test_constructor" time="0.000"></testcase><testcase classname="tests.package.pages.training_analysis.plots.test_activity_plots" file="tests\package\pages\training_analysis\plots\test_activity_plots.py" line="7" name="test_activity_data_plots_none" time="0.000"></testcase><testcase classname="tests.package.pages.training_analysis.plots.test_activity_plots" file="tests\package\pages\training_analysis\plots\test_activity_plots.py" line="12" name="test_activity_data_plots_empty" time="0.000"></testcase><testcase classname="tests.package.pages.training_analysis.plots.test_activity_plots" file="tests\package\pages\training_analysis\plots\test_activity_plots.py" line="17" name="test_map_plot_none" time="0.000"></testcase><testcase classname="tests.package.pages.training_analysis.plots.test_activity_plots" file="tests\package\pages\training_analysis\plots\test_activity_plots.py" line="22" name="test_map_plot_empty" time="0.000"></testcase><testcase classname="tests.package.pages.training_analysis.services.test_fit_file_service" file="tests\package\pages\training_analysis\services\test_fit_file_service.py" line="11" name="test__convert_units" time="0.019"></testcase><testcase classname="tests.package.pages.training_analysis.services.test_fit_file_service" file="tests\package\pages\training_analysis\services\test_fit_file_service.py" line="42" name="test_parse_fit_file" time="1.681"></testcase><testcase classname="tests.package.pages.training_analysis.views.test_activity_view" file="tests\package\pages\training_analysis\views\test_activity_view.py" line="9" name="test_activity_view" time="0.023"></testcase><testcase classname="tests.package.pages.training_analysis.views.test_athlete_view" file="tests\package\pages\training_analysis\views\test_athlete_view.py" line="9" name="test_athlete_edit_view" time="0.009"></testcase><testcase classname="tests.package.pages.training_analysis.views.test_performance_curve_view" file="tests\package\pages\training_analysis\views\test_performance_curve_view.py" line="11" name="test_performance_curve_update_view" time="0.146"></testcase><testcase classname="package.tests.test_bootstrap_dashboard" file="package\tests\test_bootstrap_dashboard.py" line="6" name="test_app_attributes" time="0.060"></testcase><testcase classname="package.tests.test_bootstrap_dashboard" file="package\tests\test_bootstrap_dashboard.py" line="19" name="test_app_with_content" time="0.054"></testcase><testcase classname="package.tests.test_browserurl" file="package\tests\test_browserurl.py" line="19" name="test_url" time="0.004"></testcase><testcase classname="package.tests.test_browserurl" file="package\tests\test_browserurl.py" line="32" name="test_pn_url" time="0.030"></testcase><testcase classname="package.tests.test_dataframe" file="package\tests\test_dataframe.py" line="7" name="test_get_default_formatters" time="0.010"><system-out>{&apos;int&apos;: NumberFormatter(id=&apos;1001&apos;, ...), &apos;float&apos;: NumberFormatter(id=&apos;1002&apos;, ...), &apos;index&apos;: NumberFormatter(id=&apos;1003&apos;, ...)}
</system-out></testcase><testcase classname="package.tests.test_dataframe" file="package\tests\test_dataframe.py" line="31" name="test_get_default_formatters_multi_level_index" time="0.011"><system-out>{&apos;int&apos;: NumberFormatter(id=&apos;1004&apos;, ...), &apos;float&apos;: NumberFormatter(id=&apos;1005&apos;, ...)}
</system-out></testcase><testcase classname="package.tests.test_fontawesome" file="package\tests\test_fontawesome.py" line="11" name="test_get_fontawesome_panel_express_css" time="0.342"></testcase><testcase classname="package.tests.test_fontawesome" file="package\tests\test_fontawesome.py" line="24" name="test__to_fontawesome_panel_express_css[.fa-bus:before{content:&quot;\\f207&quot;}.fa-bus-alt:before{content:&quot;\\f55e&quot;}-div.bk.pa-bus div.bk *::before{content:&quot;\\f207&quot;}\ndiv.bk.pa-bus-alt div.bk *::before{content:&quot;\\f55e&quot;}]" time="0.000"></testcase><testcase classname="package.tests.test_navigation" file="package\tests\test_navigation.py" line="7" name="test_pn_navigation_button" time="0.000"></testcase><testcase classname="package.tests.test_navigation" file="package\tests\test_navigation.py" line="34" name="test_pn_navigation" time="0.016"></testcase><testcase classname="package.tests.test_navigation" file="package\tests\test_navigation.py" line="57" name="test_pn_navigation_with_font_awesome" time="0.000"></testcase><testcase classname="package.tests.test_progress_ext" file="package\tests\test_progress_ext.py" line="17" name="test_constructor" time="0.000"></testcase><testcase classname="package.tests.test_progress_ext" file="package\tests\test_progress_ext.py" line="27" name="test_update" time="0.016"></testcase><testcase classname="package.tests.test_progress_ext" file="package\tests\test_progress_ext.py" line="40" name="test_reset" time="0.002"></testcase><testcase classname="package.tests.test_pydeck" file="package\tests\test_pydeck.py" line="7" name="test__repr_html" time="0.006"></testcase><testcase classname="package.tests.test_pydeck" file="package\tests\test_pydeck.py" line="37" name="test__repr_html_none" time="0.001"></testcase><testcase classname="package.tests.test_share_link" file="package\tests\test_share_link.py" line="5" name="test_base" time="0.002"></testcase><testcase classname="package.tests.test_share_link" file="package\tests\test_share_link.py" line="29" name="test_facebook" time="0.001"></testcase><testcase classname="package.tests.test_share_link" file="package\tests\test_share_link.py" line="48" name="test_linked_in" time="0.000"></testcase><testcase classname="package.tests.test_share_link" file="package\tests\test_share_link.py" line="68" name="test_twitter" time="0.000"></testcase><testcase classname="package.tests.test_share_link" file="package\tests\test_share_link.py" line="77" name="test_reddit" time="0.000"></testcase><testcase classname="package.tests.application.components.test_loading_page_component" file="package\tests\application\components\test_loading_page_component.py" line="7" name="test_can_construct_loading_page_component" time="0.009"><system-err>WARNING:param.LoadingPageComponent02008: Setting non-parameter attribute page_component=&lt;PageComponent Page&gt; using a mechanism intended only for parameters
</system-err></testcase><testcase classname="package.tests.application.components.test_loading_page_component" file="package\tests\application\components\test_loading_page_component.py" line="13" name="test_can_show" time="0.005"><system-err>WARNING:param.LoadingPageComponent02026: Setting non-parameter attribute page_component=&lt;PageComponent Page&gt; using a mechanism intended only for parameters
</system-err></testcase><testcase classname="package.tests.application.components.test_page_component" file="package\tests\application\components\test_page_component.py" line="8" name="test_can_construct_page_component" time="0.003"></testcase><testcase classname="package.tests.application.components.test_page_component" file="package\tests\application\components\test_page_component.py" line="17" name="test_can_create_page_component_from_page_component" time="0.002"></testcase><testcase classname="package.tests.application.components.test_page_component" file="package\tests\application\components\test_page_component.py" line="24" name="test_can_create_page_component_from_page_component_subclass" time="0.001"></testcase><testcase classname="package.tests.application.components.test_page_component" file="package\tests\application\components\test_page_component.py" line="36" name="test_can_create_page_component_from_instance_of_page_component_subclass" time="0.001"></testcase><testcase classname="package.tests.application.components.test_page_component" file="package\tests\application\components\test_page_component.py" line="48" name="test_can_create_page_component_from_callable" time="0.001"></testcase><testcase classname="package.tests.application.components.test_page_component" file="package\tests\application\components\test_page_component.py" line="61" name="test_can_create_page_component_from_class_with_view_func" time="0.002"></testcase><testcase classname="package.tests.application.components.test_page_component" file="package\tests\application\components\test_page_component.py" line="76" name="test_can_create_page_component_from_instance_with_view_func" time="0.002"></testcase><testcase classname="package.tests.application.components.test_page_component" file="package\tests\application\components\test_page_component.py" line="91" name="test_can_create_page_component_from_reactive" time="0.005"></testcase><testcase classname="package.tests.application.components.test_page_component" file="package\tests\application\components\test_page_component.py" line="100" name="test_can_create_page_component_from_string" time="0.002"></testcase><testcase classname="package.tests.application.components.test_page_component" file="package\tests\application\components\test_page_component.py" line="109" name="test_can_create_page_component_from_class_with_main_and_sidebar" time="0.003"></testcase><testcase classname="package.tests.application.components.test_page_component" file="package\tests\application\components\test_page_component.py" line="129" name="test_can_create_page_component_from_instance_with_main_and_sidebar" time="0.001"></testcase><testcase classname="package.tests.application.components.test_progress_spinner" file="package\tests\application\components\test_progress_spinner.py" line="6" name="test_can_construct" time="0.003"></testcase><testcase classname="package.tests.application.components.test_progress_spinner" file="package\tests\application\components\test_progress_spinner.py" line="14" name="test_fixtures_setup_as_expected" time="0.006"></testcase><testcase classname="package.tests.application.components.test_progress_spinner" file="package\tests\application\components\test_progress_spinner.py" line="20" name="test_can_spin" time="0.007"></testcase><testcase classname="package.tests.application.components.test_progress_spinner" file="package\tests\application\components\test_progress_spinner.py" line="33" name="test_can_convert_spinner_url_to_img_html" time="0.006"></testcase><testcase classname="package.tests.application.models.test_application" file="package\tests\application\models\test_application.py" line="8" name="test_can_construct_application_without_exceptions" time="0.008"><system-err>WARNING:param.Application02125: Setting non-parameter attribute themes=[Theme(bokeh_disable_logo=True, bokeh_theme_json=None, color_cycle=(&apos;#1f77b4&apos;, &apos;#aec7e8&apos;, &apos;#ff7f0e&apos;, &apos;#ffbb78&apos;, &apos;#2ca02c&apos;, &apos;#98df8a&apos;, &apos;#d62728&apos;, &apos;#ff9896&apos;, &apos;#9467bd&apos;, &apos;#c5b0d5&apos;, &apos;#8c564b&apos;, &apos;#c49c94&apos;, &apos;#e377c2&apos;, &apos;#f7b6d2&apos;, &apos;#7f7f7f&apos;, &apos;#c7c7c7&apos;, &apos;#bcbd22&apos;, &apos;#dbdb8d&apos;, &apos;#17becf&apos;, &apos;#9edae5&apos;), css=&apos;&apos;, name=&apos;Dark&apos;, spinner_static_url=&apos;https://github.com/MarcSkovMadsen/awesome-panel/raw/master/assets/images/spinners/spinner_panel_static_light_400_340.gif&apos;, spinner_url=&apos;https://github.com/MarcSkovMadsen/awesome-panel/raw/master/assets/images/spinners/spinner_panel_breath_light_400_340.gif&apos;)] using a mechanism intended only for parameters
</system-err></testcase><testcase classname="package.tests.application.models.test_author" file="package\tests\application\models\test_author.py" line="2" name="test_can_construct_author" time="0.001"></testcase><testcase classname="package.tests.application.models.test_page" file="package\tests\application\models\test_page.py" line="5" name="test_can_construct_page" time="0.003"></testcase><testcase classname="package.tests.application.models.test_progress" file="package\tests\application\models\test_progress.py" line="5" name="test_can_construct" time="0.001"></testcase><testcase classname="package.tests.application.models.test_progress" file="package\tests\application\models\test_progress.py" line="13" name="test_active_works" time="0.002"></testcase><testcase classname="package.tests.application.models.test_resource" file="package\tests\application\models\test_resource.py" line="2" name="test_can_construct_resource" time="0.001"></testcase><testcase classname="package.tests.application.models.test_tag" file="package\tests\application\models\test_tag.py" line="2" name="test_can_construct_tag" time="0.001"></testcase><testcase classname="package.tests.application.models.test_theme" file="package\tests\application\models\test_theme.py" line="6" name="test_can_construct" time="0.002"></testcase><testcase classname="package.tests.application.services.test_author_service" file="package\tests\application\services\test_author_service.py" line="13" name="test_can_construct_author_service" time="0.002"></testcase><testcase classname="package.tests.application.services.test_author_service" file="package\tests\application\services\test_author_service.py" line="21" name="test_can_create_author" time="0.002"></testcase><testcase classname="package.tests.application.services.test_author_service" file="package\tests\application\services\test_author_service.py" line="30" name="test_can_read_author_by_name" time="0.003"></testcase><testcase classname="package.tests.application.services.test_author_service" file="package\tests\application\services\test_author_service.py" line="40" name="test_can_delete_author" time="0.002"></testcase><testcase classname="package.tests.application.services.test_author_service" file="package\tests\application\services\test_author_service.py" line="48" name="test_can_bulk_create_and_is_sorted" time="0.003"></testcase><testcase classname="package.tests.application.services.test_author_service" file="package\tests\application\services\test_author_service.py" line="62" name="test_a_common_author_service_exists" time="0.001"></testcase><testcase classname="package.tests.application.services.test_page_service" file="package\tests\application\services\test_page_service.py" line="7" name="test_can_construct_page_service" time="0.004"></testcase><testcase classname="package.tests.application.services.test_page_service" file="package\tests\application\services\test_page_service.py" line="12" name="test_can_create_page" time="0.002"></testcase><testcase classname="package.tests.application.services.test_page_service" file="package\tests\application\services\test_page_service.py" line="21" name="test_can_read_page_by_name" time="0.005"></testcase><testcase classname="package.tests.application.services.test_page_service" file="package\tests\application\services\test_page_service.py" line="31" name="test_can_delete_page" time="0.004"></testcase><testcase classname="package.tests.application.services.test_page_service" file="package\tests\application\services\test_page_service.py" line="39" name="test_can_bulk_create_and_is_sorted" time="0.003"><system-err>WARNING:param.a: Setting non-parameter attribute url= using a mechanism intended only for parameters
WARNING:param.a: Setting non-parameter attribute github_url= using a mechanism intended only for parameters
WARNING:param.a: Setting non-parameter attribute github_avatar_url= using a mechanism intended only for parameters
WARNING:param.b: Setting non-parameter attribute url= using a mechanism intended only for parameters
WARNING:param.b: Setting non-parameter attribute github_url= using a mechanism intended only for parameters
WARNING:param.b: Setting non-parameter attribute github_avatar_url= using a mechanism intended only for parameters
WARNING:param.c: Setting non-parameter attribute url= using a mechanism intended only for parameters
WARNING:param.c: Setting non-parameter attribute github_url= using a mechanism intended only for parameters
WARNING:param.c: Setting non-parameter attribute github_avatar_url= using a mechanism intended only for parameters
</system-err></testcase><testcase classname="package.tests.application.services.test_page_service" file="package\tests\application\services\test_page_service.py" line="54" name="test_a_common_page_service_exists" time="0.002"></testcase><testcase classname="package.tests.application.services.test_progress_service" file="package\tests\application\services\test_progress_service.py" line="20" name="test_can_be_constructed_with_default_values" time="0.003"></testcase><testcase classname="package.tests.application.services.test_progress_service" file="package\tests\application\services\test_progress_service.py" line="25" name="test_can_be_constructed_with_custom_values" time="0.001"></testcase><testcase classname="package.tests.application.services.test_progress_service" file="package\tests\application\services\test_progress_service.py" line="33" name="test_can_update" time="0.004"></testcase><testcase classname="package.tests.application.services.test_progress_service" file="package\tests\application\services\test_progress_service.py" line="43" name="test_can_reset" time="0.004"><system-err>WARNING:param.ProgressService02227: Setting non-parameter attribute value=10 using a mechanism intended only for parameters
WARNING:param.ProgressService02227: Setting non-parameter attribute message=hello world using a mechanism intended only for parameters
</system-err></testcase><testcase classname="package.tests.application.services.test_progress_service" file="package\tests\application\services\test_progress_service.py" line="53" name="test_can_use_report_func_as_context_manager" time="0.002"></testcase><testcase classname="package.tests.application.services.test_progress_service" file="package\tests\application\services\test_progress_service.py" line="66" name="test_can_use_report_func_as_decorator" time="0.002"></testcase><testcase classname="package.tests.application.services.test_progress_service" file="package\tests\application\services\test_progress_service.py" line="78" name="test_can_use_increment_func_as_context_manager" time="0.004"></testcase><testcase classname="package.tests.application.services.test_progress_service" file="package\tests\application\services\test_progress_service.py" line="96" name="test_can_use_increment_func_as_decorator" time="0.003"></testcase><testcase classname="package.tests.application.services.test_progress_service" file="package\tests\application\services\test_progress_service.py" line="112" name="test_can_use_active_count" time="0.004"></testcase><testcase classname="package.tests.application.services.test_progress_service" file="package\tests\application\services\test_progress_service.py" line="134" name="test_can_update_value_only" time="0.003"></testcase><testcase classname="package.tests.application.services.test_progress_service" file="package\tests\application\services\test_progress_service.py" line="150" name="test_can_update_value_max_only" time="0.002"></testcase><testcase classname="package.tests.application.services.test_progress_service" file="package\tests\application\services\test_progress_service.py" line="166" name="test_can_update_message_only" time="0.003"></testcase><testcase classname="package.tests.application.services.test_progress_service" file="package\tests\application\services\test_progress_service.py" line="182" name="test_can_update_active_count_only" time="0.002"></testcase><testcase classname="package.tests.application.services.test_tag_service" file="package\tests\application\services\test_tag_service.py" line="13" name="test_can_construct_tag_service" time="0.002"></testcase><testcase classname="package.tests.application.services.test_tag_service" file="package\tests\application\services\test_tag_service.py" line="17" name="test_can_create_tag" time="0.004"></testcase><testcase classname="package.tests.application.services.test_tag_service" file="package\tests\application\services\test_tag_service.py" line="26" name="test_can_read_tag_by_name" time="0.002"></testcase><testcase classname="package.tests.application.services.test_tag_service" file="package\tests\application\services\test_tag_service.py" line="36" name="test_can_delete_tag" time="0.001"></testcase><testcase classname="package.tests.application.services.test_tag_service" file="package\tests\application\services\test_tag_service.py" line="44" name="test_can_bulk_create_and_is_sorted" time="0.001"></testcase><testcase classname="package.tests.application.services.test_tag_service" file="package\tests\application\services\test_tag_service.py" line="58" name="test_a_common_tag_service_exists" time="0.002"></testcase><testcase classname="package.tests.application.templates.test_application_template" file="package\tests\application\templates\test_application_template.py" line="6" name="test_can_construct_application_template_with_exception" time="0.049"><system-err>WARNING:param.Application02294: Setting non-parameter attribute themes=[Theme(bokeh_disable_logo=True, bokeh_theme_json=None, color_cycle=(&apos;#1f77b4&apos;, &apos;#aec7e8&apos;, &apos;#ff7f0e&apos;, &apos;#ffbb78&apos;, &apos;#2ca02c&apos;, &apos;#98df8a&apos;, &apos;#d62728&apos;, &apos;#ff9896&apos;, &apos;#9467bd&apos;, &apos;#c5b0d5&apos;, &apos;#8c564b&apos;, &apos;#c49c94&apos;, &apos;#e377c2&apos;, &apos;#f7b6d2&apos;, &apos;#7f7f7f&apos;, &apos;#c7c7c7&apos;, &apos;#bcbd22&apos;, &apos;#dbdb8d&apos;, &apos;#17becf&apos;, &apos;#9edae5&apos;), css=&apos;&apos;, name=&apos;Dark&apos;, spinner_static_url=&apos;https://github.com/MarcSkovMadsen/awesome-panel/raw/master/assets/images/spinners/spinner_panel_static_light_400_340.gif&apos;, spinner_url=&apos;https://github.com/MarcSkovMadsen/awesome-panel/raw/master/assets/images/spinners/spinner_panel_breath_light_400_340.gif&apos;)] using a mechanism intended only for parameters
</system-err></testcase><testcase classname="package.tests.application.templates.test_application_template" file="package\tests\application\templates\test_application_template.py" line="19" name="test_main_content_changes_when_page_changes" time="0.120"><system-err>WARNING:param.Application02353: Setting non-parameter attribute themes=[Theme(bokeh_disable_logo=True, bokeh_theme_json=None, color_cycle=(&apos;#1f77b4&apos;, &apos;#aec7e8&apos;, &apos;#ff7f0e&apos;, &apos;#ffbb78&apos;, &apos;#2ca02c&apos;, &apos;#98df8a&apos;, &apos;#d62728&apos;, &apos;#ff9896&apos;, &apos;#9467bd&apos;, &apos;#c5b0d5&apos;, &apos;#8c564b&apos;, &apos;#c49c94&apos;, &apos;#e377c2&apos;, &apos;#f7b6d2&apos;, &apos;#7f7f7f&apos;, &apos;#c7c7c7&apos;, &apos;#bcbd22&apos;, &apos;#dbdb8d&apos;, &apos;#17becf&apos;, &apos;#9edae5&apos;), css=&apos;&apos;, name=&apos;Dark&apos;, spinner_static_url=&apos;https://github.com/MarcSkovMadsen/awesome-panel/raw/master/assets/images/spinners/spinner_panel_static_light_400_340.gif&apos;, spinner_url=&apos;https://github.com/MarcSkovMadsen/awesome-panel/raw/master/assets/images/spinners/spinner_panel_breath_light_400_340.gif&apos;)] using a mechanism intended only for parameters
</system-err></testcase><testcase classname="package.tests.application.templates.test_application_template_builder" file="package\tests\application\templates\test_application_template_builder.py" line="7" name="test_can_create_template_from_models" time="0.045"></testcase><testcase classname="package.tests.application.templates.test_material" file="package\tests\application\templates\test_material.py" line="5" name="test_can_construct_template" time="0.053"><system-err>WARNING:param.Application02487: Setting non-parameter attribute themes=[Theme(bokeh_disable_logo=True, bokeh_theme_json=None, color_cycle=(&apos;#1f77b4&apos;, &apos;#aec7e8&apos;, &apos;#ff7f0e&apos;, &apos;#ffbb78&apos;, &apos;#2ca02c&apos;, &apos;#98df8a&apos;, &apos;#d62728&apos;, &apos;#ff9896&apos;, &apos;#9467bd&apos;, &apos;#c5b0d5&apos;, &apos;#8c564b&apos;, &apos;#c49c94&apos;, &apos;#e377c2&apos;, &apos;#f7b6d2&apos;, &apos;#7f7f7f&apos;, &apos;#c7c7c7&apos;, &apos;#bcbd22&apos;, &apos;#dbdb8d&apos;, &apos;#17becf&apos;, &apos;#9edae5&apos;), css=&apos;&apos;, name=&apos;Dark&apos;, spinner_static_url=&apos;https://github.com/MarcSkovMadsen/awesome-panel/raw/master/assets/images/spinners/spinner_panel_static_light_400_340.gif&apos;, spinner_url=&apos;https://github.com/MarcSkovMadsen/awesome-panel/raw/master/assets/images/spinners/spinner_panel_breath_light_400_340.gif&apos;)] using a mechanism intended only for parameters
</system-err></testcase><testcase classname="package.tests.application.utils.test_order_by_name" file="package\tests\application\utils\test_order_by_name.py" line="10" name="test_can_order" time="0.003"></testcase><testcase classname="package.tests.core.test_app" file="package\tests\core\test_app.py" line="7" name="test_title_awesome" time="0.005"></testcase><testcase classname="package.tests.core.test_services" file="package\tests\core\test_services.py" line="4" name="test_module_to_github_url" time="0.002"></testcase><testcase classname="application.pages.awesome_panel_express_tests.test_bootstrap_alerts" file="application\pages\awesome_panel_express_tests\test_bootstrap_alerts.py" line="19" name="test_info_alert" time="0.002"></testcase><testcase classname="application.pages.awesome_panel_express_tests.test_bootstrap_alerts" file="application\pages\awesome_panel_express_tests\test_bootstrap_alerts.py" line="32" name="test_warning_alert" time="0.002"></testcase><testcase classname="application.pages.awesome_panel_express_tests.test_bootstrap_alerts" file="application\pages\awesome_panel_express_tests\test_bootstrap_alerts.py" line="46" name="test_error_alert" time="0.003"></testcase><testcase classname="application.pages.awesome_panel_express_tests.test_bootstrap_card" file="application\pages\awesome_panel_express_tests\test_bootstrap_card.py" line="33" name="test_card" time="0.008"></testcase><testcase classname="application.pages.awesome_panel_express_tests.test_bootstrap_card" file="application\pages\awesome_panel_express_tests\test_bootstrap_card.py" line="46" name="test_card_fixed_width" time="0.006"></testcase><testcase classname="application.pages.awesome_panel_express_tests.test_bootstrap_card" file="application\pages\awesome_panel_express_tests\test_bootstrap_card.py" line="97" name="test_card_with_plot" time="0.047"></testcase><testcase classname="application.pages.awesome_panel_express_tests.test_bootstrap_card" file="application\pages\awesome_panel_express_tests\test_bootstrap_card.py" line="109" name="test_card_with_multiple_panels" time="0.100"></testcase><testcase classname="application.pages.awesome_panel_express_tests.test_bootstrap_card" file="application\pages\awesome_panel_express_tests\test_bootstrap_card.py" line="129" name="test_card_collapsable" time="0.044"></testcase><testcase classname="application.pages.awesome_panel_express_tests.test_bootstrap_card" file="application\pages\awesome_panel_express_tests\test_bootstrap_card.py" line="155" name="test_card_with_code" time="0.004"></testcase><testcase classname="application.pages.awesome_panel_express_tests.test_code" file="application\pages\awesome_panel_express_tests\test_code.py" line="8" name="test_code" time="0.002"></testcase><testcase classname="application.pages.awesome_panel_express_tests.test_dataframe" file="application\pages\awesome_panel_express_tests\test_dataframe.py" line="18" name="test_get_default_formatters" time="0.005"></testcase><testcase classname="application.pages.awesome_panel_express_tests.test_divider" file="application\pages\awesome_panel_express_tests\test_divider.py" line="12" name="test_divider" time="0.002"></testcase><testcase classname="application.pages.awesome_panel_express_tests.test_fontawesome" file="application\pages\awesome_panel_express_tests\test_fontawesome.py" line="13" name="test_html_with_font_awesome" time="0.002"></testcase><testcase classname="application.pages.awesome_panel_express_tests.test_fontawesome" file="application\pages\awesome_panel_express_tests\test_fontawesome.py" line="28" name="test_button_with_font_awesome" time="0.000"></testcase><testcase classname="application.pages.awesome_panel_express_tests.test_headings" file="application\pages\awesome_panel_express_tests\test_headings.py" line="8" name="test_headings" time="0.000"></testcase><testcase classname="application.pages.awesome_panel_express_tests.test_headings" file="application\pages\awesome_panel_express_tests\test_headings.py" line="26" name="test_title_centered_white" time="0.000"></testcase><testcase classname="application.pages.awesome_panel_express_tests.test_headings" file="application\pages\awesome_panel_express_tests\test_headings.py" line="38" name="test_with_url" time="0.018"></testcase><testcase classname="application.pages.awesome_panel_express_tests.test_markdown" file="application\pages\awesome_panel_express_tests\test_markdown.py" line="19" name="test_markdown" time="0.003"></testcase><testcase classname="application.pages.awesome_panel_express_tests.test_markdown" file="application\pages\awesome_panel_express_tests\test_markdown.py" line="36" name="test_markdown_from_file" time="0.002"></testcase><testcase classname="application.pages.awesome_panel_express_tests.test_markdown" file="application\pages\awesome_panel_express_tests\test_markdown.py" line="48" name="test_markdown_indendation" time="0.001"></testcase><testcase classname="application.pages.awesome_panel_express_tests.test_markdown" file="application\pages\awesome_panel_express_tests\test_markdown.py" line="57" name="test_markdown_code_block" time="0.003"></testcase><testcase classname="application.pages.awesome_panel_express_tests.test_modal" file="application\pages\awesome_panel_express_tests\test_modal.py" line="36" name="test_modal" time="0.004"></testcase><testcase classname="application.pages.awesome_panel_express_tests.test_modal" file="application\pages\awesome_panel_express_tests\test_modal.py" line="42" name="test_modal_settings" time="0.011"></testcase><testcase classname="application.pages.awesome_panel_express_tests.test_progress_ext" file="application\pages\awesome_panel_express_tests\test_progress_ext.py" line="39" name="test_view_value_and_message" time="0.003"></testcase><testcase classname="application.pages.awesome_panel_express_tests.test_progress_ext" file="application\pages\awesome_panel_express_tests\test_progress_ext.py" line="50" name="test_view_message_only" time="0.002"></testcase><testcase classname="application.pages.awesome_panel_express_tests.test_progress_ext" file="application\pages\awesome_panel_express_tests\test_progress_ext.py" line="61" name="test_view_value_only" time="0.002"></testcase><testcase classname="application.pages.awesome_panel_express_tests.test_progress_ext" file="application\pages\awesome_panel_express_tests\test_progress_ext.py" line="71" name="test_view_none" time="0.002"></testcase><testcase classname="application.pages.awesome_panel_express_tests.test_progress_ext" file="application\pages\awesome_panel_express_tests\test_progress_ext.py" line="81" name="test_bar_color" time="0.003"></testcase><testcase classname="application.pages.awesome_panel_express_tests.test_progress_ext" file="application\pages\awesome_panel_express_tests\test_progress_ext.py" line="92" name="test_report_as_context_manager" time="0.007"></testcase><testcase classname="application.pages.awesome_panel_express_tests.test_progress_ext" file="application\pages\awesome_panel_express_tests\test_progress_ext.py" line="110" name="test_report_as_decorator" time="0.013"></testcase><testcase classname="application.pages.awesome_panel_express_tests.test_progress_ext" file="application\pages\awesome_panel_express_tests\test_progress_ext.py" line="128" name="test_increment_as_context_manager" time="0.006"></testcase><testcase classname="application.pages.awesome_panel_express_tests.test_progress_ext" file="application\pages\awesome_panel_express_tests\test_progress_ext.py" line="146" name="test_increment_as_decorator" time="0.005"></testcase><testcase classname="application.pages.awesome_panel_express_tests.test_share_links" file="application\pages\awesome_panel_express_tests\test_share_links.py" line="29" name="test_facebook" time="0.001"></testcase><testcase classname="application.pages.awesome_panel_express_tests.test_share_links" file="application\pages\awesome_panel_express_tests\test_share_links.py" line="38" name="test_linkedin" time="0.004"></testcase><testcase classname="application.pages.awesome_panel_express_tests.test_share_links" file="application\pages\awesome_panel_express_tests\test_share_links.py" line="47" name="test_mail" time="0.003"></testcase><testcase classname="application.pages.awesome_panel_express_tests.test_share_links" file="application\pages\awesome_panel_express_tests\test_share_links.py" line="56" name="test_twitter" time="0.004"></testcase><testcase classname="application.pages.awesome_panel_express_tests.test_share_links" file="application\pages\awesome_panel_express_tests\test_share_links.py" line="65" name="test_reddit" time="0.004"></testcase><testcase classname="application.pages.awesome_panel_express_tests.test_spinners" file="application\pages\awesome_panel_express_tests\test_spinners.py" line="16" name="test_default_spinner" time="0.002"></testcase><testcase classname="application.pages.awesome_panel_express_tests.test_spinners" file="application\pages\awesome_panel_express_tests\test_spinners.py" line="22" name="test_all_spinners" time="0.004"></testcase><testcase classname="application.pages.awesome_panel_express_tests.test_spinners" file="application\pages\awesome_panel_express_tests\test_spinners.py" line="28" name="test_spinner_while_python_executing" time="0.002"></testcase><testcase classname="application.pages.awesome_panel_express_tests.test_spinners" file="application\pages\awesome_panel_express_tests\test_spinners.py" line="48" name="test_spinner_can_be_centered" time="0.004"></testcase></testsuite></testsuites>