<?xml version="1.0" encoding="utf-8"?><testsuites><testsuite errors="0" failures="0" hostname="PC70601" name="pytest" skipped="0" tests="45" time="7.865" timestamp="2019-12-14T07:34:00.861576"><testcase classname="tests.test_platform" file="tests\test_platform.py" line="5" name="test_64bit" time="0.003"></testcase><testcase classname="tests.test_platform" file="tests\test_platform.py" line="10" name="test_python_version" time="0.002"></testcase><testcase classname="tests.gallery.test_gallery" file="tests\gallery\test_gallery.py" line="11" name="test_gallery_button" time="0.127"></testcase><testcase classname="tests.src.test_core_services" file="tests\src\test_core_services.py" line="5" name="test_module_to_github_url" time="0.003"></testcase><testcase classname="tests.src.page.test_gallery" file="tests\src\page\test_gallery.py" line="12" name="test_gallery" time="0.047"><system-out>assets/images/thumbnails/bootstrap_dashboard.png
assets/images/thumbnails/test_spinners.png
</system-out></testcase><testcase classname="tests.src.page.test_pages" file="tests\src\page\test_pages.py" line="10" name="test_home" time="0.032"></testcase><testcase classname="tests.src.page.test_pages" file="tests\src\page\test_pages.py" line="18" name="test_resources" time="0.034"></testcase><testcase classname="package.tests.test_bootstrap" file="package\tests\test_bootstrap.py" line="9" name="test_info_alert" time="0.020"></testcase><testcase classname="package.tests.test_bootstrap" file="package\tests\test_bootstrap.py" line="26" name="test_warning_alert" time="0.012"></testcase><testcase classname="package.tests.test_bootstrap" file="package\tests\test_bootstrap.py" line="43" name="test_error_alert" time="0.010"></testcase><testcase classname="package.tests.test_bootstrap" file="package\tests\test_bootstrap.py" line="60" name="test_info_alert_height_problem" time="0.084"></testcase><testcase classname="package.tests.test_bootstrap_dashboard" file="package\tests\test_bootstrap_dashboard.py" line="30" name="test_app" time="0.043"></testcase><testcase classname="package.tests.test_bootstrap_dashboard" file="package\tests\test_bootstrap_dashboard.py" line="41" name="test_markdown_image_width_max_100_percent" time="0.002"></testcase><testcase classname="package.tests.test_browserurl" file="package\tests\test_browserurl.py" line="16" name="test_url" time="0.001"></testcase><testcase classname="package.tests.test_browserurl" file="package\tests\test_browserurl.py" line="29" name="test_pn_url" time="0.007"></testcase><testcase classname="package.tests.test_fontawesome" file="package\tests\test_fontawesome.py" line="15" name="test_html_with_font_awesome" time="0.008"></testcase><testcase classname="package.tests.test_fontawesome" file="package\tests\test_fontawesome.py" line="34" name="test_button_with_font_awesome" time="0.007"></testcase><testcase classname="package.tests.test_fontawesome" file="package\tests\test_fontawesome.py" line="52" name="test_get_fontawesome_panel_express_css" time="0.476"></testcase><testcase classname="package.tests.test_fontawesome" file="package\tests\test_fontawesome.py" line="65" name="test__to_fontawesome_panel_express_css[.fa-bus:before{content:&quot;\\f207&quot;}.fa-bus-alt:before{content:&quot;\\f55e&quot;}-div.bk.pa-bus div.bk *::before{content:&quot;\\f207&quot;}\ndiv.bk.pa-bus-alt div.bk *::before{content:&quot;\\f55e&quot;}]" time="0.002"></testcase><testcase classname="package.tests.test_headings" file="package\tests\test_headings.py" line="7" name="test_headings" time="0.005"></testcase><testcase classname="package.tests.test_headings" file="package\tests\test_headings.py" line="30" name="test_title_centered_white" time="0.003"></testcase><testcase classname="package.tests.test_headings" file="package\tests\test_headings.py" line="47" name="test_with_url" time="0.005"></testcase><testcase classname="package.tests.test_markdown" file="package\tests\test_markdown.py" line="10" name="test_pn_original" time="0.014"></testcase><testcase classname="package.tests.test_markdown" file="package\tests\test_markdown.py" line="29" name="test_pn_file" time="0.012"></testcase><testcase classname="package.tests.test_navigation" file="package\tests\test_navigation.py" line="7" name="test_pn_navigation_button" time="0.018"></testcase><testcase classname="package.tests.test_navigation" file="package\tests\test_navigation.py" line="34" name="test_pn_navigation" time="0.028"></testcase><testcase classname="package.tests.test_navigation" file="package\tests\test_navigation.py" line="54" name="test_pn_navigation_with_font_awesome" time="0.059"></testcase><testcase classname="package.tests.test_panes" file="package\tests\test_panes.py" line="7" name="test_divider" time="0.006"></testcase><testcase classname="package.tests.test_panes" file="package\tests\test_panes.py" line="16" name="test_markdown" time="0.010"></testcase><testcase classname="package.tests.test_panes" file="package\tests\test_panes.py" line="27" name="test_code" time="0.106"></testcase><testcase classname="package.tests.core.test_app" file="package\tests\core\test_app.py" line="7" name="test_title_awesome" time="0.005"></testcase><testcase classname="package.tests.core.test_services" file="package\tests\core\test_services.py" line="4" name="test_module_to_github_url" time="0.001"></testcase><testcase classname="package.tests.shared.test_models" file="package\tests\shared\test_models.py" line="38" name="test_tag__init__" time="0.003"></testcase><testcase classname="package.tests.shared.test_models" file="package\tests\shared\test_models.py" line="43" name="test_tag__str__" time="0.002"></testcase><testcase classname="package.tests.shared.test_models" file="package\tests\shared\test_models.py" line="48" name="test_author__init__" time="0.001"></testcase><testcase classname="package.tests.shared.test_models" file="package\tests\shared\test_models.py" line="56" name="test_author__str__" time="0.001"></testcase><testcase classname="package.tests.shared.test_models" file="package\tests\shared\test_models.py" line="61" name="test_resource__init__" time="0.004"></testcase><testcase classname="package.tests.shared.test_models" file="package\tests\shared\test_models.py" line="71" name="test_resource__str__" time="0.001"></testcase><testcase classname="package.tests.shared.test_models" file="package\tests\shared\test_models.py" line="76" name="test_resource_to_markdown_bullet" time="0.004"></testcase><testcase classname="package.tests.shared.test_models" file="package\tests\shared\test_models.py" line="84" name="test_screenshot_file" time="0.001"></testcase><testcase classname="package.tests.shared.test_models" file="package\tests\shared\test_models.py" line="92" name="test_author_to_html" time="0.001"></testcase><testcase classname="gallery.awesome_panel_express_tests.test_spinners" file="gallery\awesome_panel_express_tests\test_spinners.py" line="9" name="test_default_spinner" time="0.010"></testcase><testcase classname="gallery.awesome_panel_express_tests.test_spinners" file="gallery\awesome_panel_express_tests\test_spinners.py" line="15" name="test_all_spinners" time="0.008"></testcase><testcase classname="gallery.awesome_panel_express_tests.test_spinners" file="gallery\awesome_panel_express_tests\test_spinners.py" line="21" name="test_spinner_while_python_executing" time="0.008"></testcase><testcase classname="gallery.awesome_panel_express_tests.test_spinners" file="gallery\awesome_panel_express_tests\test_spinners.py" line="41" name="test_spinner_can_be_centered" time="0.010"></testcase></testsuite></testsuites>