<?xml version="1.0" encoding="utf-8"?><testsuites><testsuite errors="0" failures="0" hostname="PC81978" name="pytest" skipped="42" tests="281" time="33.940" timestamp="2020-10-30T05:12:15.968236"><testcase classname="tests.test_platform" file="tests\test_platform.py" line="5" name="test_64bit" time="0.001"></testcase><testcase classname="tests.test_platform" file="tests\test_platform.py" line="10" name="test_python_version" time="0.001"></testcase><testcase classname="tests.application.test_dashboard" file="tests\application\test_dashboard.py" line="5" name="test_constructor" time="0.034"></testcase><testcase classname="tests.application.test_pandas_profiling_app" file="tests\application\test_pandas_profiling_app.py" line="29" name="test_can_be_constructed" time="0.033"></testcase><testcase classname="tests.application.test_pandas_profiling_app" file="tests\application\test_pandas_profiling_app.py" line="36" name="test_has_csv_url" time="0.037"></testcase><testcase classname="tests.application.test_pandas_profiling_app" file="tests\application\test_pandas_profiling_app.py" line="41" name="test_can_configure" time="0.030"></testcase><testcase classname="tests.application.test_pandas_profiling_app" file="tests\application\test_pandas_profiling_app.py" line="45" name="test_can_be_viewed" time="0.030"></testcase><testcase classname="tests.application.test_pandas_profiling_app" file="tests\application\test_pandas_profiling_app.py" line="49" name="test_can_load_data_from_url" time="0.000"><skipped message="slow" type="pytest.skip">tests\application\test_pandas_profiling_app.py:50: slow</skipped></testcase><testcase classname="tests.application.test_pandas_profiling_app" file="tests\application\test_pandas_profiling_app.py" line="62" name="test_can_load_random_report" time="0.001"><skipped message="slow" type="pytest.skip">tests\application\test_pandas_profiling_app.py:63: slow</skipped></testcase><testcase classname="tests.application.detr.test_detr" file="tests\application\detr\test_detr.py" line="5" name="test_constructor" time="15.977"></testcase><testcase classname="tests.application.detr.test_detr" file="tests\application\detr\test_detr.py" line="9" name="test_can_update_url" time="3.958"></testcase><testcase classname="tests.application.detr.test_detr" file="tests\application\detr\test_detr.py" line="20" name="test_can_run_detr" time="4.195"></testcase><testcase classname="tests.package.test_core_services" file="tests\package\test_core_services.py" line="6" name="test_module_to_github_url" time="0.002"></testcase><testcase classname="tests.package.pages.test_gallery" file="tests\package\pages\test_gallery.py" line="14" name="test_gallery" time="0.004"></testcase><testcase classname="tests.package.pages.test_gallery_button" file="tests\package\pages\test_gallery_button.py" line="11" name="test_gallery_button" time="0.000"><skipped message="" type="pytest.xfail"></skipped></testcase><testcase classname="tests.package.pages.test_pages" file="tests\package\pages\test_pages.py" line="10" name="test_home" time="0.047"></testcase><testcase classname="tests.package.pages.test_pages" file="tests\package\pages\test_pages.py" line="19" name="test_resources" time="0.046"></testcase><testcase classname="tests.package.pages.test_yahooquery_app" file="tests\package\pages\test_yahooquery_app.py" line="5" name="test_base__page__data_balance_sheet_quarterly" time="0.238"></testcase><testcase classname="tests.package.pages.training_analysis.models.test_athlete" file="tests\package\pages\training_analysis\models\test_athlete.py" line="5" name="test_constructor" time="0.001"></testcase><testcase classname="tests.package.pages.training_analysis.models.test_performance_curve" file="tests\package\pages\training_analysis\models\test_performance_curve.py" line="6" name="test_constructor" time="0.001"></testcase><testcase classname="tests.package.pages.training_analysis.plots.test_activity_plots" file="tests\package\pages\training_analysis\plots\test_activity_plots.py" line="7" name="test_activity_data_plots_none" time="0.002"></testcase><testcase classname="tests.package.pages.training_analysis.plots.test_activity_plots" file="tests\package\pages\training_analysis\plots\test_activity_plots.py" line="12" name="test_activity_data_plots_empty" time="0.001"></testcase><testcase classname="tests.package.pages.training_analysis.plots.test_activity_plots" file="tests\package\pages\training_analysis\plots\test_activity_plots.py" line="17" name="test_map_plot_none" time="0.000"></testcase><testcase classname="tests.package.pages.training_analysis.plots.test_activity_plots" file="tests\package\pages\training_analysis\plots\test_activity_plots.py" line="22" name="test_map_plot_empty" time="0.001"></testcase><testcase classname="tests.package.pages.training_analysis.services.test_fit_file_service" file="tests\package\pages\training_analysis\services\test_fit_file_service.py" line="11" name="test__convert_units" time="0.009"></testcase><testcase classname="tests.package.pages.training_analysis.services.test_fit_file_service" file="tests\package\pages\training_analysis\services\test_fit_file_service.py" line="43" name="test_parse_fit_file" time="0.980"></testcase><testcase classname="tests.package.pages.training_analysis.views.test_activity_view" file="tests\package\pages\training_analysis\views\test_activity_view.py" line="9" name="test_activity_view" time="0.004"></testcase><testcase classname="tests.package.pages.training_analysis.views.test_athlete_view" file="tests\package\pages\training_analysis\views\test_athlete_view.py" line="9" name="test_athlete_edit_view" time="0.006"></testcase><testcase classname="tests.package.pages.training_analysis.views.test_performance_curve_view" file="tests\package\pages\training_analysis\views\test_performance_curve_view.py" line="11" name="test_performance_curve_update_view" time="0.052"></testcase><testcase classname="package.tests.test_bootstrap_dashboard" file="package\tests\test_bootstrap_dashboard.py" line="5" name="test_app_attributes" time="0.017"></testcase><testcase classname="package.tests.test_bootstrap_dashboard" file="package\tests\test_bootstrap_dashboard.py" line="36" name="test_app_with_content" time="0.019"></testcase><testcase classname="package.tests.test_browserurl" file="package\tests\test_browserurl.py" line="21" name="test_url" time="0.002"></testcase><testcase classname="package.tests.test_browserurl" file="package\tests\test_browserurl.py" line="34" name="test_pn_url" time="0.007"></testcase><testcase classname="package.tests.test_dataframe" file="package\tests\test_dataframe.py" line="6" name="test_get_default_formatters" time="0.002"></testcase><testcase classname="package.tests.test_dataframe" file="package\tests\test_dataframe.py" line="56" name="test_get_default_formatters_multi_level_index" time="0.005"></testcase><testcase classname="package.tests.test_fontawesome" file="package\tests\test_fontawesome.py" line="10" name="test_get_fontawesome_panel_express_css" time="0.151"></testcase><testcase classname="package.tests.test_fontawesome" file="package\tests\test_fontawesome.py" line="26" name="test__to_fontawesome_panel_express_css[.fa-bus:before{content:&quot;\\f207&quot;}.fa-bus-alt:before{content:&quot;\\f55e&quot;}-div.bk.pa-bus div.bk *::before{content:&quot;\\f207&quot;}\ndiv.bk.pa-bus-alt div.bk *::before{content:&quot;\\f55e&quot;}]" time="0.000"></testcase><testcase classname="package.tests.test_navigation" file="package\tests\test_navigation.py" line="6" name="test_pn_navigation_button" time="0.002"></testcase><testcase classname="package.tests.test_navigation" file="package\tests\test_navigation.py" line="47" name="test_pn_navigation" time="0.006"></testcase><testcase classname="package.tests.test_navigation" file="package\tests\test_navigation.py" line="83" name="test_pn_navigation_with_font_awesome" time="0.006"></testcase><testcase classname="package.tests.test_progress_ext" file="package\tests\test_progress_ext.py" line="17" name="test_constructor" time="0.001"></testcase><testcase classname="package.tests.test_progress_ext" file="package\tests\test_progress_ext.py" line="31" name="test_update" time="0.001"></testcase><testcase classname="package.tests.test_progress_ext" file="package\tests\test_progress_ext.py" line="45" name="test_reset" time="0.000"></testcase><testcase classname="package.tests.test_pydeck" file="package\tests\test_pydeck.py" line="7" name="test__repr_html" time="0.004"></testcase><testcase classname="package.tests.test_pydeck" file="package\tests\test_pydeck.py" line="37" name="test__repr_html_none" time="0.001"></testcase><testcase classname="package.tests.test_share_link" file="package\tests\test_share_link.py" line="5" name="test_base" time="0.002"></testcase><testcase classname="package.tests.test_share_link" file="package\tests\test_share_link.py" line="31" name="test_facebook" time="0.001"></testcase><testcase classname="package.tests.test_share_link" file="package\tests\test_share_link.py" line="50" name="test_linked_in" time="0.001"></testcase><testcase classname="package.tests.test_share_link" file="package\tests\test_share_link.py" line="70" name="test_twitter" time="0.000"></testcase><testcase classname="package.tests.test_share_link" file="package\tests\test_share_link.py" line="79" name="test_reddit" time="0.001"></testcase><testcase classname="package.tests.test_web_component" file="package\tests\test_web_component.py" line="70" name="test_constructor_base" time="0.001"></testcase><testcase classname="package.tests.test_web_component" file="package\tests\test_web_component.py" line="85" name="test_constructor" time="0.006"></testcase><testcase classname="package.tests.test_web_component" file="package\tests\test_web_component.py" line="94" name="test_constructor_with_parameter_values" time="0.005"></testcase><testcase classname="package.tests.test_web_component" file="package\tests\test_web_component.py" line="113" name="test_bokeh_model" time="0.005"></testcase><testcase classname="package.tests.test_web_component" file="package\tests\test_web_component.py" line="133" name="test_custom_web_component" time="0.011"></testcase><testcase classname="package.tests.test_web_component" file="package\tests\test_web_component.py" line="149" name="test_web_component_parameter_attribute_change" time="0.015"></testcase><testcase classname="package.tests.test_web_component" file="package\tests\test_web_component.py" line="217" name="test_custom_web_component_attributes_comm" time="0.009"></testcase><testcase classname="package.tests.test_web_component" file="package\tests\test_web_component.py" line="252" name="test_attributes_last_change_change_to_none" time="0.006"></testcase><testcase classname="package.tests.test_web_component" file="package\tests\test_web_component.py" line="296" name="test_custom_web_component_properties_comm" time="0.006"></testcase><testcase classname="package.tests.test_web_component" file="package\tests\test_web_component.py" line="329" name="test_parse_html_to_dict[&lt;wired-radio boolean id=&quot;1&quot;&gt;Radio Two&lt;/wired-radio&gt;-expected0]" time="0.001"></testcase><testcase classname="package.tests.test_web_component" file="package\tests\test_web_component.py" line="329" name="test_parse_html_to_dict[&lt;wired-radio id=&quot;2&quot;&gt;Radio Two&lt;/wired-radio&gt;-expected1]" time="0.001"></testcase><testcase classname="package.tests.test_web_component" file="package\tests\test_web_component.py" line="329" name="test_parse_html_to_dict[&lt;wired-radio boolean id=&quot;3&quot; boolean&gt;Radio Two&lt;/wired-radio&gt;-expected2]" time="0.001"></testcase><testcase classname="package.tests.test_web_component" file="package\tests\test_web_component.py" line="329" name="test_parse_html_to_dict[&lt;wired-radio boolean=&quot;&quot; id=&quot;4&quot;&gt;Radio Two&lt;/wired-radio&gt;-expected3]" time="0.001"></testcase><testcase classname="package.tests.test_web_component" file="package\tests\test_web_component.py" line="329" name="test_parse_html_to_dict[&lt;a id=&quot;5&quot;&gt;&lt;b src=&quot;x&quot;&gt;&lt;/b&gt;&lt;/a&gt;-expected4]" time="0.001"></testcase><testcase classname="package.tests.test_web_component" file="package\tests\test_web_component.py" line="329" name="test_parse_html_to_dict[&lt;a id=&quot;6&quot;&gt;&lt;/a&gt;&lt;b src=&quot;y&quot;&gt;&lt;/b&gt;-expected5]" time="0.001"></testcase><testcase classname="package.tests.test_web_component" file="package\tests\test_web_component.py" line="356" name="test_update_parameters_boolean" time="0.005"></testcase><testcase classname="package.tests.test_web_component" file="package\tests\test_web_component.py" line="369" name="test_update_parameters_string" time="0.004"></testcase><testcase classname="package.tests.test_web_component" file="package\tests\test_web_component.py" line="382" name="test_update_parameters_integer" time="0.004"></testcase><testcase classname="package.tests.test_web_component" file="package\tests\test_web_component.py" line="393" name="test_update_parameters_number" time="0.004"></testcase><testcase classname="package.tests.test_web_component" file="package\tests\test_web_component.py" line="406" name="test_update_parameters_list" time="0.003"></testcase><testcase classname="package.tests.test_web_component" file="package\tests\test_web_component.py" line="428" name="test_parameter_change_to_attribute_change" time="0.006"></testcase><testcase classname="package.tests.test_web_component" file="package\tests\test_web_component.py" line="461" name="test_property_change_triggers_parameter_change" time="0.005"></testcase><testcase classname="package.tests.test_web_component" file="package\tests\test_web_component.py" line="476" name="test_parameter_change_triggers_property_change" time="0.004"></testcase><testcase classname="package.tests.test_web_component" file="package\tests\test_web_component.py" line="503" name="test_events_count_last_change_triggers_parameter_update" time="0.005"></testcase><testcase classname="package.tests.test_web_component" file="package\tests\test_web_component.py" line="512" name="test_parameters_to_watch" time="0.003"></testcase><testcase classname="package.tests.test_web_component" file="package\tests\test_web_component.py" line="537" name="test_parameters_and_attributes_to_watch" time="0.003"></testcase><testcase classname="package.tests.test_web_component" file="package\tests\test_web_component.py" line="569" name="test_handle_attributes_to_watch_change_on_html_with_leading_new_line_and_spaces" time="0.004"></testcase><testcase classname="package.tests.test_web_component" file="package\tests\test_web_component.py" line="604" name="test_handle_attributes_to_watch_change_simple" time="0.003"></testcase><testcase classname="package.tests.test_web_component" file="package\tests\test_web_component.py" line="626" name="test_data" time="0.004"></testcase><testcase classname="package.tests.test_web_component" file="package\tests\test_web_component.py" line="642" name="test_parameter_type_dict" time="0.001"></testcase><testcase classname="package.tests.application.components.test_application_component" file="package\tests\application\components\test_application_component.py" line="5" name="test_can_construct" time="0.031"></testcase><testcase classname="package.tests.application.components.test_loading_page_component" file="package\tests\application\components\test_loading_page_component.py" line="6" name="test_can_construct_loading_page_component" time="0.006"></testcase><testcase classname="package.tests.application.components.test_loading_page_component" file="package\tests\application\components\test_loading_page_component.py" line="12" name="test_can_show" time="0.007"></testcase><testcase classname="package.tests.application.components.test_page_component" file="package\tests\application\components\test_page_component.py" line="7" name="test_can_construct_page_component" time="0.002"></testcase><testcase classname="package.tests.application.components.test_page_component" file="package\tests\application\components\test_page_component.py" line="16" name="test_can_create_page_component_from_page_component" time="0.002"></testcase><testcase classname="package.tests.application.components.test_page_component" file="package\tests\application\components\test_page_component.py" line="23" name="test_can_create_page_component_from_page_component_subclass" time="0.002"></testcase><testcase classname="package.tests.application.components.test_page_component" file="package\tests\application\components\test_page_component.py" line="35" name="test_can_create_page_component_from_instance_of_page_component_subclass" time="0.002"></testcase><testcase classname="package.tests.application.components.test_page_component" file="package\tests\application\components\test_page_component.py" line="47" name="test_can_create_page_component_from_callable" time="0.001"></testcase><testcase classname="package.tests.application.components.test_page_component" file="package\tests\application\components\test_page_component.py" line="60" name="test_can_create_page_component_from_class_with_view_func" time="0.000"></testcase><testcase classname="package.tests.application.components.test_page_component" file="package\tests\application\components\test_page_component.py" line="75" name="test_can_create_page_component_from_instance_with_view_func" time="0.001"></testcase><testcase classname="package.tests.application.components.test_page_component" file="package\tests\application\components\test_page_component.py" line="90" name="test_can_create_page_component_from_reactive" time="0.002"></testcase><testcase classname="package.tests.application.components.test_page_component" file="package\tests\application\components\test_page_component.py" line="99" name="test_can_create_page_component_from_string" time="0.002"></testcase><testcase classname="package.tests.application.components.test_page_component" file="package\tests\application\components\test_page_component.py" line="108" name="test_can_create_page_component_from_class_with_main_and_sidebar" time="0.000"></testcase><testcase classname="package.tests.application.components.test_page_component" file="package\tests\application\components\test_page_component.py" line="128" name="test_can_create_page_component_from_instance_with_main_and_sidebar" time="0.002"></testcase><testcase classname="package.tests.application.components.test_page_navigation_component" file="package\tests\application\components\test_page_navigation_component.py" line="5" name="test_can_construct" time="0.011"></testcase><testcase classname="package.tests.application.components.test_page_navigation_component" file="package\tests\application\components\test_page_navigation_component.py" line="10" name="test_can_show" time="0.009"></testcase><testcase classname="package.tests.application.components.test_progress_spinner" file="package\tests\application\components\test_progress_spinner.py" line="5" name="test_can_construct" time="0.005"></testcase><testcase classname="package.tests.application.components.test_progress_spinner" file="package\tests\application\components\test_progress_spinner.py" line="14" name="test_can_spin" time="0.005"></testcase><testcase classname="package.tests.application.components.test_progress_spinner" file="package\tests\application\components\test_progress_spinner.py" line="24" name="test_can_convert_spinner_url_to_img_html" time="0.005"></testcase><testcase classname="package.tests.application.models.test_application" file="package\tests\application\models\test_application.py" line="6" name="test_can_construct_application" time="0.007"></testcase><testcase classname="package.tests.application.models.test_author" file="package\tests\application\models\test_author.py" line="2" name="test_can_construct_author" time="0.002"></testcase><testcase classname="package.tests.application.models.test_page" file="package\tests\application\models\test_page.py" line="5" name="test_can_construct_page" time="0.002"></testcase><testcase classname="package.tests.application.models.test_progress" file="package\tests\application\models\test_progress.py" line="5" name="test_can_construct" time="0.001"></testcase><testcase classname="package.tests.application.models.test_progress" file="package\tests\application\models\test_progress.py" line="13" name="test_active_works" time="0.001"></testcase><testcase classname="package.tests.application.models.test_resource" file="package\tests\application\models\test_resource.py" line="2" name="test_can_construct_resource" time="0.003"></testcase><testcase classname="package.tests.application.models.test_tag" file="package\tests\application\models\test_tag.py" line="2" name="test_can_construct_tag" time="0.002"></testcase><testcase classname="package.tests.application.models.test_theme" file="package\tests\application\models\test_theme.py" line="6" name="test_can_construct" time="0.001"></testcase><testcase classname="package.tests.application.services.test_author_service" file="package\tests\application\services\test_author_service.py" line="12" name="test_can_construct_author_service" time="0.003"></testcase><testcase classname="package.tests.application.services.test_author_service" file="package\tests\application\services\test_author_service.py" line="20" name="test_can_create_author" time="0.002"></testcase><testcase classname="package.tests.application.services.test_author_service" file="package\tests\application\services\test_author_service.py" line="29" name="test_can_read_author_by_name" time="0.001"></testcase><testcase classname="package.tests.application.services.test_author_service" file="package\tests\application\services\test_author_service.py" line="39" name="test_can_delete_author" time="0.002"></testcase><testcase classname="package.tests.application.services.test_author_service" file="package\tests\application\services\test_author_service.py" line="47" name="test_can_bulk_create_and_is_sorted" time="0.001"></testcase><testcase classname="package.tests.application.services.test_page_service" file="package\tests\application\services\test_page_service.py" line="7" name="test_can_construct_page_service" time="0.003"></testcase><testcase classname="package.tests.application.services.test_page_service" file="package\tests\application\services\test_page_service.py" line="12" name="test_can_create_page" time="0.001"></testcase><testcase classname="package.tests.application.services.test_page_service" file="package\tests\application\services\test_page_service.py" line="21" name="test_can_read_page_by_name" time="0.005"></testcase><testcase classname="package.tests.application.services.test_page_service" file="package\tests\application\services\test_page_service.py" line="31" name="test_can_delete_page" time="0.003"></testcase><testcase classname="package.tests.application.services.test_page_service" file="package\tests\application\services\test_page_service.py" line="39" name="test_can_bulk_create_and_is_sorted" time="0.002"></testcase><testcase classname="package.tests.application.services.test_page_service" file="package\tests\application\services\test_page_service.py" line="54" name="test_can_load_default_page" time="0.004"></testcase><testcase classname="package.tests.application.services.test_progress_service" file="package\tests\application\services\test_progress_service.py" line="20" name="test_can_be_constructed_with_default_values" time="0.001"></testcase><testcase classname="package.tests.application.services.test_progress_service" file="package\tests\application\services\test_progress_service.py" line="25" name="test_can_be_constructed_with_custom_values" time="0.000"></testcase><testcase classname="package.tests.application.services.test_progress_service" file="package\tests\application\services\test_progress_service.py" line="33" name="test_can_update" time="0.000"></testcase><testcase classname="package.tests.application.services.test_progress_service" file="package\tests\application\services\test_progress_service.py" line="44" name="test_can_reset" time="0.002"></testcase><testcase classname="package.tests.application.services.test_progress_service" file="package\tests\application\services\test_progress_service.py" line="54" name="test_can_use_report_func_as_context_manager" time="0.000"></testcase><testcase classname="package.tests.application.services.test_progress_service" file="package\tests\application\services\test_progress_service.py" line="67" name="test_can_use_report_func_as_decorator" time="0.001"></testcase><testcase classname="package.tests.application.services.test_progress_service" file="package\tests\application\services\test_progress_service.py" line="79" name="test_can_use_increment_func_as_context_manager" time="0.002"></testcase><testcase classname="package.tests.application.services.test_progress_service" file="package\tests\application\services\test_progress_service.py" line="97" name="test_can_use_increment_func_as_decorator" time="0.001"></testcase><testcase classname="package.tests.application.services.test_progress_service" file="package\tests\application\services\test_progress_service.py" line="113" name="test_can_use_active_count" time="0.001"></testcase><testcase classname="package.tests.application.services.test_progress_service" file="package\tests\application\services\test_progress_service.py" line="135" name="test_can_update_value_only" time="0.000"></testcase><testcase classname="package.tests.application.services.test_progress_service" file="package\tests\application\services\test_progress_service.py" line="151" name="test_can_update_value_max_only" time="0.000"></testcase><testcase classname="package.tests.application.services.test_progress_service" file="package\tests\application\services\test_progress_service.py" line="167" name="test_can_update_message_only" time="0.000"></testcase><testcase classname="package.tests.application.services.test_progress_service" file="package\tests\application\services\test_progress_service.py" line="183" name="test_can_update_active_count_only" time="0.001"></testcase><testcase classname="package.tests.application.services.test_services" file="package\tests\application\services\test_services.py" line="11" name="test_can_construct" time="0.001"></testcase><testcase classname="package.tests.application.services.test_services" file="package\tests\application\services\test_services.py" line="20" name="test_can_construct_fixture" time="0.006"></testcase><testcase classname="package.tests.application.services.test_tag_service" file="package\tests\application\services\test_tag_service.py" line="12" name="test_can_construct_tag_service" time="0.001"></testcase><testcase classname="package.tests.application.services.test_tag_service" file="package\tests\application\services\test_tag_service.py" line="16" name="test_can_create_tag" time="0.000"></testcase><testcase classname="package.tests.application.services.test_tag_service" file="package\tests\application\services\test_tag_service.py" line="25" name="test_can_read_tag_by_name" time="0.001"></testcase><testcase classname="package.tests.application.services.test_tag_service" file="package\tests\application\services\test_tag_service.py" line="35" name="test_can_delete_tag" time="0.001"></testcase><testcase classname="package.tests.application.services.test_tag_service" file="package\tests\application\services\test_tag_service.py" line="43" name="test_can_bulk_create_and_is_sorted" time="0.000"></testcase><testcase classname="package.tests.application.templates.test_application_template" file="package\tests\application\templates\test_application_template.py" line="6" name="test_can_construct_application_template_with_exception" time="0.025"></testcase><testcase classname="package.tests.application.templates.test_application_template" file="package\tests\application\templates\test_application_template.py" line="16" name="test_main_content_changes_when_page_changes" time="0.024"></testcase><testcase classname="package.tests.application.templates.test_material" file="package\tests\application\templates\test_material.py" line="5" name="test_can_construct_template" time="0.034"></testcase><testcase classname="package.tests.application.utils.test_order_by_name" file="package\tests\application\utils\test_order_by_name.py" line="10" name="test_can_order" time="0.001"></testcase><testcase classname="package.tests.application.views.test_application_view" file="package\tests\application\views\test_application_view.py" line="6" name="test_can_construct" time="0.023"></testcase><testcase classname="package.tests.core.test_app" file="package\tests\core\test_app.py" line="6" name="test_title_awesome" time="0.002"></testcase><testcase classname="package.tests.core.test_services" file="package\tests\core\test_services.py" line="4" name="test_module_to_github_url" time="0.000"></testcase><testcase classname="package.tests.designer.test_designer" file="package\tests\designer\test_designer.py" line="10" name="test_can_construct_fixture" time="0.029"></testcase><testcase classname="package.tests.designer.test_designer" file="package\tests\designer\test_designer.py" line="19" name="test_has_view" time="0.028"></testcase><testcase classname="package.tests.designer.test_designer" file="package\tests\designer\test_designer.py" line="23" name="test_has_component_pane" time="0.028"></testcase><testcase classname="package.tests.designer.test_designer" file="package\tests\designer\test_designer.py" line="27" name="test_has_designer_pane" time="0.153"></testcase><testcase classname="package.tests.designer.test_designer" file="package\tests\designer\test_designer.py" line="31" name="test_has_action_pane" time="0.028"></testcase><testcase classname="package.tests.designer.test_designer" file="package\tests\designer\test_designer.py" line="35" name="test_has_settings_pane" time="0.030"></testcase><testcase classname="package.tests.designer.test_designer" file="package\tests\designer\test_designer.py" line="39" name="test_has_css_pane" time="0.034"></testcase><testcase classname="package.tests.designer.test_designer" file="package\tests\designer\test_designer.py" line="43" name="test_has_js_pane" time="0.033"></testcase><testcase classname="package.tests.designer.test_designer" file="package\tests\designer\test_designer.py" line="47" name="test_has_error_pane" time="0.034"></testcase><testcase classname="package.tests.designer.test_designer_show" file="package\tests\designer\test_designer_show.py" line="73" name="test_designer" time="0.033"></testcase><testcase classname="package.tests.designer.components.test_title_component" file="package\tests\designer\components\test_title_component.py" line="11" name="test_constructor" time="0.003"></testcase><testcase classname="package.tests.designer.services.test_reload_service" file="package\tests\designer\services\test_reload_service.py" line="11" name="test_can_construct_fixture" time="0.003"></testcase><testcase classname="package.tests.designer.services.test_reload_service" file="package\tests\designer\services\test_reload_service.py" line="15" name="test_can_reload_component" time="0.006"></testcase><testcase classname="package.tests.designer.services.test_reload_service" file="package\tests\designer\services\test_reload_service.py" line="27" name="test_can_reload_reactive_component" time="0.003"></testcase><testcase classname="package.tests.designer.services.test_reload_service" file="package\tests\designer\services\test_reload_service.py" line="40" name="test_can_reload_css_file" time="0.002"></testcase><testcase classname="package.tests.designer.services.test_reload_service" file="package\tests\designer\services\test_reload_service.py" line="49" name="test_can_reload_js_file" time="0.002"></testcase><testcase classname="package.tests.designer.services.test_reload_service" file="package\tests\designer\services\test_reload_service.py" line="58" name="test_can_communicate_reloading_progress" time="0.001"></testcase><testcase classname="package.tests.designer.services.test_reload_service" file="package\tests\designer\services\test_reload_service.py" line="62" name="test_can_handle_reload_error" time="0.003"></testcase><testcase classname="package.tests.express.components.test_perspective" file="package\tests\express\components\test_perspective.py" line="10" name="test_constructor" time="0.007"></testcase><testcase classname="package.tests.express.components.test_widgets" file="package\tests\express\components\test_widgets.py" line="86" name="test_original_and_new_widget_have_same_parameters[Button-Button-clicks]" time="0.000"><skipped message="Not working. Needs fix" type="pytest.skip">package\tests\express\components\test_widgets.py:87: Not working. Needs fix</skipped></testcase><testcase classname="package.tests.express.components.test_widgets" file="package\tests\express\components\test_widgets.py" line="86" name="test_original_and_new_widget_have_same_parameters[Checkbox-Checkbox-value]" time="0.001"><skipped message="Not working. Needs fix" type="pytest.skip">package\tests\express\components\test_widgets.py:87: Not working. Needs fix</skipped></testcase><testcase classname="package.tests.express.components.test_widgets" file="package\tests\express\components\test_widgets.py" line="86" name="test_original_and_new_widget_have_same_parameters[DatePicker-DatePicker-value]" time="0.001"><skipped message="Not working. Needs fix" type="pytest.skip">package\tests\express\components\test_widgets.py:87: Not working. Needs fix</skipped></testcase><testcase classname="package.tests.express.components.test_widgets" file="package\tests\express\components\test_widgets.py" line="86" name="test_original_and_new_widget_have_same_parameters[DatePicker-DatePicker-enabled_dates]" time="0.000"><skipped message="Not working. Needs fix" type="pytest.skip">package\tests\express\components\test_widgets.py:87: Not working. Needs fix</skipped></testcase><testcase classname="package.tests.express.components.test_widgets" file="package\tests\express\components\test_widgets.py" line="86" name="test_original_and_new_widget_have_same_parameters[DatePicker-DatePicker-start]" time="0.000"><skipped message="Not working. Needs fix" type="pytest.skip">package\tests\express\components\test_widgets.py:87: Not working. Needs fix</skipped></testcase><testcase classname="package.tests.express.components.test_widgets" file="package\tests\express\components\test_widgets.py" line="86" name="test_original_and_new_widget_have_same_parameters[DatePicker-DatePicker-end]" time="0.001"><skipped message="Not working. Needs fix" type="pytest.skip">package\tests\express\components\test_widgets.py:87: Not working. Needs fix</skipped></testcase><testcase classname="package.tests.express.components.test_widgets" file="package\tests\express\components\test_widgets.py" line="86" name="test_original_and_new_widget_have_same_parameters[DatePicker-DatePicker-disabled_dates]" time="0.000"><skipped message="Not working. Needs fix" type="pytest.skip">package\tests\express\components\test_widgets.py:87: Not working. Needs fix</skipped></testcase><testcase classname="package.tests.express.components.test_widgets" file="package\tests\express\components\test_widgets.py" line="86" name="test_original_and_new_widget_have_same_parameters[FloatSlider-FloatSlider-end]" time="0.001"><skipped message="Not working. Needs fix" type="pytest.skip">package\tests\express\components\test_widgets.py:87: Not working. Needs fix</skipped></testcase><testcase classname="package.tests.express.components.test_widgets" file="package\tests\express\components\test_widgets.py" line="86" name="test_original_and_new_widget_have_same_parameters[FloatSlider-FloatSlider-start]" time="0.000"><skipped message="Not working. Needs fix" type="pytest.skip">package\tests\express\components\test_widgets.py:87: Not working. Needs fix</skipped></testcase><testcase classname="package.tests.express.components.test_widgets" file="package\tests\express\components\test_widgets.py" line="86" name="test_original_and_new_widget_have_same_parameters[FloatSlider-FloatSlider-step]" time="0.000"><skipped message="Not working. Needs fix" type="pytest.skip">package\tests\express\components\test_widgets.py:87: Not working. Needs fix</skipped></testcase><testcase classname="package.tests.express.components.test_widgets" file="package\tests\express\components\test_widgets.py" line="86" name="test_original_and_new_widget_have_same_parameters[FloatSlider-FloatSlider-value]" time="0.000"><skipped message="Not working. Needs fix" type="pytest.skip">package\tests\express\components\test_widgets.py:87: Not working. Needs fix</skipped></testcase><testcase classname="package.tests.express.components.test_widgets" file="package\tests\express\components\test_widgets.py" line="86" name="test_original_and_new_widget_have_same_parameters[Button-IconButton-clicks]" time="0.000"><skipped message="Not working. Needs fix" type="pytest.skip">package\tests\express\components\test_widgets.py:87: Not working. Needs fix</skipped></testcase><testcase classname="package.tests.express.components.test_widgets" file="package\tests\express\components\test_widgets.py" line="86" name="test_original_and_new_widget_have_same_parameters[ImageBase-Image-object]" time="0.000"><skipped message="Not working. Needs fix" type="pytest.skip">package\tests\express\components\test_widgets.py:87: Not working. Needs fix</skipped></testcase><testcase classname="package.tests.express.components.test_widgets" file="package\tests\express\components\test_widgets.py" line="86" name="test_original_and_new_widget_have_same_parameters[ImageBase-Image-alt_text]" time="0.001"><skipped message="Not working. Needs fix" type="pytest.skip">package\tests\express\components\test_widgets.py:87: Not working. Needs fix</skipped></testcase><testcase classname="package.tests.express.components.test_widgets" file="package\tests\express\components\test_widgets.py" line="86" name="test_original_and_new_widget_have_same_parameters[IntSlider-IntSlider-end]" time="0.001"><skipped message="Not working. Needs fix" type="pytest.skip">package\tests\express\components\test_widgets.py:87: Not working. Needs fix</skipped></testcase><testcase classname="package.tests.express.components.test_widgets" file="package\tests\express\components\test_widgets.py" line="86" name="test_original_and_new_widget_have_same_parameters[IntSlider-IntSlider-start]" time="0.000"><skipped message="Not working. Needs fix" type="pytest.skip">package\tests\express\components\test_widgets.py:87: Not working. Needs fix</skipped></testcase><testcase classname="package.tests.express.components.test_widgets" file="package\tests\express\components\test_widgets.py" line="86" name="test_original_and_new_widget_have_same_parameters[IntSlider-IntSlider-step]" time="0.000"><skipped message="Not working. Needs fix" type="pytest.skip">package\tests\express\components\test_widgets.py:87: Not working. Needs fix</skipped></testcase><testcase classname="package.tests.express.components.test_widgets" file="package\tests\express\components\test_widgets.py" line="86" name="test_original_and_new_widget_have_same_parameters[IntSlider-IntSlider-value]" time="0.000"><skipped message="Not working. Needs fix" type="pytest.skip">package\tests\express\components\test_widgets.py:87: Not working. Needs fix</skipped></testcase><testcase classname="package.tests.express.components.test_widgets" file="package\tests\express\components\test_widgets.py" line="86" name="test_original_and_new_widget_have_same_parameters[LiteralInput-LiteralInput-serializer]" time="0.001"><skipped message="Not working. Needs fix" type="pytest.skip">package\tests\express\components\test_widgets.py:87: Not working. Needs fix</skipped></testcase><testcase classname="package.tests.express.components.test_widgets" file="package\tests\express\components\test_widgets.py" line="86" name="test_original_and_new_widget_have_same_parameters[LiteralInput-LiteralInput-type]" time="0.001"><skipped message="Not working. Needs fix" type="pytest.skip">package\tests\express\components\test_widgets.py:87: Not working. Needs fix</skipped></testcase><testcase classname="package.tests.express.components.test_widgets" file="package\tests\express\components\test_widgets.py" line="86" name="test_original_and_new_widget_have_same_parameters[LiteralInput-LiteralInput-value]" time="0.000"><skipped message="Not working. Needs fix" type="pytest.skip">package\tests\express\components\test_widgets.py:87: Not working. Needs fix</skipped></testcase><testcase classname="package.tests.express.components.test_widgets" file="package\tests\express\components\test_widgets.py" line="86" name="test_original_and_new_widget_have_same_parameters[Progress-Progress-max]" time="0.001"><skipped message="Not working. Needs fix" type="pytest.skip">package\tests\express\components\test_widgets.py:87: Not working. Needs fix</skipped></testcase><testcase classname="package.tests.express.components.test_widgets" file="package\tests\express\components\test_widgets.py" line="86" name="test_original_and_new_widget_have_same_parameters[Progress-Progress-value]" time="0.000"><skipped message="Not working. Needs fix" type="pytest.skip">package\tests\express\components\test_widgets.py:87: Not working. Needs fix</skipped></testcase><testcase classname="package.tests.express.components.test_widgets" file="package\tests\express\components\test_widgets.py" line="86" name="test_original_and_new_widget_have_same_parameters[Progress-ProgressSpinner-active]" time="0.001"><skipped message="Not working. Needs fix" type="pytest.skip">package\tests\express\components\test_widgets.py:87: Not working. Needs fix</skipped></testcase><testcase classname="package.tests.express.components.test_widgets" file="package\tests\express\components\test_widgets.py" line="86" name="test_original_and_new_widget_have_same_parameters[Checkbox-RadioButton-value]" time="0.001"><skipped message="Not working. Needs fix" type="pytest.skip">package\tests\express\components\test_widgets.py:87: Not working. Needs fix</skipped></testcase><testcase classname="package.tests.express.components.test_widgets" file="package\tests\express\components\test_widgets.py" line="86" name="test_original_and_new_widget_have_same_parameters[TextInput-SearchInput-placeholder]" time="0.000"><skipped message="Not working. Needs fix" type="pytest.skip">package\tests\express\components\test_widgets.py:87: Not working. Needs fix</skipped></testcase><testcase classname="package.tests.express.components.test_widgets" file="package\tests\express\components\test_widgets.py" line="86" name="test_original_and_new_widget_have_same_parameters[TextInput-SearchInput-value]" time="0.001"><skipped message="Not working. Needs fix" type="pytest.skip">package\tests\express\components\test_widgets.py:87: Not working. Needs fix</skipped></testcase><testcase classname="package.tests.express.components.test_widgets" file="package\tests\express\components\test_widgets.py" line="86" name="test_original_and_new_widget_have_same_parameters[Select-Select-size]" time="0.001"><skipped message="Not working. Needs fix" type="pytest.skip">package\tests\express\components\test_widgets.py:87: Not working. Needs fix</skipped></testcase><testcase classname="package.tests.express.components.test_widgets" file="package\tests\express\components\test_widgets.py" line="86" name="test_original_and_new_widget_have_same_parameters[Select-Select-options]" time="0.001"><skipped message="Not working. Needs fix" type="pytest.skip">package\tests\express\components\test_widgets.py:87: Not working. Needs fix</skipped></testcase><testcase classname="package.tests.express.components.test_widgets" file="package\tests\express\components\test_widgets.py" line="86" name="test_original_and_new_widget_have_same_parameters[Select-Select-value]" time="0.001"><skipped message="Not working. Needs fix" type="pytest.skip">package\tests\express\components\test_widgets.py:87: Not working. Needs fix</skipped></testcase><testcase classname="package.tests.express.components.test_widgets" file="package\tests\express\components\test_widgets.py" line="86" name="test_original_and_new_widget_have_same_parameters[TextInput-TextInput-placeholder]" time="0.000"><skipped message="Not working. Needs fix" type="pytest.skip">package\tests\express\components\test_widgets.py:87: Not working. Needs fix</skipped></testcase><testcase classname="package.tests.express.components.test_widgets" file="package\tests\express\components\test_widgets.py" line="86" name="test_original_and_new_widget_have_same_parameters[TextInput-TextInput-value]" time="0.000"><skipped message="Not working. Needs fix" type="pytest.skip">package\tests\express\components\test_widgets.py:87: Not working. Needs fix</skipped></testcase><testcase classname="package.tests.express.components.test_widgets" file="package\tests\express\components\test_widgets.py" line="86" name="test_original_and_new_widget_have_same_parameters[TextAreaInput-TextAreaInput-value]" time="0.000"><skipped message="Not working. Needs fix" type="pytest.skip">package\tests\express\components\test_widgets.py:87: Not working. Needs fix</skipped></testcase><testcase classname="package.tests.express.components.test_widgets" file="package\tests\express\components\test_widgets.py" line="86" name="test_original_and_new_widget_have_same_parameters[TextAreaInput-TextAreaInput-max_length]" time="0.000"><skipped message="Not working. Needs fix" type="pytest.skip">package\tests\express\components\test_widgets.py:87: Not working. Needs fix</skipped></testcase><testcase classname="package.tests.express.components.test_widgets" file="package\tests\express\components\test_widgets.py" line="86" name="test_original_and_new_widget_have_same_parameters[TextAreaInput-TextAreaInput-placeholder]" time="0.001"><skipped message="Not working. Needs fix" type="pytest.skip">package\tests\express\components\test_widgets.py:87: Not working. Needs fix</skipped></testcase><testcase classname="package.tests.express.components.test_widgets" file="package\tests\express\components\test_widgets.py" line="86" name="test_original_and_new_widget_have_same_parameters[Toggle-Toggle-value]" time="0.000"><skipped message="Not working. Needs fix" type="pytest.skip">package\tests\express\components\test_widgets.py:87: Not working. Needs fix</skipped></testcase><testcase classname="package.tests.express.components.test_widgets" file="package\tests\express\components\test_widgets.py" line="86" name="test_original_and_new_widget_have_same_parameters[Video-Video-loop]" time="0.001"><skipped message="Not working. Needs fix" type="pytest.skip">package\tests\express\components\test_widgets.py:87: Not working. Needs fix</skipped></testcase><testcase classname="package.tests.express.components.test_widgets" file="package\tests\express\components\test_widgets.py" line="86" name="test_original_and_new_widget_have_same_parameters[Video-Video-object]" time="0.000"><skipped message="Not working. Needs fix" type="pytest.skip">package\tests\express\components\test_widgets.py:87: Not working. Needs fix</skipped></testcase><testcase classname="package.tests.express.components.test_wired" file="package\tests\express\components\test_wired.py" line="11" name="test_base" time="0.002"></testcase><testcase classname="package.tests.express.components.test_wired" file="package\tests\express\components\test_wired.py" line="18" name="test_button_constructor" time="0.003"></testcase><testcase classname="package.tests.express.components.test_wired" file="package\tests\express\components\test_wired.py" line="33" name="test_button_disabled" time="0.005"></testcase><testcase classname="package.tests.express.components.test_wired" file="package\tests\express\components\test_wired.py" line="49" name="test_button_elevation" time="0.003"></testcase><testcase classname="package.tests.express.components.test_wired" file="package\tests\express\components\test_wired.py" line="56" name="test_button_name" time="0.003"></testcase><testcase classname="package.tests.express.components.test_wired" file="package\tests\express\components\test_wired.py" line="63" name="test_datepicker_to_string[value0-May 3, 2020]" time="0.001"></testcase><testcase classname="package.tests.express.components.test_wired" file="package\tests\express\components\test_wired.py" line="63" name="test_datepicker_to_string[value1-May 13, 2020]" time="0.001"></testcase><testcase classname="package.tests.express.components.test_wired" file="package\tests\express\components\test_wired.py" line="74" name="test_datepicker" time="0.008"></testcase><testcase classname="package.tests.express.components.test_wired" file="package\tests\express\components\test_wired.py" line="96" name="test_checkbox" time="0.002"></testcase><testcase classname="package.tests.express.components.test_wired" file="package\tests\express\components\test_wired.py" line="116" name="test_checkbox_constructor_checked" time="0.003"></testcase><testcase classname="package.tests.express.components.test_wired" file="package\tests\express\components\test_wired.py" line="121" name="test_checkbox_name" time="0.003"></testcase><testcase classname="package.tests.express.components.test_wired" file="package\tests\express\components\test_wired.py" line="128" name="test_dialog" time="0.002"></testcase><testcase classname="package.tests.express.components.test_wired" file="package\tests\express\components\test_wired.py" line="140" name="test_fab" time="0.003"></testcase><testcase classname="package.tests.express.components.test_wired" file="package\tests\express\components\test_wired.py" line="152" name="test_icon_button" time="0.002"></testcase><testcase classname="package.tests.express.components.test_wired" file="package\tests\express\components\test_wired.py" line="164" name="test_float_slider" time="0.003"></testcase><testcase classname="package.tests.express.components.test_wired" file="package\tests\express\components\test_wired.py" line="174" name="test_int_slider" time="0.003"></testcase><testcase classname="package.tests.express.components.test_wired" file="package\tests\express\components\test_wired.py" line="184" name="test_int_slider_properties_last_change" time="0.004"></testcase><testcase classname="package.tests.express.components.test_wired" file="package\tests\express\components\test_wired.py" line="192" name="test_float_slider_properties_last_change" time="0.003"></testcase><testcase classname="package.tests.express.components.test_wired" file="package\tests\express\components\test_wired.py" line="200" name="test_input" time="0.004"></testcase><testcase classname="package.tests.express.components.test_wired" file="package\tests\express\components\test_wired.py" line="211" name="test_progress" time="0.004"></testcase><testcase classname="package.tests.express.components.test_wired" file="package\tests\express\components\test_wired.py" line="226" name="test_searchinput" time="0.003"></testcase><testcase classname="package.tests.express.components.test_wired" file="package\tests\express\components\test_wired.py" line="243" name="test_select" time="0.002"></testcase><testcase classname="package.tests.express.components.test_wired" file="package\tests\express\components\test_wired.py" line="249" name="test_select_something" time="0.004"></testcase><testcase classname="package.tests.express.components.test_wired" file="package\tests\express\components\test_wired.py" line="254" name="test_text_area" time="0.002"></testcase><testcase classname="package.tests.express.components.test_wired" file="package\tests\express\components\test_wired.py" line="264" name="test_link" time="0.003"></testcase><testcase classname="package.tests.express.components.test_wired" file="package\tests\express\components\test_wired.py" line="285" name="test_toggle" time="0.002"></testcase><testcase classname="package.tests.express.components.test_wired" file="package\tests\express\components\test_wired.py" line="292" name="test_literal_input_value_from_client" time="0.001"></testcase><testcase classname="package.tests.express.components.test_wired" file="package\tests\express\components\test_wired.py" line="301" name="test_literal_input_value_to_client" time="0.002"></testcase><testcase classname="package.tests.express.components.material.test_material" file="package\tests\express\components\material\test_material.py" line="12" name="test_mwc_select_fixture" time="0.006"></testcase><testcase classname="package.tests.express.components.material.test_material" file="package\tests\express\components\material\test_material.py" line="16" name="test_mwc_select_can_set_value[options0]" time="0.004"></testcase><testcase classname="package.tests.express.components.material.test_material" file="package\tests\express\components\material\test_material.py" line="16" name="test_mwc_select_can_set_value[options1]" time="0.002"></testcase><testcase classname="package.tests.express.components.material.test_material" file="package\tests\express\components\material\test_material.py" line="32" name="test_mwc_select_can_get_value[options0]" time="0.002"></testcase><testcase classname="package.tests.express.components.material.test_material" file="package\tests\express\components\material\test_material.py" line="32" name="test_mwc_select_can_get_value[options1]" time="0.004"></testcase><testcase classname="package.tests.express.components.material.test_material" file="package\tests\express\components\material\test_material.py" line="48" name="test_mwc_select_can_format_options[options0-&lt;mwc-select&gt;&lt;mwc-list-item value=&quot;0&quot;&gt;a&lt;/mwc-list-item&gt;&lt;/mwc-select&gt;]" time="0.004"></testcase><testcase classname="package.tests.express.components.material.test_material" file="package\tests\express\components\material\test_material.py" line="48" name="test_mwc_select_can_format_options[options1-&lt;mwc-select&gt;&lt;mwc-list-item value=&quot;0&quot;&gt;aaa&lt;/mwc-list-item&gt;&lt;/mwc-select&gt;]" time="0.004"></testcase><testcase classname="package.tests.express.components.material.test_material" file="package\tests\express\components\material\test_material.py" line="48" name="test_mwc_select_can_format_options[options2-&lt;mwc-select&gt;&lt;mwc-list-item value=&quot;0&quot;&gt;abc&lt;/mwc-list-item&gt;&lt;/mwc-select&gt;]" time="0.004"></testcase><testcase classname="application.pages.awesome_panel_express_tests.test_bootstrap_alerts" file="application\pages\awesome_panel_express_tests\test_bootstrap_alerts.py" line="20" name="test_info_alert" time="0.003"></testcase><testcase classname="application.pages.awesome_panel_express_tests.test_bootstrap_alerts" file="application\pages\awesome_panel_express_tests\test_bootstrap_alerts.py" line="35" name="test_warning_alert" time="0.002"></testcase><testcase classname="application.pages.awesome_panel_express_tests.test_bootstrap_alerts" file="application\pages\awesome_panel_express_tests\test_bootstrap_alerts.py" line="49" name="test_error_alert" time="0.002"></testcase><testcase classname="application.pages.awesome_panel_express_tests.test_bootstrap_card" file="application\pages\awesome_panel_express_tests\test_bootstrap_card.py" line="34" name="test_card" time="0.003"></testcase><testcase classname="application.pages.awesome_panel_express_tests.test_bootstrap_card" file="application\pages\awesome_panel_express_tests\test_bootstrap_card.py" line="52" name="test_card_fixed_width" time="0.003"></testcase><testcase classname="application.pages.awesome_panel_express_tests.test_bootstrap_card" file="application\pages\awesome_panel_express_tests\test_bootstrap_card.py" line="144" name="test_card_with_plot" time="0.032"></testcase><testcase classname="application.pages.awesome_panel_express_tests.test_bootstrap_card" file="application\pages\awesome_panel_express_tests\test_bootstrap_card.py" line="163" name="test_card_with_multiple_panels" time="0.059"></testcase><testcase classname="application.pages.awesome_panel_express_tests.test_bootstrap_card" file="application\pages\awesome_panel_express_tests\test_bootstrap_card.py" line="191" name="test_card_collapsable" time="0.032"></testcase><testcase classname="application.pages.awesome_panel_express_tests.test_bootstrap_card" file="application\pages\awesome_panel_express_tests\test_bootstrap_card.py" line="223" name="test_card_with_code" time="0.002"></testcase><testcase classname="application.pages.awesome_panel_express_tests.test_code" file="application\pages\awesome_panel_express_tests\test_code.py" line="9" name="test_code" time="0.001"></testcase><testcase classname="application.pages.awesome_panel_express_tests.test_dataframe" file="application\pages\awesome_panel_express_tests\test_dataframe.py" line="19" name="test_get_default_formatters" time="0.003"></testcase><testcase classname="application.pages.awesome_panel_express_tests.test_divider" file="application\pages\awesome_panel_express_tests\test_divider.py" line="13" name="test_divider" time="0.002"></testcase><testcase classname="application.pages.awesome_panel_express_tests.test_fontawesome" file="application\pages\awesome_panel_express_tests\test_fontawesome.py" line="15" name="test_html_with_font_awesome" time="0.001"></testcase><testcase classname="application.pages.awesome_panel_express_tests.test_fontawesome" file="application\pages\awesome_panel_express_tests\test_fontawesome.py" line="36" name="test_button_with_font_awesome" time="0.002"></testcase><testcase classname="application.pages.awesome_panel_express_tests.test_headings" file="application\pages\awesome_panel_express_tests\test_headings.py" line="9" name="test_headings" time="0.004"></testcase><testcase classname="application.pages.awesome_panel_express_tests.test_headings" file="application\pages\awesome_panel_express_tests\test_headings.py" line="35" name="test_title_centered_white" time="0.002"></testcase><testcase classname="application.pages.awesome_panel_express_tests.test_headings" file="application\pages\awesome_panel_express_tests\test_headings.py" line="59" name="test_with_url" time="0.001"></testcase><testcase classname="application.pages.awesome_panel_express_tests.test_markdown" file="application\pages\awesome_panel_express_tests\test_markdown.py" line="20" name="test_markdown" time="0.002"></testcase><testcase classname="application.pages.awesome_panel_express_tests.test_markdown" file="application\pages\awesome_panel_express_tests\test_markdown.py" line="41" name="test_markdown_from_file" time="0.002"></testcase><testcase classname="application.pages.awesome_panel_express_tests.test_markdown" file="application\pages\awesome_panel_express_tests\test_markdown.py" line="57" name="test_markdown_indendation" time="0.001"></testcase><testcase classname="application.pages.awesome_panel_express_tests.test_markdown" file="application\pages\awesome_panel_express_tests\test_markdown.py" line="68" name="test_markdown_code_block" time="0.001"></testcase><testcase classname="application.pages.awesome_panel_express_tests.test_modal" file="application\pages\awesome_panel_express_tests\test_modal.py" line="38" name="test_modal" time="0.001"></testcase><testcase classname="application.pages.awesome_panel_express_tests.test_modal" file="application\pages\awesome_panel_express_tests\test_modal.py" line="47" name="test_modal_settings" time="0.006"></testcase><testcase classname="application.pages.awesome_panel_express_tests.test_progress_ext" file="application\pages\awesome_panel_express_tests\test_progress_ext.py" line="40" name="test_view_value_and_message" time="0.001"></testcase><testcase classname="application.pages.awesome_panel_express_tests.test_progress_ext" file="application\pages\awesome_panel_express_tests\test_progress_ext.py" line="57" name="test_view_message_only" time="0.001"></testcase><testcase classname="application.pages.awesome_panel_express_tests.test_progress_ext" file="application\pages\awesome_panel_express_tests\test_progress_ext.py" line="74" name="test_view_value_only" time="0.003"></testcase><testcase classname="application.pages.awesome_panel_express_tests.test_progress_ext" file="application\pages\awesome_panel_express_tests\test_progress_ext.py" line="90" name="test_view_none" time="0.000"></testcase><testcase classname="application.pages.awesome_panel_express_tests.test_progress_ext" file="application\pages\awesome_panel_express_tests\test_progress_ext.py" line="106" name="test_bar_color" time="0.002"></testcase><testcase classname="application.pages.awesome_panel_express_tests.test_progress_ext" file="application\pages\awesome_panel_express_tests\test_progress_ext.py" line="124" name="test_report_as_context_manager" time="0.005"></testcase><testcase classname="application.pages.awesome_panel_express_tests.test_progress_ext" file="application\pages\awesome_panel_express_tests\test_progress_ext.py" line="149" name="test_report_as_decorator" time="0.003"></testcase><testcase classname="application.pages.awesome_panel_express_tests.test_progress_ext" file="application\pages\awesome_panel_express_tests\test_progress_ext.py" line="174" name="test_increment_as_context_manager" time="0.003"></testcase><testcase classname="application.pages.awesome_panel_express_tests.test_progress_ext" file="application\pages\awesome_panel_express_tests\test_progress_ext.py" line="199" name="test_increment_as_decorator" time="0.004"></testcase><testcase classname="application.pages.awesome_panel_express_tests.test_share_links" file="application\pages\awesome_panel_express_tests\test_share_links.py" line="30" name="test_facebook" time="0.002"></testcase><testcase classname="application.pages.awesome_panel_express_tests.test_share_links" file="application\pages\awesome_panel_express_tests\test_share_links.py" line="42" name="test_linkedin" time="0.001"></testcase><testcase classname="application.pages.awesome_panel_express_tests.test_share_links" file="application\pages\awesome_panel_express_tests\test_share_links.py" line="54" name="test_mail" time="0.001"></testcase><testcase classname="application.pages.awesome_panel_express_tests.test_share_links" file="application\pages\awesome_panel_express_tests\test_share_links.py" line="66" name="test_twitter" time="0.001"></testcase><testcase classname="application.pages.awesome_panel_express_tests.test_share_links" file="application\pages\awesome_panel_express_tests\test_share_links.py" line="78" name="test_reddit" time="0.001"></testcase><testcase classname="application.pages.awesome_panel_express_tests.test_spinners" file="application\pages\awesome_panel_express_tests\test_spinners.py" line="17" name="test_default_spinner" time="0.003"></testcase><testcase classname="application.pages.awesome_panel_express_tests.test_spinners" file="application\pages\awesome_panel_express_tests\test_spinners.py" line="26" name="test_all_spinners" time="0.001"></testcase><testcase classname="application.pages.awesome_panel_express_tests.test_spinners" file="application\pages\awesome_panel_express_tests\test_spinners.py" line="38" name="test_spinner_while_python_executing" time="0.003"></testcase><testcase classname="application.pages.awesome_panel_express_tests.test_spinners" file="application\pages\awesome_panel_express_tests\test_spinners.py" line="62" name="test_spinner_can_be_centered" time="0.002"></testcase><testcase classname="application.pages.awesome_panel_express_tests.test_wired" file="application\pages\awesome_panel_express_tests\test_wired.py" line="59" name="test_wired_view" time="0.112"></testcase><testcase classname="application.pages.awesome_panel_express_tests.test_wired" file="application\pages\awesome_panel_express_tests\test_wired.py" line="154" name="test_param_view" time="0.000"><skipped message="unconditional skip" type="pytest.skip">application\pages\awesome_panel_express_tests\test_wired.py:155: unconditional skip</skipped></testcase></testsuite></testsuites>