<?xml version="1.0" encoding="utf-8"?><testsuites><testsuite errors="0" failures="0" hostname="PC70601" name="pytest" skipped="0" tests="17" time="8.953" timestamp="2019-12-01T05:44:29.473744"><testcase classname="tests.test_dashboard" file="tests\test_dashboard.py" line="4" name="test_dashboard_plot" time="1.570"></testcase><testcase classname="tests.test_platform" file="tests\test_platform.py" line="5" name="test_64bit" time="0.002"></testcase><testcase classname="tests.test_platform" file="tests\test_platform.py" line="10" name="test_python_version" time="0.002"></testcase><testcase classname="package.tests.test_bootstrap_dashboard" file="package\tests\test_bootstrap_dashboard.py" line="30" name="test_app" time="0.047"></testcase><testcase classname="package.tests.test_browserurl" file="package\tests\test_browserurl.py" line="16" name="test_url" time="0.001"></testcase><testcase classname="package.tests.test_browserurl" file="package\tests\test_browserurl.py" line="28" name="test_pn_url" time="0.012"></testcase><testcase classname="package.tests.test_headings" file="package\tests\test_headings.py" line="5" name="test_headings" time="0.007"></testcase><testcase classname="package.tests.test_headings" file="package\tests\test_headings.py" line="28" name="test_title_centered_white" time="0.003"></testcase><testcase classname="package.tests.test_headings" file="package\tests\test_headings.py" line="45" name="test_with_url" time="0.004"></testcase><testcase classname="package.tests.test_markdown" file="package\tests\test_markdown.py" line="8" name="test_pn_original" time="0.007"></testcase><testcase classname="package.tests.test_markdown" file="package\tests\test_markdown.py" line="27" name="test_pn_file" time="0.009"></testcase><testcase classname="package.tests.test_navigator" file="package\tests\test_navigator.py" line="5" name="test_pn_navigation" time="0.019"></testcase><testcase classname="package.tests.test_panes" file="package\tests\test_panes.py" line="6" name="test_divider" time="0.006"></testcase><testcase classname="package.tests.test_panes" file="package\tests\test_panes.py" line="17" name="test_code" time="0.230"></testcase><testcase classname="package.tests.test_panes" file="package\tests\test_panes.py" line="107" name="test_info_alert" time="0.005"></testcase><testcase classname="package.tests.test_panes" file="package\tests\test_panes.py" line="122" name="test_warning_alert" time="0.006"></testcase><testcase classname="package.tests.test_panes" file="package\tests\test_panes.py" line="137" name="test_error_alert" time="0.000"></testcase></testsuite></testsuites>