<?xml version="1.0" encoding="utf-8"?><testsuites><testsuite errors="0" failures="0" hostname="PC70601" name="pytest" skipped="0" tests="26" time="8.066" timestamp="2019-12-08T19:24:57.597382"><testcase classname="tests.test_platform" file="tests\test_platform.py" line="5" name="test_64bit" time="0.002"></testcase><testcase classname="tests.test_platform" file="tests\test_platform.py" line="10" name="test_python_version" time="0.000"></testcase><testcase classname="tests.gallery.bootstrap_dashboard.test_components" file="tests\gallery\bootstrap_dashboard\test_components.py" line="8" name="test_about" time="0.118"></testcase><testcase classname="package.tests.test_bootstrap" file="package\tests\test_bootstrap.py" line="9" name="test_info_alert" time="0.042"></testcase><testcase classname="package.tests.test_bootstrap" file="package\tests\test_bootstrap.py" line="26" name="test_warning_alert" time="0.007"></testcase><testcase classname="package.tests.test_bootstrap" file="package\tests\test_bootstrap.py" line="43" name="test_error_alert" time="0.010"></testcase><testcase classname="package.tests.test_bootstrap" file="package\tests\test_bootstrap.py" line="60" name="test_info_alert_height_problem" time="0.013"></testcase><testcase classname="package.tests.test_bootstrap_dashboard" file="package\tests\test_bootstrap_dashboard.py" line="30" name="test_app" time="0.034"></testcase><testcase classname="package.tests.test_bootstrap_dashboard" file="package\tests\test_bootstrap_dashboard.py" line="41" name="test_markdown_image_width_max_100_percent" time="0.001"></testcase><testcase classname="package.tests.test_browserurl" file="package\tests\test_browserurl.py" line="16" name="test_url" time="0.002"></testcase><testcase classname="package.tests.test_browserurl" file="package\tests\test_browserurl.py" line="29" name="test_pn_url" time="0.010"></testcase><testcase classname="package.tests.test_fontawesome" file="package\tests\test_fontawesome.py" line="15" name="test_html_with_font_awesome" time="0.007"></testcase><testcase classname="package.tests.test_fontawesome" file="package\tests\test_fontawesome.py" line="34" name="test_button_with_font_awesome" time="0.006"></testcase><testcase classname="package.tests.test_fontawesome" file="package\tests\test_fontawesome.py" line="52" name="test_get_fontawesome_panel_express_css" time="0.375"></testcase><testcase classname="package.tests.test_fontawesome" file="package\tests\test_fontawesome.py" line="65" name="test__to_fontawesome_panel_express_css[.fa-bus:before{content:&quot;\\f207&quot;}.fa-bus-alt:before{content:&quot;\\f55e&quot;}-div.bk.pa-bus div.bk *::before{content:&quot;\\f207&quot;}\ndiv.bk.pa-bus-alt div.bk *::before{content:&quot;\\f55e&quot;}]" time="0.002"></testcase><testcase classname="package.tests.test_headings" file="package\tests\test_headings.py" line="7" name="test_headings" time="0.003"></testcase><testcase classname="package.tests.test_headings" file="package\tests\test_headings.py" line="30" name="test_title_centered_white" time="0.003"></testcase><testcase classname="package.tests.test_headings" file="package\tests\test_headings.py" line="47" name="test_with_url" time="0.004"></testcase><testcase classname="package.tests.test_markdown" file="package\tests\test_markdown.py" line="9" name="test_pn_original" time="0.012"></testcase><testcase classname="package.tests.test_markdown" file="package\tests\test_markdown.py" line="28" name="test_pn_file" time="0.011"></testcase><testcase classname="package.tests.test_navigation" file="package\tests\test_navigation.py" line="7" name="test_pn_navigation_button" time="0.011"></testcase><testcase classname="package.tests.test_navigation" file="package\tests\test_navigation.py" line="34" name="test_pn_navigation" time="0.019"></testcase><testcase classname="package.tests.test_navigation" file="package\tests\test_navigation.py" line="54" name="test_pn_navigation_with_font_awesome" time="0.041"></testcase><testcase classname="package.tests.test_panes" file="package\tests\test_panes.py" line="7" name="test_divider" time="0.008"></testcase><testcase classname="package.tests.test_panes" file="package\tests\test_panes.py" line="16" name="test_markdown" time="0.008"></testcase><testcase classname="package.tests.test_panes" file="package\tests\test_panes.py" line="27" name="test_code" time="0.106"></testcase></testsuite></testsuites>