<?xml version="1.0" encoding="utf-8"?><testsuites><testsuite errors="0" failures="0" hostname="PC70601" name="pytest" skipped="0" tests="42" time="9.887" timestamp="2019-12-13T19:40:53.001418"><testcase classname="tests.test_platform" file="tests\test_platform.py" line="5" name="test_64bit" time="0.001"></testcase><testcase classname="tests.test_platform" file="tests\test_platform.py" line="10" name="test_python_version" time="0.001"></testcase><testcase classname="tests.src.page.test_pages" file="tests\src\page\test_pages.py" line="11" name="test_home" time="0.188"></testcase><testcase classname="tests.src.page.test_pages" file="tests\src\page\test_pages.py" line="19" name="test_resources" time="0.033"></testcase><testcase classname="tests.src.page.test_pages" file="tests\src\page\test_pages.py" line="27" name="test_gallery" time="0.051"></testcase><testcase classname="package.tests.test_bootstrap" file="package\tests\test_bootstrap.py" line="9" name="test_info_alert" time="0.022"></testcase><testcase classname="package.tests.test_bootstrap" file="package\tests\test_bootstrap.py" line="26" name="test_warning_alert" time="0.012"></testcase><testcase classname="package.tests.test_bootstrap" file="package\tests\test_bootstrap.py" line="43" name="test_error_alert" time="0.014"></testcase><testcase classname="package.tests.test_bootstrap" file="package\tests\test_bootstrap.py" line="60" name="test_info_alert_height_problem" time="0.026"></testcase><testcase classname="package.tests.test_bootstrap_dashboard" file="package\tests\test_bootstrap_dashboard.py" line="30" name="test_app" time="0.049"></testcase><testcase classname="package.tests.test_bootstrap_dashboard" file="package\tests\test_bootstrap_dashboard.py" line="41" name="test_markdown_image_width_max_100_percent" time="0.002"></testcase><testcase classname="package.tests.test_browserurl" file="package\tests\test_browserurl.py" line="16" name="test_url" time="0.002"></testcase><testcase classname="package.tests.test_browserurl" file="package\tests\test_browserurl.py" line="29" name="test_pn_url" time="0.013"></testcase><testcase classname="package.tests.test_fontawesome" file="package\tests\test_fontawesome.py" line="15" name="test_html_with_font_awesome" time="0.009"></testcase><testcase classname="package.tests.test_fontawesome" file="package\tests\test_fontawesome.py" line="34" name="test_button_with_font_awesome" time="0.008"></testcase><testcase classname="package.tests.test_fontawesome" file="package\tests\test_fontawesome.py" line="52" name="test_get_fontawesome_panel_express_css" time="0.360"></testcase><testcase classname="package.tests.test_fontawesome" file="package\tests\test_fontawesome.py" line="65" name="test__to_fontawesome_panel_express_css[.fa-bus:before{content:&quot;\\f207&quot;}.fa-bus-alt:before{content:&quot;\\f55e&quot;}-div.bk.pa-bus div.bk *::before{content:&quot;\\f207&quot;}\ndiv.bk.pa-bus-alt div.bk *::before{content:&quot;\\f55e&quot;}]" time="0.003"></testcase><testcase classname="package.tests.test_headings" file="package\tests\test_headings.py" line="7" name="test_headings" time="0.008"></testcase><testcase classname="package.tests.test_headings" file="package\tests\test_headings.py" line="30" name="test_title_centered_white" time="0.007"></testcase><testcase classname="package.tests.test_headings" file="package\tests\test_headings.py" line="47" name="test_with_url" time="0.004"></testcase><testcase classname="package.tests.test_markdown" file="package\tests\test_markdown.py" line="10" name="test_pn_original" time="0.015"></testcase><testcase classname="package.tests.test_markdown" file="package\tests\test_markdown.py" line="29" name="test_pn_file" time="0.085"></testcase><testcase classname="package.tests.test_navigation" file="package\tests\test_navigation.py" line="7" name="test_pn_navigation_button" time="0.022"></testcase><testcase classname="package.tests.test_navigation" file="package\tests\test_navigation.py" line="34" name="test_pn_navigation" time="0.051"></testcase><testcase classname="package.tests.test_navigation" file="package\tests\test_navigation.py" line="54" name="test_pn_navigation_with_font_awesome" time="0.078"></testcase><testcase classname="package.tests.test_panes" file="package\tests\test_panes.py" line="7" name="test_divider" time="0.017"></testcase><testcase classname="package.tests.test_panes" file="package\tests\test_panes.py" line="16" name="test_markdown" time="0.022"></testcase><testcase classname="package.tests.test_panes" file="package\tests\test_panes.py" line="27" name="test_code" time="0.200"></testcase><testcase classname="package.tests.app.test_app" file="package\tests\app\test_app.py" line="7" name="test_title_awesome" time="0.009"></testcase><testcase classname="package.tests.shared.test_models" file="package\tests\shared\test_models.py" line="31" name="test_tag__init__" time="0.006"></testcase><testcase classname="package.tests.shared.test_models" file="package\tests\shared\test_models.py" line="36" name="test_tag__str__" time="0.003"></testcase><testcase classname="package.tests.shared.test_models" file="package\tests\shared\test_models.py" line="41" name="test_author__init__" time="0.001"></testcase><testcase classname="package.tests.shared.test_models" file="package\tests\shared\test_models.py" line="47" name="test_author__str__" time="0.002"></testcase><testcase classname="package.tests.shared.test_models" file="package\tests\shared\test_models.py" line="52" name="test_resource__init__" time="0.012"></testcase><testcase classname="package.tests.shared.test_models" file="package\tests\shared\test_models.py" line="61" name="test_resource__str__" time="0.002"></testcase><testcase classname="package.tests.shared.test_models" file="package\tests\shared\test_models.py" line="66" name="test_resource_to_markdown_bullet" time="0.003"></testcase><testcase classname="package.tests.shared.test_models" file="package\tests\shared\test_models.py" line="74" name="test_screenshot_file" time="0.001"></testcase><testcase classname="gallery.awesome_panel_express_tests.test_gallery" file="gallery\awesome_panel_express_tests\test_gallery.py" line="8" name="test_gallery_button" time="0.014"></testcase><testcase classname="gallery.awesome_panel_express_tests.test_spinners" file="gallery\awesome_panel_express_tests\test_spinners.py" line="9" name="test_default_spinner" time="0.012"></testcase><testcase classname="gallery.awesome_panel_express_tests.test_spinners" file="gallery\awesome_panel_express_tests\test_spinners.py" line="15" name="test_all_spinners" time="0.017"></testcase><testcase classname="gallery.awesome_panel_express_tests.test_spinners" file="gallery\awesome_panel_express_tests\test_spinners.py" line="21" name="test_spinner_while_python_executing" time="0.013"></testcase><testcase classname="gallery.awesome_panel_express_tests.test_spinners" file="gallery\awesome_panel_express_tests\test_spinners.py" line="41" name="test_spinner_can_be_centered" time="0.022"></testcase></testsuite></testsuites>