<?xml version="1.0" encoding="utf-8"?><testsuites><testsuite errors="0" failures="2" hostname="PC81978" name="pytest" skipped="3" tests="153" time="36.152" timestamp="2021-07-22T11:48:19.132448"><testcase classname="tests.test_platform" file="tests\test_platform.py" line="5" name="test_64bit" time="0.001" /><testcase classname="tests.test_platform" file="tests\test_platform.py" line="10" name="test_python_version" time="0.001" /><testcase classname="tests.application.test_dashboard" file="tests\application\test_dashboard.py" line="5" name="test_constructor" time="0.034" /><testcase classname="tests.application.test_pandas_profiling_app" file="tests\application\test_pandas_profiling_app.py" line="29" name="test_can_be_constructed" time="0.055" /><testcase classname="tests.application.test_pandas_profiling_app" file="tests\application\test_pandas_profiling_app.py" line="36" name="test_has_csv_url" time="0.042" /><testcase classname="tests.application.test_pandas_profiling_app" file="tests\application\test_pandas_profiling_app.py" line="41" name="test_can_configure" time="0.042" /><testcase classname="tests.application.test_pandas_profiling_app" file="tests\application\test_pandas_profiling_app.py" line="45" name="test_can_be_viewed" time="0.040" /><testcase classname="tests.application.test_pandas_profiling_app" file="tests\application\test_pandas_profiling_app.py" line="49" name="test_can_load_data_from_url" time="0.000"><skipped message="slow" type="pytest.skip">c:\repos\private\awesome-panel\tests\application\test_pandas_profiling_app.py:50: slow</skipped></testcase><testcase classname="tests.application.test_pandas_profiling_app" file="tests\application\test_pandas_profiling_app.py" line="62" name="test_can_load_random_report" time="0.000"><skipped message="slow" type="pytest.skip">c:\repos\private\awesome-panel\tests\application\test_pandas_profiling_app.py:63: slow</skipped></testcase><testcase classname="tests.application.detr.test_detr" file="tests\application\detr\test_detr.py" line="5" name="test_constructor" time="21.791" /><testcase classname="tests.application.detr.test_detr" file="tests\application\detr\test_detr.py" line="9" name="test_can_update_url" time="2.864" /><testcase classname="tests.application.detr.test_detr" file="tests\application\detr\test_detr.py" line="20" name="test_can_run_detr" time="1.366" /><testcase classname="tests.package.test_core_services" file="tests\package\test_core_services.py" line="6" name="test_module_to_github_url" time="0.001" /><testcase classname="tests.package.pages.test_gallery_button" file="tests\package\pages\test_gallery_button.py" line="11" name="test_gallery_button" time="0.002"><skipped message="" type="pytest.xfail" /></testcase><testcase classname="tests.package.pages.test_pages" file="tests\package\pages\test_pages.py" line="10" name="test_home" time="0.058" /><testcase classname="tests.package.pages.test_yahooquery_app" file="tests\package\pages\test_yahooquery_app.py" line="5" name="test_base__page__data_balance_sheet_quarterly" time="0.150"><failure message="simplejson.errors.JSONDecodeError: Expecting value: line 1 column 1 (char 0)">def test_base__page__data_balance_sheet_quarterly():
        """We have see an error thrown here"""
        base_page = BasePage()
        base_page.symbols = "ORSTED.CO"
        base_page.endpoint = "balance_sheet"
        base_page.frequency = "q"
    
        # assert isinstance(base_page.attr, Ticker.balance_sheet)
        assert not base_page.attr_is_property
    
        base_page._help()
        base_page._code()
&gt;       base_page._data()

tests\package\pages\test_yahooquery_app.py:18: 
_ _ _ _ _ _ _ _ _ _ _ _ _ _ _ _ _ _ _ _ _ _ _ _ _ _ _ _ _ _ _ _ _ _ _ _ _ _ _ _
.venv\lib\site-packages\param\parameterized.py:351: in _depends
    return func(*args,**kw)
C:\program files\python37\lib\contextlib.py:74: in inner
    return func(*args, **kwds)
application\pages\yahooquery_app\yahooquery_app.py:332: in _data
    self.frequency,
application\pages\yahooquery_app\yahooquery_app.py:123: in get_data
    )(*args)
.venv\lib\site-packages\yahooquery\ticker.py:548: in balance_sheet
    "balanceSheetHistory", "balanceSheetStatements", frequency)
.venv\lib\site-packages\yahooquery\ticker.py:529: in _financials
    return self._to_dataframe(endpoint, data_filter=data_filter)
.venv\lib\site-packages\yahooquery\ticker.py:260: in _to_dataframe
    data = self._get_endpoint(endpoint, params, **kwargs)
.venv\lib\site-packages\yahooquery\ticker.py:242: in _get_endpoint
    json = self.fetch(url, **kwargs)
.venv\lib\site-packages\yahooquery\base.py:105: in fetch
    return self._execute_yahoo_query(url, **kwargs)
.venv\lib\site-packages\yahooquery\base.py:86: in _execute_yahoo_query
    if response.json().get(key):
.venv\lib\site-packages\requests\models.py:898: in json
    return complexjson.loads(self.text, **kwargs)
.venv\lib\site-packages\simplejson\__init__.py:525: in loads
    return _default_decoder.decode(s)
.venv\lib\site-packages\simplejson\decoder.py:370: in decode
    obj, end = self.raw_decode(s)
_ _ _ _ _ _ _ _ _ _ _ _ _ _ _ _ _ _ _ _ _ _ _ _ _ _ _ _ _ _ _ _ _ _ _ _ _ _ _ _

self = &lt;simplejson.decoder.JSONDecoder object at 0x000001EB61E56248&gt;
s = 'Forbidden', idx = 0
_w = &lt;built-in method match of re.Pattern object at 0x000001EB615BAB70&gt;
_PY3 = True

    def raw_decode(self, s, idx=0, _w=WHITESPACE.match, _PY3=PY3):
        """Decode a JSON document from ``s`` (a ``str`` or ``unicode``
        beginning with a JSON document) and return a 2-tuple of the Python
        representation and the index in ``s`` where the document ended.
        Optionally, ``idx`` can be used to specify an offset in ``s`` where
        the JSON document begins.
    
        This can be used to decode a JSON document from a string that may
        have extraneous data at the end.
    
        """
        if idx &lt; 0:
            # Ensure that raw_decode bails on negative indexes, the regex
            # would otherwise mask this behavior. #98
            raise JSONDecodeError('Expecting value', s, idx)
        if _PY3 and not isinstance(s, str):
            raise TypeError("Input string must be text, not bytes")
        # strip UTF-8 bom
        if len(s) &gt; idx:
            ord0 = ord(s[idx])
            if ord0 == 0xfeff:
                idx += 1
            elif ord0 == 0xef and s[idx:idx + 3] == '\xef\xbb\xbf':
                idx += 3
&gt;       return self.scan_once(s, idx=_w(s, idx).end())
E       simplejson.errors.JSONDecodeError: Expecting value: line 1 column 1 (char 0)

.venv\lib\site-packages\simplejson\decoder.py:400: JSONDecodeError</failure></testcase><testcase classname="tests.package.pages.training_analysis.models.test_athlete" file="tests\package\pages\training_analysis\models\test_athlete.py" line="5" name="test_constructor" time="0.002" /><testcase classname="tests.package.pages.training_analysis.models.test_performance_curve" file="tests\package\pages\training_analysis\models\test_performance_curve.py" line="6" name="test_constructor" time="0.001" /><testcase classname="tests.package.pages.training_analysis.plots.test_activity_plots" file="tests\package\pages\training_analysis\plots\test_activity_plots.py" line="7" name="test_activity_data_plots_none" time="0.002" /><testcase classname="tests.package.pages.training_analysis.plots.test_activity_plots" file="tests\package\pages\training_analysis\plots\test_activity_plots.py" line="12" name="test_activity_data_plots_empty" time="0.001" /><testcase classname="tests.package.pages.training_analysis.plots.test_activity_plots" file="tests\package\pages\training_analysis\plots\test_activity_plots.py" line="17" name="test_map_plot_none" time="0.001" /><testcase classname="tests.package.pages.training_analysis.plots.test_activity_plots" file="tests\package\pages\training_analysis\plots\test_activity_plots.py" line="22" name="test_map_plot_empty" time="0.001" /><testcase classname="tests.package.pages.training_analysis.services.test_fit_file_service" file="tests\package\pages\training_analysis\services\test_fit_file_service.py" line="11" name="test__convert_units" time="0.015" /><testcase classname="tests.package.pages.training_analysis.services.test_fit_file_service" file="tests\package\pages\training_analysis\services\test_fit_file_service.py" line="43" name="test_parse_fit_file" time="0.938" /><testcase classname="tests.package.pages.training_analysis.views.test_activity_view" file="tests\package\pages\training_analysis\views\test_activity_view.py" line="9" name="test_activity_view" time="0.005" /><testcase classname="tests.package.pages.training_analysis.views.test_athlete_view" file="tests\package\pages\training_analysis\views\test_athlete_view.py" line="9" name="test_athlete_edit_view" time="0.007" /><testcase classname="tests.package.pages.training_analysis.views.test_performance_curve_view" file="tests\package\pages\training_analysis\views\test_performance_curve_view.py" line="11" name="test_performance_curve_update_view" time="0.051" /><testcase classname="package.tests.test_bootstrap_dashboard" file="package\tests\test_bootstrap_dashboard.py" line="5" name="test_app_attributes" time="0.014" /><testcase classname="package.tests.test_bootstrap_dashboard" file="package\tests\test_bootstrap_dashboard.py" line="36" name="test_app_with_content" time="0.016" /><testcase classname="package.tests.test_browserurl" file="package\tests\test_browserurl.py" line="21" name="test_url" time="0.002" /><testcase classname="package.tests.test_browserurl" file="package\tests\test_browserurl.py" line="34" name="test_pn_url" time="0.007" /><testcase classname="package.tests.test_dataframe" file="package\tests\test_dataframe.py" line="6" name="test_get_default_formatters" time="0.002" /><testcase classname="package.tests.test_dataframe" file="package\tests\test_dataframe.py" line="56" name="test_get_default_formatters_multi_level_index" time="0.003" /><testcase classname="package.tests.test_fontawesome" file="package\tests\test_fontawesome.py" line="10" name="test_get_fontawesome_panel_express_css" time="0.100"><failure message="urllib.error.HTTPError: HTTP Error 403: Forbidden">def test_get_fontawesome_panel_express_css():
        "Test that get_fontawesome_panel_express can return a text string without error"
        # When
&gt;       actual = fontawesome.fontawesome.get_fontawesome_panel_express()

package\tests\test_fontawesome.py:14: 
_ _ _ _ _ _ _ _ _ _ _ _ _ _ _ _ _ _ _ _ _ _ _ _ _ _ _ _ _ _ _ _ _ _ _ _ _ _ _ _
package\awesome_panel\express\fontawesome\fontawesome.py:66: in get_fontawesome_panel_express
    with urllib.request.urlopen(FONTAWESOME_CSS_URL) as file:
C:\program files\python37\lib\urllib\request.py:222: in urlopen
    return opener.open(url, data, timeout)
C:\program files\python37\lib\urllib\request.py:531: in open
    response = meth(req, response)
C:\program files\python37\lib\urllib\request.py:641: in http_response
    'http', request, response, code, msg, hdrs)
C:\program files\python37\lib\urllib\request.py:569: in error
    return self._call_chain(*args)
C:\program files\python37\lib\urllib\request.py:503: in _call_chain
    result = func(*args)
_ _ _ _ _ _ _ _ _ _ _ _ _ _ _ _ _ _ _ _ _ _ _ _ _ _ _ _ _ _ _ _ _ _ _ _ _ _ _ _

self = &lt;urllib.request.HTTPDefaultErrorHandler object at 0x000001EB8F0D9A48&gt;
req = &lt;urllib.request.Request object at 0x000001EB8F06ECC8&gt;
fp = &lt;http.client.HTTPResponse object at 0x000001EB8F065188&gt;, code = 403
msg = 'Forbidden', hdrs = &lt;http.client.HTTPMessage object at 0x000001EB8F0E5888&gt;

    def http_error_default(self, req, fp, code, msg, hdrs):
&gt;       raise HTTPError(req.full_url, code, msg, hdrs, fp)
E       urllib.error.HTTPError: HTTP Error 403: Forbidden

C:\program files\python37\lib\urllib\request.py:649: HTTPError</failure></testcase><testcase classname="package.tests.test_fontawesome" file="package\tests\test_fontawesome.py" line="26" name="test__to_fontawesome_panel_express_css[.fa-bus:before{content:&quot;\\f207&quot;}.fa-bus-alt:before{content:&quot;\\f55e&quot;}-div.bk.pa-bus div.bk *::before{content:&quot;\\f207&quot;}\ndiv.bk.pa-bus-alt div.bk *::before{content:&quot;\\f55e&quot;}]" time="0.001" /><testcase classname="package.tests.test_navigation" file="package\tests\test_navigation.py" line="6" name="test_pn_navigation_button" time="0.003" /><testcase classname="package.tests.test_navigation" file="package\tests\test_navigation.py" line="47" name="test_pn_navigation" time="0.004" /><testcase classname="package.tests.test_navigation" file="package\tests\test_navigation.py" line="83" name="test_pn_navigation_with_font_awesome" time="0.005" /><testcase classname="package.tests.test_progress_ext" file="package\tests\test_progress_ext.py" line="17" name="test_constructor" time="0.001" /><testcase classname="package.tests.test_progress_ext" file="package\tests\test_progress_ext.py" line="31" name="test_update" time="0.001" /><testcase classname="package.tests.test_progress_ext" file="package\tests\test_progress_ext.py" line="45" name="test_reset" time="0.001" /><testcase classname="package.tests.test_pydeck" file="package\tests\test_pydeck.py" line="7" name="test__repr_html" time="0.003" /><testcase classname="package.tests.test_pydeck" file="package\tests\test_pydeck.py" line="37" name="test__repr_html_none" time="0.001" /><testcase classname="package.tests.test_share_link" file="package\tests\test_share_link.py" line="5" name="test_base" time="0.001" /><testcase classname="package.tests.test_share_link" file="package\tests\test_share_link.py" line="31" name="test_facebook" time="0.001" /><testcase classname="package.tests.test_share_link" file="package\tests\test_share_link.py" line="50" name="test_linked_in" time="0.001" /><testcase classname="package.tests.test_share_link" file="package\tests\test_share_link.py" line="70" name="test_twitter" time="0.001" /><testcase classname="package.tests.test_share_link" file="package\tests\test_share_link.py" line="79" name="test_reddit" time="0.001" /><testcase classname="package.tests.application.components.test_application_component" file="package\tests\application\components\test_application_component.py" line="5" name="test_can_construct" time="0.033" /><testcase classname="package.tests.application.components.test_loading_page_component" file="package\tests\application\components\test_loading_page_component.py" line="6" name="test_can_construct_loading_page_component" time="0.004" /><testcase classname="package.tests.application.components.test_loading_page_component" file="package\tests\application\components\test_loading_page_component.py" line="12" name="test_can_show" time="0.004" /><testcase classname="package.tests.application.components.test_page_component" file="package\tests\application\components\test_page_component.py" line="7" name="test_can_construct_page_component" time="0.001" /><testcase classname="package.tests.application.components.test_page_component" file="package\tests\application\components\test_page_component.py" line="16" name="test_can_create_page_component_from_page_component" time="0.001" /><testcase classname="package.tests.application.components.test_page_component" file="package\tests\application\components\test_page_component.py" line="23" name="test_can_create_page_component_from_page_component_subclass" time="0.001" /><testcase classname="package.tests.application.components.test_page_component" file="package\tests\application\components\test_page_component.py" line="35" name="test_can_create_page_component_from_instance_of_page_component_subclass" time="0.001" /><testcase classname="package.tests.application.components.test_page_component" file="package\tests\application\components\test_page_component.py" line="47" name="test_can_create_page_component_from_callable" time="0.001" /><testcase classname="package.tests.application.components.test_page_component" file="package\tests\application\components\test_page_component.py" line="60" name="test_can_create_page_component_from_class_with_view_func" time="0.001" /><testcase classname="package.tests.application.components.test_page_component" file="package\tests\application\components\test_page_component.py" line="75" name="test_can_create_page_component_from_instance_with_view_func" time="0.001" /><testcase classname="package.tests.application.components.test_page_component" file="package\tests\application\components\test_page_component.py" line="90" name="test_can_create_page_component_from_reactive" time="0.002" /><testcase classname="package.tests.application.components.test_page_component" file="package\tests\application\components\test_page_component.py" line="99" name="test_can_create_page_component_from_string" time="0.001" /><testcase classname="package.tests.application.components.test_page_component" file="package\tests\application\components\test_page_component.py" line="108" name="test_can_create_page_component_from_class_with_main_and_sidebar" time="0.001" /><testcase classname="package.tests.application.components.test_page_component" file="package\tests\application\components\test_page_component.py" line="128" name="test_can_create_page_component_from_instance_with_main_and_sidebar" time="0.001" /><testcase classname="package.tests.application.components.test_page_navigation_component" file="package\tests\application\components\test_page_navigation_component.py" line="5" name="test_can_construct" time="0.007" /><testcase classname="package.tests.application.components.test_page_navigation_component" file="package\tests\application\components\test_page_navigation_component.py" line="10" name="test_can_show" time="0.007" /><testcase classname="package.tests.application.components.test_progress_spinner" file="package\tests\application\components\test_progress_spinner.py" line="5" name="test_can_construct" time="0.003" /><testcase classname="package.tests.application.components.test_progress_spinner" file="package\tests\application\components\test_progress_spinner.py" line="14" name="test_can_spin" time="0.003" /><testcase classname="package.tests.application.components.test_progress_spinner" file="package\tests\application\components\test_progress_spinner.py" line="24" name="test_can_convert_spinner_url_to_img_html" time="0.003" /><testcase classname="package.tests.application.models.test_application" file="package\tests\application\models\test_application.py" line="6" name="test_can_construct_application" time="0.004" /><testcase classname="package.tests.application.models.test_author" file="package\tests\application\models\test_author.py" line="2" name="test_can_construct_author" time="0.001" /><testcase classname="package.tests.application.models.test_page" file="package\tests\application\models\test_page.py" line="5" name="test_can_construct_page" time="0.001" /><testcase classname="package.tests.application.models.test_progress" file="package\tests\application\models\test_progress.py" line="5" name="test_can_construct" time="0.001" /><testcase classname="package.tests.application.models.test_progress" file="package\tests\application\models\test_progress.py" line="13" name="test_active_works" time="0.001" /><testcase classname="package.tests.application.models.test_resource" file="package\tests\application\models\test_resource.py" line="2" name="test_can_construct_resource" time="0.001" /><testcase classname="package.tests.application.models.test_tag" file="package\tests\application\models\test_tag.py" line="2" name="test_can_construct_tag" time="0.001" /><testcase classname="package.tests.application.models.test_theme" file="package\tests\application\models\test_theme.py" line="6" name="test_can_construct" time="0.001" /><testcase classname="package.tests.application.services.test_author_service" file="package\tests\application\services\test_author_service.py" line="12" name="test_can_construct_author_service" time="0.002" /><testcase classname="package.tests.application.services.test_author_service" file="package\tests\application\services\test_author_service.py" line="20" name="test_can_create_author" time="0.001" /><testcase classname="package.tests.application.services.test_author_service" file="package\tests\application\services\test_author_service.py" line="29" name="test_can_read_author_by_name" time="0.001" /><testcase classname="package.tests.application.services.test_author_service" file="package\tests\application\services\test_author_service.py" line="39" name="test_can_delete_author" time="0.001" /><testcase classname="package.tests.application.services.test_author_service" file="package\tests\application\services\test_author_service.py" line="47" name="test_can_bulk_create_and_is_sorted" time="0.001" /><testcase classname="package.tests.application.services.test_page_service" file="package\tests\application\services\test_page_service.py" line="7" name="test_can_construct_page_service" time="0.003" /><testcase classname="package.tests.application.services.test_page_service" file="package\tests\application\services\test_page_service.py" line="12" name="test_can_create_page" time="0.001" /><testcase classname="package.tests.application.services.test_page_service" file="package\tests\application\services\test_page_service.py" line="21" name="test_can_read_page_by_name" time="0.003" /><testcase classname="package.tests.application.services.test_page_service" file="package\tests\application\services\test_page_service.py" line="31" name="test_can_delete_page" time="0.004" /><testcase classname="package.tests.application.services.test_page_service" file="package\tests\application\services\test_page_service.py" line="39" name="test_can_bulk_create_and_is_sorted" time="0.002" /><testcase classname="package.tests.application.services.test_page_service" file="package\tests\application\services\test_page_service.py" line="54" name="test_can_load_default_page" time="0.003" /><testcase classname="package.tests.application.services.test_progress_service" file="package\tests\application\services\test_progress_service.py" line="20" name="test_can_be_constructed_with_default_values" time="0.001" /><testcase classname="package.tests.application.services.test_progress_service" file="package\tests\application\services\test_progress_service.py" line="25" name="test_can_be_constructed_with_custom_values" time="0.001" /><testcase classname="package.tests.application.services.test_progress_service" file="package\tests\application\services\test_progress_service.py" line="33" name="test_can_update" time="0.001" /><testcase classname="package.tests.application.services.test_progress_service" file="package\tests\application\services\test_progress_service.py" line="44" name="test_can_reset" time="0.001" /><testcase classname="package.tests.application.services.test_progress_service" file="package\tests\application\services\test_progress_service.py" line="54" name="test_can_use_report_func_as_context_manager" time="0.001" /><testcase classname="package.tests.application.services.test_progress_service" file="package\tests\application\services\test_progress_service.py" line="67" name="test_can_use_report_func_as_decorator" time="0.001" /><testcase classname="package.tests.application.services.test_progress_service" file="package\tests\application\services\test_progress_service.py" line="79" name="test_can_use_increment_func_as_context_manager" time="0.001" /><testcase classname="package.tests.application.services.test_progress_service" file="package\tests\application\services\test_progress_service.py" line="97" name="test_can_use_increment_func_as_decorator" time="0.001" /><testcase classname="package.tests.application.services.test_progress_service" file="package\tests\application\services\test_progress_service.py" line="113" name="test_can_use_active_count" time="0.001" /><testcase classname="package.tests.application.services.test_progress_service" file="package\tests\application\services\test_progress_service.py" line="135" name="test_can_update_value_only" time="0.001" /><testcase classname="package.tests.application.services.test_progress_service" file="package\tests\application\services\test_progress_service.py" line="151" name="test_can_update_value_max_only" time="0.001" /><testcase classname="package.tests.application.services.test_progress_service" file="package\tests\application\services\test_progress_service.py" line="167" name="test_can_update_message_only" time="0.001" /><testcase classname="package.tests.application.services.test_progress_service" file="package\tests\application\services\test_progress_service.py" line="183" name="test_can_update_active_count_only" time="0.001" /><testcase classname="package.tests.application.services.test_services" file="package\tests\application\services\test_services.py" line="11" name="test_can_construct" time="0.001" /><testcase classname="package.tests.application.services.test_services" file="package\tests\application\services\test_services.py" line="20" name="test_can_construct_fixture" time="0.005" /><testcase classname="package.tests.application.services.test_tag_service" file="package\tests\application\services\test_tag_service.py" line="12" name="test_can_construct_tag_service" time="0.001" /><testcase classname="package.tests.application.services.test_tag_service" file="package\tests\application\services\test_tag_service.py" line="16" name="test_can_create_tag" time="0.001" /><testcase classname="package.tests.application.services.test_tag_service" file="package\tests\application\services\test_tag_service.py" line="25" name="test_can_read_tag_by_name" time="0.001" /><testcase classname="package.tests.application.services.test_tag_service" file="package\tests\application\services\test_tag_service.py" line="35" name="test_can_delete_tag" time="0.002" /><testcase classname="package.tests.application.services.test_tag_service" file="package\tests\application\services\test_tag_service.py" line="43" name="test_can_bulk_create_and_is_sorted" time="0.002" /><testcase classname="package.tests.application.templates.test_application_template" file="package\tests\application\templates\test_application_template.py" line="6" name="test_can_construct_application_template_with_exception" time="0.026" /><testcase classname="package.tests.application.templates.test_application_template" file="package\tests\application\templates\test_application_template.py" line="16" name="test_main_content_changes_when_page_changes" time="0.026" /><testcase classname="package.tests.application.templates.test_material" file="package\tests\application\templates\test_material.py" line="5" name="test_can_construct_template" time="0.035" /><testcase classname="package.tests.application.utils.test_order_by_name" file="package\tests\application\utils\test_order_by_name.py" line="10" name="test_can_order" time="0.002" /><testcase classname="package.tests.application.views.test_application_view" file="package\tests\application\views\test_application_view.py" line="6" name="test_can_construct" time="0.025" /><testcase classname="package.tests.core.test_app" file="package\tests\core\test_app.py" line="6" name="test_title_awesome" time="0.002" /><testcase classname="package.tests.core.test_services" file="package\tests\core\test_services.py" line="4" name="test_module_to_github_url" time="0.001" /><testcase classname="package.tests.designer.test_designer" file="package\tests\designer\test_designer.py" line="10" name="test_can_construct_fixture" time="0.034" /><testcase classname="package.tests.designer.test_designer" file="package\tests\designer\test_designer.py" line="19" name="test_has_view" time="0.031" /><testcase classname="package.tests.designer.test_designer" file="package\tests\designer\test_designer.py" line="23" name="test_has_component_pane" time="0.032" /><testcase classname="package.tests.designer.test_designer" file="package\tests\designer\test_designer.py" line="27" name="test_has_designer_pane" time="0.030" /><testcase classname="package.tests.designer.test_designer" file="package\tests\designer\test_designer.py" line="31" name="test_has_action_pane" time="0.031" /><testcase classname="package.tests.designer.test_designer" file="package\tests\designer\test_designer.py" line="35" name="test_has_settings_pane" time="0.034" /><testcase classname="package.tests.designer.test_designer" file="package\tests\designer\test_designer.py" line="39" name="test_has_css_pane" time="0.032" /><testcase classname="package.tests.designer.test_designer" file="package\tests\designer\test_designer.py" line="43" name="test_has_js_pane" time="0.033" /><testcase classname="package.tests.designer.test_designer" file="package\tests\designer\test_designer.py" line="47" name="test_has_error_pane" time="0.031" /><testcase classname="package.tests.designer.test_designer_show" file="package\tests\designer\test_designer_show.py" line="73" name="test_designer" time="0.036" /><testcase classname="package.tests.designer.components.test_title_component" file="package\tests\designer\components\test_title_component.py" line="11" name="test_constructor" time="0.003" /><testcase classname="package.tests.designer.services.test_reload_service" file="package\tests\designer\services\test_reload_service.py" line="11" name="test_can_construct_fixture" time="0.002" /><testcase classname="package.tests.designer.services.test_reload_service" file="package\tests\designer\services\test_reload_service.py" line="15" name="test_can_reload_component" time="0.006" /><testcase classname="package.tests.designer.services.test_reload_service" file="package\tests\designer\services\test_reload_service.py" line="27" name="test_can_reload_reactive_component" time="0.003" /><testcase classname="package.tests.designer.services.test_reload_service" file="package\tests\designer\services\test_reload_service.py" line="40" name="test_can_reload_css_file" time="0.003" /><testcase classname="package.tests.designer.services.test_reload_service" file="package\tests\designer\services\test_reload_service.py" line="49" name="test_can_reload_js_file" time="0.002" /><testcase classname="package.tests.designer.services.test_reload_service" file="package\tests\designer\services\test_reload_service.py" line="58" name="test_can_communicate_reloading_progress" time="0.001" /><testcase classname="package.tests.designer.services.test_reload_service" file="package\tests\designer\services\test_reload_service.py" line="62" name="test_can_handle_reload_error" time="0.006" /><testcase classname="application.pages.awesome_panel_express_tests.test_bootstrap_alerts" file="application\pages\awesome_panel_express_tests\test_bootstrap_alerts.py" line="24" name="test_info_alert" time="0.003" /><testcase classname="application.pages.awesome_panel_express_tests.test_bootstrap_alerts" file="application\pages\awesome_panel_express_tests\test_bootstrap_alerts.py" line="39" name="test_warning_alert" time="0.004" /><testcase classname="application.pages.awesome_panel_express_tests.test_bootstrap_alerts" file="application\pages\awesome_panel_express_tests\test_bootstrap_alerts.py" line="53" name="test_error_alert" time="0.003" /><testcase classname="application.pages.awesome_panel_express_tests.test_bootstrap_card" file="application\pages\awesome_panel_express_tests\test_bootstrap_card.py" line="45" name="test_card" time="0.007" /><testcase classname="application.pages.awesome_panel_express_tests.test_bootstrap_card" file="application\pages\awesome_panel_express_tests\test_bootstrap_card.py" line="61" name="test_card_fixed_width" time="0.006" /><testcase classname="application.pages.awesome_panel_express_tests.test_bootstrap_card" file="application\pages\awesome_panel_express_tests\test_bootstrap_card.py" line="150" name="test_card_with_plot" time="0.027" /><testcase classname="application.pages.awesome_panel_express_tests.test_bootstrap_card" file="application\pages\awesome_panel_express_tests\test_bootstrap_card.py" line="169" name="test_card_with_multiple_panels" time="0.048" /><testcase classname="application.pages.awesome_panel_express_tests.test_bootstrap_card" file="application\pages\awesome_panel_express_tests\test_bootstrap_card.py" line="193" name="test_card_collapsible" time="0.139" /><testcase classname="application.pages.awesome_panel_express_tests.test_bootstrap_card" file="application\pages\awesome_panel_express_tests\test_bootstrap_card.py" line="214" name="test_card_with_code" time="0.003" /><testcase classname="application.pages.awesome_panel_express_tests.test_code" file="application\pages\awesome_panel_express_tests\test_code.py" line="29" name="test_code" time="0.002" /><testcase classname="application.pages.awesome_panel_express_tests.test_dataframe" file="application\pages\awesome_panel_express_tests\test_dataframe.py" line="33" name="test_get_default_formatters" time="0.004" /><testcase classname="application.pages.awesome_panel_express_tests.test_modal" file="application\pages\awesome_panel_express_tests\test_modal.py" line="38" name="test_modal" time="0.002" /><testcase classname="application.pages.awesome_panel_express_tests.test_modal" file="application\pages\awesome_panel_express_tests\test_modal.py" line="47" name="test_modal_settings" time="0.007" /><testcase classname="application.pages.awesome_panel_express_tests.test_progress_ext" file="application\pages\awesome_panel_express_tests\test_progress_ext.py" line="56" name="test_view_value_and_message" time="0.002" /><testcase classname="application.pages.awesome_panel_express_tests.test_progress_ext" file="application\pages\awesome_panel_express_tests\test_progress_ext.py" line="73" name="test_view_message_only" time="0.004" /><testcase classname="application.pages.awesome_panel_express_tests.test_progress_ext" file="application\pages\awesome_panel_express_tests\test_progress_ext.py" line="90" name="test_view_value_only" time="0.002" /><testcase classname="application.pages.awesome_panel_express_tests.test_progress_ext" file="application\pages\awesome_panel_express_tests\test_progress_ext.py" line="106" name="test_view_none" time="0.001" /><testcase classname="application.pages.awesome_panel_express_tests.test_progress_ext" file="application\pages\awesome_panel_express_tests\test_progress_ext.py" line="122" name="test_bar_color" time="0.002" /><testcase classname="application.pages.awesome_panel_express_tests.test_progress_ext" file="application\pages\awesome_panel_express_tests\test_progress_ext.py" line="140" name="test_report_as_context_manager" time="0.005" /><testcase classname="application.pages.awesome_panel_express_tests.test_progress_ext" file="application\pages\awesome_panel_express_tests\test_progress_ext.py" line="165" name="test_report_as_decorator" time="0.005" /><testcase classname="application.pages.awesome_panel_express_tests.test_progress_ext" file="application\pages\awesome_panel_express_tests\test_progress_ext.py" line="190" name="test_increment_as_context_manager" time="0.004" /><testcase classname="application.pages.awesome_panel_express_tests.test_progress_ext" file="application\pages\awesome_panel_express_tests\test_progress_ext.py" line="215" name="test_increment_as_decorator" time="0.004" /></testsuite></testsuites>