<?xml version="1.0" encoding="utf-8"?><testsuites><testsuite errors="0" failures="0" hostname="PC70601" name="pytest" skipped="0" tests="110" time="17.107" timestamp="2020-05-11T06:45:25.062843"><testcase classname="tests.test_platform" file="tests\test_platform.py" line="5" name="test_64bit" time="0.006"></testcase><testcase classname="tests.test_platform" file="tests\test_platform.py" line="10" name="test_python_version" time="0.002"></testcase><testcase classname="tests.src.test_core_services" file="tests\src\test_core_services.py" line="5" name="test_module_to_github_url" time="0.003"></testcase><testcase classname="tests.src.page.test_gallery" file="tests\src\page\test_gallery.py" line="13" name="test_gallery" time="0.111"></testcase><testcase classname="tests.src.page.test_pages" file="tests\src\page\test_pages.py" line="10" name="test_home" time="0.005"></testcase><testcase classname="tests.src.page.test_pages" file="tests\src\page\test_pages.py" line="18" name="test_resources" time="0.011"></testcase><testcase classname="tests.src.page.gallery.test_gallery" file="tests\src\page\gallery\test_gallery.py" line="11" name="test_gallery_button" time="0.011"></testcase><testcase classname="tests.src.page.gallery.test_yahooquery_app" file="tests\src\page\gallery\test_yahooquery_app.py" line="5" name="test_base__page__data_balance_sheet_quarterly" time="0.833"></testcase><testcase classname="tests.src.page.gallery.training_analysis.models.test_athlete" file="tests\src\page\gallery\training_analysis\models\test_athlete.py" line="5" name="test_constructor" time="0.010"></testcase><testcase classname="tests.src.page.gallery.training_analysis.models.test_performance_curve" file="tests\src\page\gallery\training_analysis\models\test_performance_curve.py" line="6" name="test_constructor" time="0.002"></testcase><testcase classname="tests.src.page.gallery.training_analysis.plots.test_activity_plots" file="tests\src\page\gallery\training_analysis\plots\test_activity_plots.py" line="7" name="test_activity_data_plots_none" time="0.003"></testcase><testcase classname="tests.src.page.gallery.training_analysis.plots.test_activity_plots" file="tests\src\page\gallery\training_analysis\plots\test_activity_plots.py" line="12" name="test_activity_data_plots_empty" time="0.002"></testcase><testcase classname="tests.src.page.gallery.training_analysis.plots.test_activity_plots" file="tests\src\page\gallery\training_analysis\plots\test_activity_plots.py" line="17" name="test_map_plot_none" time="0.002"></testcase><testcase classname="tests.src.page.gallery.training_analysis.plots.test_activity_plots" file="tests\src\page\gallery\training_analysis\plots\test_activity_plots.py" line="22" name="test_map_plot_empty" time="0.003"></testcase><testcase classname="tests.src.page.gallery.training_analysis.services.test_fit_file_service" file="tests\src\page\gallery\training_analysis\services\test_fit_file_service.py" line="11" name="test__convert_units" time="0.028"></testcase><testcase classname="tests.src.page.gallery.training_analysis.services.test_fit_file_service" file="tests\src\page\gallery\training_analysis\services\test_fit_file_service.py" line="42" name="test_parse_fit_file" time="2.648"></testcase><testcase classname="tests.src.page.gallery.training_analysis.views.test_activity_view" file="tests\src\page\gallery\training_analysis\views\test_activity_view.py" line="9" name="test_activity_view" time="0.009"></testcase><testcase classname="tests.src.page.gallery.training_analysis.views.test_athlete_view" file="tests\src\page\gallery\training_analysis\views\test_athlete_view.py" line="9" name="test_athlete_edit_view" time="0.013"></testcase><testcase classname="tests.src.page.gallery.training_analysis.views.test_performance_curve_view" file="tests\src\page\gallery\training_analysis\views\test_performance_curve_view.py" line="11" name="test_performance_curve_update_view" time="0.137"></testcase><testcase classname="package.tests.test_bootstrap_dashboard" file="package\tests\test_bootstrap_dashboard.py" line="6" name="test_app_attributes" time="0.068"></testcase><testcase classname="package.tests.test_bootstrap_dashboard" file="package\tests\test_bootstrap_dashboard.py" line="19" name="test_app_with_content" time="0.039"></testcase><testcase classname="package.tests.test_browserurl" file="package\tests\test_browserurl.py" line="19" name="test_url" time="0.003"></testcase><testcase classname="package.tests.test_browserurl" file="package\tests\test_browserurl.py" line="32" name="test_pn_url" time="0.020"></testcase><testcase classname="package.tests.test_dataframe" file="package\tests\test_dataframe.py" line="7" name="test_get_default_formatters" time="0.008"><system-out>{&apos;int&apos;: NumberFormatter(id=&apos;1001&apos;, ...), &apos;float&apos;: NumberFormatter(id=&apos;1002&apos;, ...), &apos;index&apos;: NumberFormatter(id=&apos;1003&apos;, ...)}
</system-out></testcase><testcase classname="package.tests.test_dataframe" file="package\tests\test_dataframe.py" line="31" name="test_get_default_formatters_multi_level_index" time="0.012"><system-out>{&apos;int&apos;: NumberFormatter(id=&apos;1004&apos;, ...), &apos;float&apos;: NumberFormatter(id=&apos;1005&apos;, ...)}
</system-out></testcase><testcase classname="package.tests.test_fontawesome" file="package\tests\test_fontawesome.py" line="11" name="test_get_fontawesome_panel_express_css" time="0.387"></testcase><testcase classname="package.tests.test_fontawesome" file="package\tests\test_fontawesome.py" line="24" name="test__to_fontawesome_panel_express_css[.fa-bus:before{content:&quot;\\f207&quot;}.fa-bus-alt:before{content:&quot;\\f55e&quot;}-div.bk.pa-bus div.bk *::before{content:&quot;\\f207&quot;}\ndiv.bk.pa-bus-alt div.bk *::before{content:&quot;\\f55e&quot;}]" time="0.003"></testcase><testcase classname="package.tests.test_navigation" file="package\tests\test_navigation.py" line="7" name="test_pn_navigation_button" time="0.011"></testcase><testcase classname="package.tests.test_navigation" file="package\tests\test_navigation.py" line="34" name="test_pn_navigation" time="0.010"></testcase><testcase classname="package.tests.test_navigation" file="package\tests\test_navigation.py" line="57" name="test_pn_navigation_with_font_awesome" time="0.014"></testcase><testcase classname="package.tests.test_progress_ext" file="package\tests\test_progress_ext.py" line="17" name="test_constructor" time="0.002"></testcase><testcase classname="package.tests.test_progress_ext" file="package\tests\test_progress_ext.py" line="27" name="test_update" time="0.002"></testcase><testcase classname="package.tests.test_progress_ext" file="package\tests\test_progress_ext.py" line="40" name="test_reset" time="0.002"></testcase><testcase classname="package.tests.test_pydeck" file="package\tests\test_pydeck.py" line="7" name="test__repr_html" time="0.009"></testcase><testcase classname="package.tests.test_pydeck" file="package\tests\test_pydeck.py" line="37" name="test__repr_html_none" time="0.002"></testcase><testcase classname="package.tests.test_share_link" file="package\tests\test_share_link.py" line="5" name="test_base" time="0.004"></testcase><testcase classname="package.tests.test_share_link" file="package\tests\test_share_link.py" line="29" name="test_facebook" time="0.002"></testcase><testcase classname="package.tests.test_share_link" file="package\tests\test_share_link.py" line="48" name="test_linked_in" time="0.002"></testcase><testcase classname="package.tests.test_share_link" file="package\tests\test_share_link.py" line="68" name="test_twitter" time="0.003"></testcase><testcase classname="package.tests.test_share_link" file="package\tests\test_share_link.py" line="77" name="test_reddit" time="0.002"></testcase><testcase classname="package.tests.core.test_app" file="package\tests\core\test_app.py" line="7" name="test_title_awesome" time="0.019"></testcase><testcase classname="package.tests.core.test_services" file="package\tests\core\test_services.py" line="4" name="test_module_to_github_url" time="0.003"></testcase><testcase classname="package.tests.designer.test_designer" file="package\tests\designer\test_designer.py" line="11" name="test_can_construct_fixture" time="0.147"><system-out>reload start Component 2020-05-11 06:45:40.312337
_update_component ReloadService(Component)
reload end Component 2020-05-11 06:45:40.343359
reload start Component 2020-05-11 06:45:40.344859
_update_css_pane ReloadService(Component)
reload end Component 2020-05-11 06:45:40.349362
reload start Component 2020-05-11 06:45:40.355367
_update_js_pane ReloadService(Component)
reload end Component 2020-05-11 06:45:40.360871
_update_component ReloadService(Component)
_update_css_pane ReloadService(Component)
_update_js_pane ReloadService(Component)
</system-out><system-err>WARNING:param.Designer02016: Setting non-parameter attribute reload_services=[ReloadService(Component)] using a mechanism intended only for parameters
WARNING:param.Component02061: Setting non-parameter attribute css_path=C:\repos\private\awesome-panel\package\tests\designer\fixtures\component.css using a mechanism intended only for parameters
WARNING:param.Component02061: Setting non-parameter attribute js_path=C:\repos\private\awesome-panel\package\tests\designer\fixtures\component.js using a mechanism intended only for parameters
WARNING:param.Component02061: Setting non-parameter attribute modules_to_reload=[] using a mechanism intended only for parameters
</system-err></testcase><testcase classname="package.tests.designer.test_designer" file="package\tests\designer\test_designer.py" line="20" name="test_has_view" time="0.144"><system-out>reload start Component 2020-05-11 06:45:40.455938
_update_component ReloadService(Component)
reload end Component 2020-05-11 06:45:40.493465
reload start Component 2020-05-11 06:45:40.494966
_update_css_pane ReloadService(Component)
reload end Component 2020-05-11 06:45:40.499469
reload start Component 2020-05-11 06:45:40.500970
_update_js_pane ReloadService(Component)
reload end Component 2020-05-11 06:45:40.506475
_update_component ReloadService(Component)
_update_css_pane ReloadService(Component)
_update_js_pane ReloadService(Component)
</system-out><system-err>WARNING:param.Designer02102: Setting non-parameter attribute reload_services=[ReloadService(Component)] using a mechanism intended only for parameters
WARNING:param.Component02147: Setting non-parameter attribute css_path=C:\repos\private\awesome-panel\package\tests\designer\fixtures\component.css using a mechanism intended only for parameters
WARNING:param.Component02147: Setting non-parameter attribute js_path=C:\repos\private\awesome-panel\package\tests\designer\fixtures\component.js using a mechanism intended only for parameters
WARNING:param.Component02147: Setting non-parameter attribute modules_to_reload=[] using a mechanism intended only for parameters
</system-err></testcase><testcase classname="package.tests.designer.test_designer" file="package\tests\designer\test_designer.py" line="24" name="test_has_component_pane" time="0.199"><system-out>reload start Component 2020-05-11 06:45:40.648575
_update_component ReloadService(Component)
reload end Component 2020-05-11 06:45:40.689605
reload start Component 2020-05-11 06:45:40.692105
_update_css_pane ReloadService(Component)
reload end Component 2020-05-11 06:45:40.696109
reload start Component 2020-05-11 06:45:40.697609
_update_js_pane ReloadService(Component)
reload end Component 2020-05-11 06:45:40.706617
_update_component ReloadService(Component)
_update_css_pane ReloadService(Component)
_update_js_pane ReloadService(Component)
</system-out><system-err>WARNING:param.Designer02188: Setting non-parameter attribute reload_services=[ReloadService(Component)] using a mechanism intended only for parameters
WARNING:param.Component02233: Setting non-parameter attribute css_path=C:\repos\private\awesome-panel\package\tests\designer\fixtures\component.css using a mechanism intended only for parameters
WARNING:param.Component02233: Setting non-parameter attribute js_path=C:\repos\private\awesome-panel\package\tests\designer\fixtures\component.js using a mechanism intended only for parameters
WARNING:param.Component02233: Setting non-parameter attribute modules_to_reload=[] using a mechanism intended only for parameters
</system-err></testcase><testcase classname="package.tests.designer.test_designer" file="package\tests\designer\test_designer.py" line="28" name="test_has_designer_pane" time="0.068"><system-out>reload start Component 2020-05-11 06:45:40.781204
_update_component ReloadService(Component)
reload end Component 2020-05-11 06:45:40.796215
reload start Component 2020-05-11 06:45:40.797215
_update_css_pane ReloadService(Component)
reload end Component 2020-05-11 06:45:40.800217
reload start Component 2020-05-11 06:45:40.801217
_update_js_pane ReloadService(Component)
reload end Component 2020-05-11 06:45:40.806223
_update_component ReloadService(Component)
_update_css_pane ReloadService(Component)
_update_js_pane ReloadService(Component)
</system-out><system-err>WARNING:param.Designer02274: Setting non-parameter attribute reload_services=[ReloadService(Component)] using a mechanism intended only for parameters
WARNING:param.Component02319: Setting non-parameter attribute css_path=C:\repos\private\awesome-panel\package\tests\designer\fixtures\component.css using a mechanism intended only for parameters
WARNING:param.Component02319: Setting non-parameter attribute js_path=C:\repos\private\awesome-panel\package\tests\designer\fixtures\component.js using a mechanism intended only for parameters
WARNING:param.Component02319: Setting non-parameter attribute modules_to_reload=[] using a mechanism intended only for parameters
</system-err></testcase><testcase classname="package.tests.designer.test_designer" file="package\tests\designer\test_designer.py" line="32" name="test_has_action_pane" time="0.052"><system-out>reload start Component 2020-05-11 06:45:40.833240
_update_component ReloadService(Component)
reload end Component 2020-05-11 06:45:40.847250
reload start Component 2020-05-11 06:45:40.848251
_update_css_pane ReloadService(Component)
reload end Component 2020-05-11 06:45:40.852254
reload start Component 2020-05-11 06:45:40.854255
_update_js_pane ReloadService(Component)
reload end Component 2020-05-11 06:45:40.857259
_update_component ReloadService(Component)
_update_css_pane ReloadService(Component)
_update_js_pane ReloadService(Component)
</system-out><system-err>WARNING:param.Designer02360: Setting non-parameter attribute reload_services=[ReloadService(Component)] using a mechanism intended only for parameters
WARNING:param.Component02405: Setting non-parameter attribute css_path=C:\repos\private\awesome-panel\package\tests\designer\fixtures\component.css using a mechanism intended only for parameters
WARNING:param.Component02405: Setting non-parameter attribute js_path=C:\repos\private\awesome-panel\package\tests\designer\fixtures\component.js using a mechanism intended only for parameters
WARNING:param.Component02405: Setting non-parameter attribute modules_to_reload=[] using a mechanism intended only for parameters
</system-err></testcase><testcase classname="package.tests.designer.test_designer" file="package\tests\designer\test_designer.py" line="36" name="test_has_settings_pane" time="0.075"><system-out>reload start Component 2020-05-11 06:45:40.900288
_update_component ReloadService(Component)
reload end Component 2020-05-11 06:45:40.920303
reload start Component 2020-05-11 06:45:40.921303
_update_css_pane ReloadService(Component)
reload end Component 2020-05-11 06:45:40.925307
reload start Component 2020-05-11 06:45:40.927307
_update_js_pane ReloadService(Component)
reload end Component 2020-05-11 06:45:40.930309
_update_component ReloadService(Component)
_update_css_pane ReloadService(Component)
_update_js_pane ReloadService(Component)
</system-out><system-err>WARNING:param.Designer02446: Setting non-parameter attribute reload_services=[ReloadService(Component)] using a mechanism intended only for parameters
WARNING:param.Component02491: Setting non-parameter attribute css_path=C:\repos\private\awesome-panel\package\tests\designer\fixtures\component.css using a mechanism intended only for parameters
WARNING:param.Component02491: Setting non-parameter attribute js_path=C:\repos\private\awesome-panel\package\tests\designer\fixtures\component.js using a mechanism intended only for parameters
WARNING:param.Component02491: Setting non-parameter attribute modules_to_reload=[] using a mechanism intended only for parameters
</system-err></testcase><testcase classname="package.tests.designer.test_designer" file="package\tests\designer\test_designer.py" line="40" name="test_has_css_pane" time="0.069"><system-out>reload start Component 2020-05-11 06:45:40.973339
_update_component ReloadService(Component)
reload end Component 2020-05-11 06:45:40.991354
reload start Component 2020-05-11 06:45:40.992354
_update_css_pane ReloadService(Component)
reload end Component 2020-05-11 06:45:40.995356
reload start Component 2020-05-11 06:45:40.996356
_update_js_pane ReloadService(Component)
reload end Component 2020-05-11 06:45:41.000359
_update_component ReloadService(Component)
_update_css_pane ReloadService(Component)
_update_js_pane ReloadService(Component)
</system-out><system-err>WARNING:param.Designer02532: Setting non-parameter attribute reload_services=[ReloadService(Component)] using a mechanism intended only for parameters
WARNING:param.Component02577: Setting non-parameter attribute css_path=C:\repos\private\awesome-panel\package\tests\designer\fixtures\component.css using a mechanism intended only for parameters
WARNING:param.Component02577: Setting non-parameter attribute js_path=C:\repos\private\awesome-panel\package\tests\designer\fixtures\component.js using a mechanism intended only for parameters
WARNING:param.Component02577: Setting non-parameter attribute modules_to_reload=[] using a mechanism intended only for parameters
</system-err></testcase><testcase classname="package.tests.designer.test_designer" file="package\tests\designer\test_designer.py" line="44" name="test_has_js_pane" time="0.059"><system-out>reload start Component 2020-05-11 06:45:41.042388
_update_component ReloadService(Component)
reload end Component 2020-05-11 06:45:41.054398
reload start Component 2020-05-11 06:45:41.055400
_update_css_pane ReloadService(Component)
reload end Component 2020-05-11 06:45:41.058401
reload start Component 2020-05-11 06:45:41.059402
_update_js_pane ReloadService(Component)
reload end Component 2020-05-11 06:45:41.062404
_update_component ReloadService(Component)
_update_css_pane ReloadService(Component)
_update_js_pane ReloadService(Component)
</system-out><system-err>WARNING:param.Designer02618: Setting non-parameter attribute reload_services=[ReloadService(Component)] using a mechanism intended only for parameters
WARNING:param.Component02663: Setting non-parameter attribute css_path=C:\repos\private\awesome-panel\package\tests\designer\fixtures\component.css using a mechanism intended only for parameters
WARNING:param.Component02663: Setting non-parameter attribute js_path=C:\repos\private\awesome-panel\package\tests\designer\fixtures\component.js using a mechanism intended only for parameters
WARNING:param.Component02663: Setting non-parameter attribute modules_to_reload=[] using a mechanism intended only for parameters
</system-err></testcase><testcase classname="package.tests.designer.test_designer" file="package\tests\designer\test_designer.py" line="48" name="test_has_error_pane" time="0.050"><system-out>reload start Component 2020-05-11 06:45:41.096429
_update_component ReloadService(Component)
reload end Component 2020-05-11 06:45:41.108436
reload start Component 2020-05-11 06:45:41.109437
_update_css_pane ReloadService(Component)
reload end Component 2020-05-11 06:45:41.112439
reload start Component 2020-05-11 06:45:41.113440
_update_js_pane ReloadService(Component)
reload end Component 2020-05-11 06:45:41.115442
_update_component ReloadService(Component)
_update_css_pane ReloadService(Component)
_update_js_pane ReloadService(Component)
</system-out><system-err>WARNING:param.Designer02704: Setting non-parameter attribute reload_services=[ReloadService(Component)] using a mechanism intended only for parameters
WARNING:param.Component02749: Setting non-parameter attribute css_path=C:\repos\private\awesome-panel\package\tests\designer\fixtures\component.css using a mechanism intended only for parameters
WARNING:param.Component02749: Setting non-parameter attribute js_path=C:\repos\private\awesome-panel\package\tests\designer\fixtures\component.js using a mechanism intended only for parameters
WARNING:param.Component02749: Setting non-parameter attribute modules_to_reload=[] using a mechanism intended only for parameters
</system-err></testcase><testcase classname="package.tests.designer.test_designer_show" file="package\tests\designer\test_designer_show.py" line="54" name="test_designer" time="0.055"><system-out>reload start TitleComponent 2020-05-11 06:45:41.146463
_update_component ReloadService(TitleComponent)
reload end TitleComponent 2020-05-11 06:45:41.162476
reload start TitleComponent 2020-05-11 06:45:41.163476
_update_css_pane ReloadService(TitleComponent)
reload end TitleComponent 2020-05-11 06:45:41.166477
reload start TitleComponent 2020-05-11 06:45:41.167478
_update_js_pane ReloadService(TitleComponent)
reload end TitleComponent 2020-05-11 06:45:41.170481
_update_component ReloadService(TitleComponent)
_update_css_pane ReloadService(TitleComponent)
_update_js_pane ReloadService(TitleComponent)
</system-out><system-err>WARNING:param.Designer02789: Setting non-parameter attribute reload_services=[ReloadService(TitleComponent), ReloadService(EmptyComponent), ReloadService(CenteredComponent), ReloadService(StoppedComponent), ReloadService(Card)] using a mechanism intended only for parameters
</system-err></testcase><testcase classname="package.tests.designer.components.test_title_component" file="package\tests\designer\components\test_title_component.py" line="12" name="test_constructor" time="0.007"></testcase><testcase classname="package.tests.designer.services.test_reload_service" file="package\tests\designer\services\test_reload_service.py" line="18" name="test_can_construct_fixture" time="0.014"></testcase><testcase classname="package.tests.designer.services.test_reload_service" file="package\tests\designer\services\test_reload_service.py" line="22" name="test_can_reload_component" time="0.024"><system-out>reload start Component 2020-05-11 06:45:41.217513
reload end Component 2020-05-11 06:45:41.230523
</system-out><system-err>WARNING:param.Component02920: Setting non-parameter attribute css_path=C:\repos\private\awesome-panel\package\tests\designer\fixtures\component.css using a mechanism intended only for parameters
WARNING:param.Component02920: Setting non-parameter attribute js_path=C:\repos\private\awesome-panel\package\tests\designer\fixtures\component.js using a mechanism intended only for parameters
WARNING:param.Component02920: Setting non-parameter attribute modules_to_reload=[] using a mechanism intended only for parameters
</system-err></testcase><testcase classname="package.tests.designer.services.test_reload_service" file="package\tests\designer\services\test_reload_service.py" line="34" name="test_can_reload_reactive_component" time="0.014"><system-out>reload start Component 2020-05-11 06:45:41.244532
reload end Component 2020-05-11 06:45:41.246536
</system-out><system-err>WARNING:param.MyComponent02931: Setting non-parameter attribute css_path=C:\repos\private\awesome-panel\package\tests\designer\fixtures\component.css using a mechanism intended only for parameters
WARNING:param.MyComponent02931: Setting non-parameter attribute js_path=C:\repos\private\awesome-panel\package\tests\designer\fixtures\component.js using a mechanism intended only for parameters
WARNING:param.MyComponent02931: Setting non-parameter attribute modules_to_reload=[] using a mechanism intended only for parameters
</system-err></testcase><testcase classname="package.tests.designer.services.test_reload_service" file="package\tests\designer\services\test_reload_service.py" line="47" name="test_can_reload_css_file" time="0.012"><system-out>reload start Component 2020-05-11 06:45:41.267549
reload end Component 2020-05-11 06:45:41.274560
</system-out></testcase><testcase classname="package.tests.designer.services.test_reload_service" file="package\tests\designer\services\test_reload_service.py" line="56" name="test_can_reload_js_file" time="0.009"><system-out>reload start Component 2020-05-11 06:45:41.281559
reload end Component 2020-05-11 06:45:41.283561
</system-out></testcase><testcase classname="package.tests.designer.services.test_reload_service" file="package\tests\designer\services\test_reload_service.py" line="65" name="test_can_communicate_reloading_progress" time="0.005"></testcase><testcase classname="package.tests.designer.services.test_reload_service" file="package\tests\designer\services\test_reload_service.py" line="69" name="test_can_handle_reload_error" time="0.016"><system-out>reload start Component 2020-05-11 06:45:41.314582
Component # Error Traceback (most recent call last):
  File &quot;c:\repos\private\awesome-panel\package\awesome_panel\designer\services\reload_service.py&quot;, line 93, in _reload_component
    self.component_instance = self.component(**self.component_parameters)
  File &quot;C:\repos\private\awesome-panel\package\tests\designer\services\test_reload_service.py&quot;, line 16, in __init__
    raise ValueError()
ValueError

reload end Component 2020-05-11 06:45:41.320587
</system-out><system-err>WARNING:param.ComponentWithError02936: Setting non-parameter attribute css_path=C:\repos\private\awesome-panel\package\tests\designer\fixtures\component.css using a mechanism intended only for parameters
WARNING:param.ComponentWithError02936: Setting non-parameter attribute js_path=C:\repos\private\awesome-panel\package\tests\designer\fixtures\component.js using a mechanism intended only for parameters
WARNING:param.ComponentWithError02936: Setting non-parameter attribute modules_to_reload=[] using a mechanism intended only for parameters
</system-err></testcase><testcase classname="package.tests.shared.test_models" file="package\tests\shared\test_models.py" line="37" name="test_tag__init__" time="0.005"></testcase><testcase classname="package.tests.shared.test_models" file="package\tests\shared\test_models.py" line="42" name="test_tag__str__" time="0.000"></testcase><testcase classname="package.tests.shared.test_models" file="package\tests\shared\test_models.py" line="47" name="test_author__init__" time="0.003"></testcase><testcase classname="package.tests.shared.test_models" file="package\tests\shared\test_models.py" line="55" name="test_author__str__" time="0.000"></testcase><testcase classname="package.tests.shared.test_models" file="package\tests\shared\test_models.py" line="60" name="test_resource__init__" time="0.002"></testcase><testcase classname="package.tests.shared.test_models" file="package\tests\shared\test_models.py" line="72" name="test_resource__str__" time="0.003"></testcase><testcase classname="package.tests.shared.test_models" file="package\tests\shared\test_models.py" line="77" name="test_resource_to_markdown_bullet" time="0.002"></testcase><testcase classname="package.tests.shared.test_models" file="package\tests\shared\test_models.py" line="85" name="test_screenshot_file" time="0.003"></testcase><testcase classname="package.tests.shared.test_models" file="package\tests\shared\test_models.py" line="93" name="test_author_to_html" time="0.002"></testcase><testcase classname="src.pages.gallery.awesome_panel_express_tests.test_bootstrap_alerts" file="src\pages\gallery\awesome_panel_express_tests\test_bootstrap_alerts.py" line="19" name="test_info_alert" time="0.004"></testcase><testcase classname="src.pages.gallery.awesome_panel_express_tests.test_bootstrap_alerts" file="src\pages\gallery\awesome_panel_express_tests\test_bootstrap_alerts.py" line="32" name="test_warning_alert" time="0.002"></testcase><testcase classname="src.pages.gallery.awesome_panel_express_tests.test_bootstrap_alerts" file="src\pages\gallery\awesome_panel_express_tests\test_bootstrap_alerts.py" line="46" name="test_error_alert" time="0.003"></testcase><testcase classname="src.pages.gallery.awesome_panel_express_tests.test_bootstrap_card" file="src\pages\gallery\awesome_panel_express_tests\test_bootstrap_card.py" line="33" name="test_card" time="0.005"></testcase><testcase classname="src.pages.gallery.awesome_panel_express_tests.test_bootstrap_card" file="src\pages\gallery\awesome_panel_express_tests\test_bootstrap_card.py" line="46" name="test_card_fixed_width" time="0.004"></testcase><testcase classname="src.pages.gallery.awesome_panel_express_tests.test_bootstrap_card" file="src\pages\gallery\awesome_panel_express_tests\test_bootstrap_card.py" line="97" name="test_card_with_plot" time="0.068"></testcase><testcase classname="src.pages.gallery.awesome_panel_express_tests.test_bootstrap_card" file="src\pages\gallery\awesome_panel_express_tests\test_bootstrap_card.py" line="109" name="test_card_with_multiple_panels" time="0.148"></testcase><testcase classname="src.pages.gallery.awesome_panel_express_tests.test_bootstrap_card" file="src\pages\gallery\awesome_panel_express_tests\test_bootstrap_card.py" line="129" name="test_card_collapsable" time="0.065"></testcase><testcase classname="src.pages.gallery.awesome_panel_express_tests.test_bootstrap_card" file="src\pages\gallery\awesome_panel_express_tests\test_bootstrap_card.py" line="155" name="test_card_with_code" time="0.016"></testcase><testcase classname="src.pages.gallery.awesome_panel_express_tests.test_code" file="src\pages\gallery\awesome_panel_express_tests\test_code.py" line="8" name="test_code" time="0.000"></testcase><testcase classname="src.pages.gallery.awesome_panel_express_tests.test_dataframe" file="src\pages\gallery\awesome_panel_express_tests\test_dataframe.py" line="18" name="test_get_default_formatters" time="0.026"></testcase><testcase classname="src.pages.gallery.awesome_panel_express_tests.test_divider" file="src\pages\gallery\awesome_panel_express_tests\test_divider.py" line="12" name="test_divider" time="0.003"></testcase><testcase classname="src.pages.gallery.awesome_panel_express_tests.test_fontawesome" file="src\pages\gallery\awesome_panel_express_tests\test_fontawesome.py" line="13" name="test_html_with_font_awesome" time="0.004"></testcase><testcase classname="src.pages.gallery.awesome_panel_express_tests.test_fontawesome" file="src\pages\gallery\awesome_panel_express_tests\test_fontawesome.py" line="28" name="test_button_with_font_awesome" time="0.010"></testcase><testcase classname="src.pages.gallery.awesome_panel_express_tests.test_headings" file="src\pages\gallery\awesome_panel_express_tests\test_headings.py" line="8" name="test_headings" time="0.134"></testcase><testcase classname="src.pages.gallery.awesome_panel_express_tests.test_headings" file="src\pages\gallery\awesome_panel_express_tests\test_headings.py" line="26" name="test_title_centered_white" time="0.019"></testcase><testcase classname="src.pages.gallery.awesome_panel_express_tests.test_headings" file="src\pages\gallery\awesome_panel_express_tests\test_headings.py" line="38" name="test_with_url" time="0.016"></testcase><testcase classname="src.pages.gallery.awesome_panel_express_tests.test_markdown" file="src\pages\gallery\awesome_panel_express_tests\test_markdown.py" line="19" name="test_markdown" time="0.009"></testcase><testcase classname="src.pages.gallery.awesome_panel_express_tests.test_markdown" file="src\pages\gallery\awesome_panel_express_tests\test_markdown.py" line="36" name="test_markdown_from_file" time="0.005"></testcase><testcase classname="src.pages.gallery.awesome_panel_express_tests.test_markdown" file="src\pages\gallery\awesome_panel_express_tests\test_markdown.py" line="48" name="test_markdown_indendation" time="0.003"></testcase><testcase classname="src.pages.gallery.awesome_panel_express_tests.test_markdown" file="src\pages\gallery\awesome_panel_express_tests\test_markdown.py" line="57" name="test_markdown_code_block" time="0.007"></testcase><testcase classname="src.pages.gallery.awesome_panel_express_tests.test_modal" file="src\pages\gallery\awesome_panel_express_tests\test_modal.py" line="36" name="test_modal" time="0.005"></testcase><testcase classname="src.pages.gallery.awesome_panel_express_tests.test_modal" file="src\pages\gallery\awesome_panel_express_tests\test_modal.py" line="42" name="test_modal_settings" time="0.029"></testcase><testcase classname="src.pages.gallery.awesome_panel_express_tests.test_progress_ext" file="src\pages\gallery\awesome_panel_express_tests\test_progress_ext.py" line="39" name="test_view_value_and_message" time="0.004"></testcase><testcase classname="src.pages.gallery.awesome_panel_express_tests.test_progress_ext" file="src\pages\gallery\awesome_panel_express_tests\test_progress_ext.py" line="50" name="test_view_message_only" time="0.002"></testcase><testcase classname="src.pages.gallery.awesome_panel_express_tests.test_progress_ext" file="src\pages\gallery\awesome_panel_express_tests\test_progress_ext.py" line="61" name="test_view_value_only" time="0.004"></testcase><testcase classname="src.pages.gallery.awesome_panel_express_tests.test_progress_ext" file="src\pages\gallery\awesome_panel_express_tests\test_progress_ext.py" line="71" name="test_view_none" time="0.008"></testcase><testcase classname="src.pages.gallery.awesome_panel_express_tests.test_progress_ext" file="src\pages\gallery\awesome_panel_express_tests\test_progress_ext.py" line="81" name="test_bar_color" time="0.005"></testcase><testcase classname="src.pages.gallery.awesome_panel_express_tests.test_progress_ext" file="src\pages\gallery\awesome_panel_express_tests\test_progress_ext.py" line="92" name="test_report_as_context_manager" time="0.005"></testcase><testcase classname="src.pages.gallery.awesome_panel_express_tests.test_progress_ext" file="src\pages\gallery\awesome_panel_express_tests\test_progress_ext.py" line="110" name="test_report_as_decorator" time="0.014"></testcase><testcase classname="src.pages.gallery.awesome_panel_express_tests.test_progress_ext" file="src\pages\gallery\awesome_panel_express_tests\test_progress_ext.py" line="128" name="test_increment_as_context_manager" time="0.013"></testcase><testcase classname="src.pages.gallery.awesome_panel_express_tests.test_progress_ext" file="src\pages\gallery\awesome_panel_express_tests\test_progress_ext.py" line="146" name="test_increment_as_decorator" time="0.007"></testcase><testcase classname="src.pages.gallery.awesome_panel_express_tests.test_share_links" file="src\pages\gallery\awesome_panel_express_tests\test_share_links.py" line="29" name="test_facebook" time="0.000"></testcase><testcase classname="src.pages.gallery.awesome_panel_express_tests.test_share_links" file="src\pages\gallery\awesome_panel_express_tests\test_share_links.py" line="38" name="test_linkedin" time="0.000"></testcase><testcase classname="src.pages.gallery.awesome_panel_express_tests.test_share_links" file="src\pages\gallery\awesome_panel_express_tests\test_share_links.py" line="47" name="test_mail" time="0.019"></testcase><testcase classname="src.pages.gallery.awesome_panel_express_tests.test_share_links" file="src\pages\gallery\awesome_panel_express_tests\test_share_links.py" line="56" name="test_twitter" time="0.007"></testcase><testcase classname="src.pages.gallery.awesome_panel_express_tests.test_share_links" file="src\pages\gallery\awesome_panel_express_tests\test_share_links.py" line="65" name="test_reddit" time="0.005"></testcase><testcase classname="src.pages.gallery.awesome_panel_express_tests.test_spinners" file="src\pages\gallery\awesome_panel_express_tests\test_spinners.py" line="16" name="test_default_spinner" time="0.004"></testcase><testcase classname="src.pages.gallery.awesome_panel_express_tests.test_spinners" file="src\pages\gallery\awesome_panel_express_tests\test_spinners.py" line="22" name="test_all_spinners" time="0.006"></testcase><testcase classname="src.pages.gallery.awesome_panel_express_tests.test_spinners" file="src\pages\gallery\awesome_panel_express_tests\test_spinners.py" line="28" name="test_spinner_while_python_executing" time="0.003"></testcase><testcase classname="src.pages.gallery.awesome_panel_express_tests.test_spinners" file="src\pages\gallery\awesome_panel_express_tests\test_spinners.py" line="48" name="test_spinner_can_be_centered" time="0.005"></testcase></testsuite></testsuites>