<?xml version="1.0" encoding="utf-8"?><testsuites><testsuite errors="2" failures="0" hostname="PC81978" name="pytest" skipped="0" tests="2" time="8.300" timestamp="2020-06-05T08:04:01.535090"><testcase classname="" file="package/tests/test_web_component.py" name="package.tests.test_web_component" time="0.000"><error message="collection failure">package\tests\test_web_component.py:9: in &lt;module&gt;
    from panel.widgets import PARAMETER_TYPE, WebComponent
E   ImportError: cannot import name &apos;PARAMETER_TYPE&apos; from &apos;panel.widgets&apos; (c:\repos\private\awesome-panel\.venv\lib\site-packages\panel\widgets\__init__.py)</error><error message="collection failure">ImportError while importing test module &apos;C:\repos\private\awesome-panel\package\tests\test_web_component.py&apos;.
Hint: make sure your test modules/packages have valid Python names.
Traceback:
package\tests\test_web_component.py:9: in &lt;module&gt;
    from panel.widgets import PARAMETER_TYPE, WebComponent
E   ImportError: cannot import name &apos;PARAMETER_TYPE&apos; from &apos;panel.widgets&apos; (c:\repos\private\awesome-panel\.venv\lib\site-packages\panel\widgets\__init__.py)</error></testcase></testsuite></testsuites>